2025-11-10 01:03:19 - MasterRunner - INFO - ============================================================
2025-11-10 01:03:19 - MasterRunner - INFO - MASTER RUNNER STARTED
2025-11-10 01:03:19 - MasterRunner - INFO - Timestamp: 2025-11-10 01:03:19.730213
2025-11-10 01:03:19 - MasterRunner - INFO - Total scripts to run: 10
2025-11-10 01:03:19 - MasterRunner - INFO - ============================================================
2025-11-10 01:03:19 - MasterRunner - INFO - ============================================================
2025-11-10 01:03:19 - MasterRunner - INFO - Running: Categories (01_generate_categories.py)
2025-11-10 01:03:19 - MasterRunner - INFO - ============================================================
2025-11-10 01:03:19 - CategoryGenerator - INFO - ============================================================
2025-11-10 01:03:19 - CategoryGenerator - INFO - CATEGORY GENERATOR STARTED
2025-11-10 01:03:19 - CategoryGenerator - INFO - Timestamp: 2025-11-10 01:03:19.759884
2025-11-10 01:03:19 - CategoryGenerator - INFO - ============================================================
2025-11-10 01:03:19 - CategoryGenerator - INFO - Starting category generation - Batch size: 2
2025-11-10 01:03:19 - CategoryGenerator - INFO - ✓ Created category #47: Vitamins Slimming & Accessories
2025-11-10 01:03:19 - CategoryGenerator - INFO - ✓ Created category #48: Natural Bodycare
2025-11-10 01:03:19 - CategoryGenerator - INFO - ============================================================
2025-11-10 01:03:19 - CategoryGenerator - INFO - Generation Summary for CATEGORY
2025-11-10 01:03:19 - CategoryGenerator - INFO - Batch Size: 2
2025-11-10 01:03:19 - CategoryGenerator - INFO - Successfully Generated: 2
2025-11-10 01:03:19 - CategoryGenerator - INFO - Failed: 0
2025-11-10 01:03:19 - CategoryGenerator - INFO - Success Rate: 100.0%
2025-11-10 01:03:19 - CategoryGenerator - INFO - ============================================================
2025-11-10 01:03:19 - CategoryGenerator - INFO - Total categories in database: 48
2025-11-10 01:03:19 - CategoryGenerator - INFO - CATEGORY GENERATOR FINISHED
2025-11-10 01:03:19 - CategoryGenerator - INFO - ============================================================
2025-11-10 01:03:19 - MasterRunner - INFO - ✓ Categories completed successfully
2025-11-10 01:03:19 - MasterRunner - INFO - ============================================================
2025-11-10 01:03:19 - MasterRunner - INFO - Running: Suppliers (02_generate_suppliers.py)
2025-11-10 01:03:19 - MasterRunner - INFO - ============================================================
2025-11-10 01:03:19 - SupplierGenerator - INFO - ============================================================
2025-11-10 01:03:19 - SupplierGenerator - INFO - SUPPLIER GENERATOR STARTED
2025-11-10 01:03:19 - SupplierGenerator - INFO - Timestamp: 2025-11-10 01:03:19.815259
2025-11-10 01:03:19 - SupplierGenerator - INFO - ============================================================
2025-11-10 01:03:19 - SupplierGenerator - INFO - Starting supplier generation - Batch size: 3
2025-11-10 01:03:19 - SupplierGenerator - INFO - ✓ Created supplier #64: Healthcare Direct
2025-11-10 01:03:19 - SupplierGenerator - INFO - ✓ Created supplier #65: Premier Nutrition (ADNO)
2025-11-10 01:03:19 - SupplierGenerator - INFO - ✓ Created supplier #66: Metro Industries (NP)
2025-11-10 01:03:19 - SupplierGenerator - INFO - ============================================================
2025-11-10 01:03:19 - SupplierGenerator - INFO - Generation Summary for SUPPLIER
2025-11-10 01:03:19 - SupplierGenerator - INFO - Batch Size: 3
2025-11-10 01:03:19 - SupplierGenerator - INFO - Successfully Generated: 3
2025-11-10 01:03:19 - SupplierGenerator - INFO - Failed: 0
2025-11-10 01:03:19 - SupplierGenerator - INFO - Success Rate: 100.0%
2025-11-10 01:03:19 - SupplierGenerator - INFO - ============================================================
2025-11-10 01:03:19 - SupplierGenerator - INFO - Total suppliers in database: 66
2025-11-10 01:03:19 - SupplierGenerator - INFO - SUPPLIER GENERATOR FINISHED
2025-11-10 01:03:19 - SupplierGenerator - INFO - ============================================================
2025-11-10 01:03:19 - MasterRunner - INFO - ✓ Suppliers completed successfully
2025-11-10 01:03:19 - MasterRunner - INFO - ============================================================
2025-11-10 01:03:19 - MasterRunner - INFO - Running: Staff (03_generate_staff.py)
2025-11-10 01:03:19 - MasterRunner - INFO - ============================================================
2025-11-10 01:03:19 - StaffGenerator - INFO - ============================================================
2025-11-10 01:03:19 - StaffGenerator - INFO - STAFF GENERATOR STARTED
2025-11-10 01:03:19 - StaffGenerator - INFO - Timestamp: 2025-11-10 01:03:19.866177
2025-11-10 01:03:19 - StaffGenerator - INFO - ============================================================
2025-11-10 01:03:19 - StaffGenerator - INFO - Starting staff generation - Batch size: 2
2025-11-10 01:03:19 - StaffGenerator - INFO - ✓ Created staff #43: Sophia P 699584 (Health Advisor)
2025-11-10 01:03:19 - StaffGenerator - INFO - ✓ Created staff #44: Yuqing P 802474 (Assistant Manager)
2025-11-10 01:03:19 - StaffGenerator - INFO - ============================================================
2025-11-10 01:03:19 - StaffGenerator - INFO - Generation Summary for STAFF
2025-11-10 01:03:19 - StaffGenerator - INFO - Batch Size: 2
2025-11-10 01:03:19 - StaffGenerator - INFO - Successfully Generated: 2
2025-11-10 01:03:19 - StaffGenerator - INFO - Failed: 0
2025-11-10 01:03:19 - StaffGenerator - INFO - Success Rate: 100.0%
2025-11-10 01:03:19 - StaffGenerator - INFO - ============================================================
2025-11-10 01:03:19 - StaffGenerator - INFO - Total staff in database: 44
2025-11-10 01:03:19 - StaffGenerator - INFO - STAFF GENERATOR FINISHED
2025-11-10 01:03:19 - StaffGenerator - INFO - ============================================================
2025-11-10 01:03:19 - MasterRunner - INFO - ✓ Staff completed successfully
2025-11-10 01:03:19 - MasterRunner - INFO - ============================================================
2025-11-10 01:03:19 - MasterRunner - INFO - Running: Machines (04_generate_machines.py)
2025-11-10 01:03:19 - MasterRunner - INFO - ============================================================
2025-11-10 01:03:19 - MachineGenerator - INFO - ============================================================
2025-11-10 01:03:19 - MachineGenerator - INFO - MACHINE GENERATOR STARTED
2025-11-10 01:03:19 - MachineGenerator - INFO - Timestamp: 2025-11-10 01:03:19.918147
2025-11-10 01:03:19 - MachineGenerator - INFO - ============================================================
2025-11-10 01:03:19 - MachineGenerator - INFO - Starting machine generation - Batch size: 1
2025-11-10 01:03:19 - MachineGenerator - WARNING - Could not generate unique machine name after max retries
2025-11-10 01:03:19 - MachineGenerator - INFO - ============================================================
2025-11-10 01:03:19 - MachineGenerator - INFO - Generation Summary for MACHINE
2025-11-10 01:03:19 - MachineGenerator - INFO - Batch Size: 1
2025-11-10 01:03:19 - MachineGenerator - INFO - Successfully Generated: 0
2025-11-10 01:03:19 - MachineGenerator - INFO - Failed: 1
2025-11-10 01:03:19 - MachineGenerator - INFO - Success Rate: 0.0%
2025-11-10 01:03:19 - MachineGenerator - INFO - ============================================================
2025-11-10 01:03:19 - MachineGenerator - INFO - Total machines in database: 15
2025-11-10 01:03:19 - MachineGenerator - INFO - MACHINE GENERATOR FINISHED
2025-11-10 01:03:19 - MachineGenerator - INFO - ============================================================
2025-11-10 01:03:19 - MasterRunner - ERROR - Script failed with exit code 1
2025-11-10 01:03:19 - MasterRunner - ERROR - Error output: 2025-11-10 01:03:19 - MachineGenerator - INFO - ============================================================
2025-11-10 01:03:19 - MachineGenerator - INFO - MACHINE GENERATOR STARTED
2025-11-10 01:03:19 - MachineGenerator - INFO - Timestamp: 2025-11-10 01:03:19.918147
2025-11-10 01:03:19 - MachineGenerator - INFO - ============================================================
2025-11-10 01:03:19 - MachineGenerator - INFO - Starting machine generation - Batch size: 1
2025-11-10 01:03:19 - MachineGenerator - WARNING - Could not generate unique machine name after max retries
2025-11-10 01:03:19 - MachineGenerator - INFO - ============================================================
2025-11-10 01:03:19 - MachineGenerator - INFO - Generation Summary for MACHINE
2025-11-10 01:03:19 - MachineGenerator - INFO - Batch Size: 1
2025-11-10 01:03:19 - MachineGenerator - INFO - Successfully Generated: 0
2025-11-10 01:03:19 - MachineGenerator - INFO - Failed: 1
2025-11-10 01:03:19 - MachineGenerator - INFO - Success Rate: 0.0%
2025-11-10 01:03:19 - MachineGenerator - INFO - ============================================================
2025-11-10 01:03:19 - MachineGenerator - INFO - Total machines in database: 15
2025-11-10 01:03:19 - MachineGenerator - INFO - MACHINE GENERATOR FINISHED
2025-11-10 01:03:19 - MachineGenerator - INFO - ============================================================

2025-11-10 01:03:19 - MasterRunner - WARNING - Script Machines failed. Continuing to next script...
2025-11-10 01:03:19 - MasterRunner - INFO - ============================================================
2025-11-10 01:03:19 - MasterRunner - INFO - Running: Payment Methods (05_generate_payment_methods.py)
2025-11-10 01:03:19 - MasterRunner - INFO - ============================================================
2025-11-10 01:03:19 - PaymentMethodGenerator - INFO - ============================================================
2025-11-10 01:03:19 - PaymentMethodGenerator - INFO - PAYMENT METHOD GENERATOR STARTED
2025-11-10 01:03:19 - PaymentMethodGenerator - INFO - Timestamp: 2025-11-10 01:03:19.963483
2025-11-10 01:03:19 - PaymentMethodGenerator - INFO - ============================================================
2025-11-10 01:03:19 - PaymentMethodGenerator - INFO - Starting payment method generation - Batch size: 1
2025-11-10 01:03:19 - PaymentMethodGenerator - WARNING - Could not generate unique payment method name after max retries
2025-11-10 01:03:19 - PaymentMethodGenerator - INFO - ============================================================
2025-11-10 01:03:19 - PaymentMethodGenerator - INFO - Generation Summary for PAYMENT_METHOD
2025-11-10 01:03:19 - PaymentMethodGenerator - INFO - Batch Size: 1
2025-11-10 01:03:19 - PaymentMethodGenerator - INFO - Successfully Generated: 0
2025-11-10 01:03:19 - PaymentMethodGenerator - INFO - Failed: 1
2025-11-10 01:03:19 - PaymentMethodGenerator - INFO - Success Rate: 0.0%
2025-11-10 01:03:19 - PaymentMethodGenerator - INFO - ============================================================
2025-11-10 01:03:19 - PaymentMethodGenerator - INFO - Total payment methods in database: 18
2025-11-10 01:03:19 - PaymentMethodGenerator - INFO - PAYMENT METHOD GENERATOR FINISHED
2025-11-10 01:03:19 - PaymentMethodGenerator - INFO - ============================================================
2025-11-10 01:03:19 - MasterRunner - ERROR - Script failed with exit code 1
2025-11-10 01:03:19 - MasterRunner - ERROR - Error output: 2025-11-10 01:03:19 - PaymentMethodGenerator - INFO - ============================================================
2025-11-10 01:03:19 - PaymentMethodGenerator - INFO - PAYMENT METHOD GENERATOR STARTED
2025-11-10 01:03:19 - PaymentMethodGenerator - INFO - Timestamp: 2025-11-10 01:03:19.963483
2025-11-10 01:03:19 - PaymentMethodGenerator - INFO - ============================================================
2025-11-10 01:03:19 - PaymentMethodGenerator - INFO - Starting payment method generation - Batch size: 1
2025-11-10 01:03:19 - PaymentMethodGenerator - WARNING - Could not generate unique payment method name after max retries
2025-11-10 01:03:19 - PaymentMethodGenerator - INFO - ============================================================
2025-11-10 01:03:19 - PaymentMethodGenerator - INFO - Generation Summary for PAYMENT_METHOD
2025-11-10 01:03:19 - PaymentMethodGenerator - INFO - Batch Size: 1
2025-11-10 01:03:19 - PaymentMethodGenerator - INFO - Successfully Generated: 0
2025-11-10 01:03:19 - PaymentMethodGenerator - INFO - Failed: 1
2025-11-10 01:03:19 - PaymentMethodGenerator - INFO - Success Rate: 0.0%
2025-11-10 01:03:19 - PaymentMethodGenerator - INFO - ============================================================
2025-11-10 01:03:19 - PaymentMethodGenerator - INFO - Total payment methods in database: 18
2025-11-10 01:03:19 - PaymentMethodGenerator - INFO - PAYMENT METHOD GENERATOR FINISHED
2025-11-10 01:03:19 - PaymentMethodGenerator - INFO - ============================================================

2025-11-10 01:03:19 - MasterRunner - WARNING - Script Payment Methods failed. Continuing to next script...
2025-11-10 01:03:19 - MasterRunner - INFO - ============================================================
2025-11-10 01:03:19 - MasterRunner - INFO - Running: Transaction Types (06_generate_transaction_types.py)
2025-11-10 01:03:19 - MasterRunner - INFO - ============================================================
2025-11-10 01:03:20 - TransactionTypeGenerator - INFO - ============================================================
2025-11-10 01:03:20 - TransactionTypeGenerator - INFO - TRANSACTION TYPE GENERATOR STARTED
2025-11-10 01:03:20 - TransactionTypeGenerator - INFO - Timestamp: 2025-11-10 01:03:20.005466
2025-11-10 01:03:20 - TransactionTypeGenerator - INFO - ============================================================
2025-11-10 01:03:20 - TransactionTypeGenerator - INFO - Starting transaction type generation - Batch size: 1
2025-11-10 01:03:20 - TransactionTypeGenerator - WARNING - Could not generate unique transaction type name after max retries
2025-11-10 01:03:20 - TransactionTypeGenerator - INFO - ============================================================
2025-11-10 01:03:20 - TransactionTypeGenerator - INFO - Generation Summary for TRANSACTION_TYPE
2025-11-10 01:03:20 - TransactionTypeGenerator - INFO - Batch Size: 1
2025-11-10 01:03:20 - TransactionTypeGenerator - INFO - Successfully Generated: 0
2025-11-10 01:03:20 - TransactionTypeGenerator - INFO - Failed: 1
2025-11-10 01:03:20 - TransactionTypeGenerator - INFO - Success Rate: 0.0%
2025-11-10 01:03:20 - TransactionTypeGenerator - INFO - ============================================================
2025-11-10 01:03:20 - TransactionTypeGenerator - INFO - Total transaction types in database: 12
2025-11-10 01:03:20 - TransactionTypeGenerator - INFO - TRANSACTION TYPE GENERATOR FINISHED
2025-11-10 01:03:20 - TransactionTypeGenerator - INFO - ============================================================
2025-11-10 01:03:20 - MasterRunner - ERROR - Script failed with exit code 1
2025-11-10 01:03:20 - MasterRunner - ERROR - Error output: 2025-11-10 01:03:20 - TransactionTypeGenerator - INFO - ============================================================
2025-11-10 01:03:20 - TransactionTypeGenerator - INFO - TRANSACTION TYPE GENERATOR STARTED
2025-11-10 01:03:20 - TransactionTypeGenerator - INFO - Timestamp: 2025-11-10 01:03:20.005466
2025-11-10 01:03:20 - TransactionTypeGenerator - INFO - ============================================================
2025-11-10 01:03:20 - TransactionTypeGenerator - INFO - Starting transaction type generation - Batch size: 1
2025-11-10 01:03:20 - TransactionTypeGenerator - WARNING - Could not generate unique transaction type name after max retries
2025-11-10 01:03:20 - TransactionTypeGenerator - INFO - ============================================================
2025-11-10 01:03:20 - TransactionTypeGenerator - INFO - Generation Summary for TRANSACTION_TYPE
2025-11-10 01:03:20 - TransactionTypeGenerator - INFO - Batch Size: 1
2025-11-10 01:03:20 - TransactionTypeGenerator - INFO - Successfully Generated: 0
2025-11-10 01:03:20 - TransactionTypeGenerator - INFO - Failed: 1
2025-11-10 01:03:20 - TransactionTypeGenerator - INFO - Success Rate: 0.0%
2025-11-10 01:03:20 - TransactionTypeGenerator - INFO - ============================================================
2025-11-10 01:03:20 - TransactionTypeGenerator - INFO - Total transaction types in database: 12
2025-11-10 01:03:20 - TransactionTypeGenerator - INFO - TRANSACTION TYPE GENERATOR FINISHED
2025-11-10 01:03:20 - TransactionTypeGenerator - INFO - ============================================================

2025-11-10 01:03:20 - MasterRunner - WARNING - Script Transaction Types failed. Continuing to next script...
2025-11-10 01:03:20 - MasterRunner - INFO - ============================================================
2025-11-10 01:03:20 - MasterRunner - INFO - Running: Product Groups (07_generate_product_groups.py)
2025-11-10 01:03:20 - MasterRunner - INFO - ============================================================
2025-11-10 01:03:20 - ProductGroupGenerator - INFO - ============================================================
2025-11-10 01:03:20 - ProductGroupGenerator - INFO - PRODUCT GROUP GENERATOR STARTED
2025-11-10 01:03:20 - ProductGroupGenerator - INFO - Timestamp: 2025-11-10 01:03:20.051434
2025-11-10 01:03:20 - ProductGroupGenerator - INFO - ============================================================
2025-11-10 01:03:20 - ProductGroupGenerator - INFO - Starting product group generation - Batch size: 3
2025-11-10 01:03:20 - ProductGroupGenerator - INFO - ✓ Created product group #64: Vitamins Series (Category: 18)
2025-11-10 01:03:20 - ProductGroupGenerator - INFO - ✓ Created product group #65: Private Label Tapes/Strapping (Category: 16)
2025-11-10 01:03:20 - ProductGroupGenerator - INFO - ✓ Created product group #66: MCo Beauty (Category: 39)
2025-11-10 01:03:20 - ProductGroupGenerator - INFO - ============================================================
2025-11-10 01:03:20 - ProductGroupGenerator - INFO - Generation Summary for PRODUCT_GROUP
2025-11-10 01:03:20 - ProductGroupGenerator - INFO - Batch Size: 3
2025-11-10 01:03:20 - ProductGroupGenerator - INFO - Successfully Generated: 3
2025-11-10 01:03:20 - ProductGroupGenerator - INFO - Failed: 0
2025-11-10 01:03:20 - ProductGroupGenerator - INFO - Success Rate: 100.0%
2025-11-10 01:03:20 - ProductGroupGenerator - INFO - ============================================================
2025-11-10 01:03:20 - ProductGroupGenerator - INFO - Total product groups in database: 66
2025-11-10 01:03:20 - ProductGroupGenerator - INFO - PRODUCT GROUP GENERATOR FINISHED
2025-11-10 01:03:20 - ProductGroupGenerator - INFO - ============================================================
2025-11-10 01:03:20 - MasterRunner - INFO - ✓ Product Groups completed successfully
2025-11-10 01:03:20 - MasterRunner - INFO - ============================================================
2025-11-10 01:03:20 - MasterRunner - INFO - Running: Products (08_generate_products.py)
2025-11-10 01:03:20 - MasterRunner - INFO - ============================================================
2025-11-10 01:03:20 - ProductGenerator - INFO - ============================================================
2025-11-10 01:03:20 - ProductGenerator - INFO - PRODUCT GENERATOR STARTED
2025-11-10 01:03:20 - ProductGenerator - INFO - Timestamp: 2025-11-10 01:03:20.093621
2025-11-10 01:03:20 - ProductGenerator - INFO - ============================================================
2025-11-10 01:03:20 - ProductGenerator - INFO - Starting product generation - Batch size: 10
2025-11-10 01:03:20 - ProductGenerator - INFO - ✓ Created product PLU 7217: Cream 30 Tablets... (SOH: 78, Cost: $47.92)
2025-11-10 01:03:20 - ProductGenerator - INFO - ✓ Created product PLU 40652: Formula 50g... (SOH: 76, Cost: $8.20)
2025-11-10 01:03:20 - ProductGenerator - INFO - ✓ Created product PLU 62003: Listerine Daily Balm 250g... (SOH: 33, Cost: $4.67)
2025-11-10 01:03:20 - ProductGenerator - INFO - ✓ Created product PLU 55960: Colgate Relief Tablets 200g... (SOH: 0, Cost: $6.72)
2025-11-10 01:03:20 - ProductGenerator - INFO - ✓ Created product PLU 998: Huggies Support 125g... (SOH: 45, Cost: $5.52)
2025-11-10 01:03:20 - ProductGenerator - INFO - ✓ Created product PLU 1520: Colgate Protection Gel 150ml... (SOH: 5, Cost: $29.18)
2025-11-10 01:03:20 - ProductGenerator - INFO - ✓ Created product PLU 34169: Swisse Oil Spray 125ml... (SOH: 38, Cost: $9.87)
2025-11-10 01:03:20 - ProductGenerator - INFO - ✓ Created product PLU 389775: Panadol Wash Tablets 200g... (SOH: 35, Cost: $17.82)
2025-11-10 01:03:20 - ProductGenerator - INFO - ✓ Created product PLU 13666: Libra Natural Capsules 150g... (SOH: 56, Cost: $4.82)
2025-11-10 01:03:20 - ProductGenerator - INFO - ✓ Created product PLU 5000: Wash 30 Tablets... (SOH: 70, Cost: $20.62)
2025-11-10 01:03:20 - ProductGenerator - INFO - ============================================================
2025-11-10 01:03:20 - ProductGenerator - INFO - Generation Summary for PRODUCT
2025-11-10 01:03:20 - ProductGenerator - INFO - Batch Size: 10
2025-11-10 01:03:20 - ProductGenerator - INFO - Successfully Generated: 10
2025-11-10 01:03:20 - ProductGenerator - INFO - Failed: 0
2025-11-10 01:03:20 - ProductGenerator - INFO - Success Rate: 100.0%
2025-11-10 01:03:20 - ProductGenerator - INFO - ============================================================
2025-11-10 01:03:20 - ProductGenerator - INFO - Total products in database: 220
2025-11-10 01:03:20 - ProductGenerator - INFO - PRODUCT GENERATOR FINISHED
2025-11-10 01:03:20 - ProductGenerator - INFO - ============================================================
2025-11-10 01:03:20 - MasterRunner - INFO - ✓ Products completed successfully
2025-11-10 01:03:20 - MasterRunner - INFO - ============================================================
2025-11-10 01:03:20 - MasterRunner - INFO - Running: Transaction Headers (09_generate_transaction_headers.py)
2025-11-10 01:03:20 - MasterRunner - INFO - ============================================================
2025-11-10 01:03:20 - TransactionHeaderGenerator - INFO - ============================================================
2025-11-10 01:03:20 - TransactionHeaderGenerator - INFO - TRANSACTION HEADER GENERATOR STARTED
2025-11-10 01:03:20 - TransactionHeaderGenerator - INFO - Timestamp: 2025-11-10 01:03:20.277936
2025-11-10 01:03:20 - TransactionHeaderGenerator - INFO - ============================================================
2025-11-10 01:03:20 - TransactionHeaderGenerator - INFO - Starting transaction header generation - Batch size: 20
2025-11-10 01:03:20 - TransactionHeaderGenerator - INFO - ✓ Created transaction #421: 2025-11-04 11:44:07 on Machine #13
2025-11-10 01:03:20 - TransactionHeaderGenerator - INFO - ✓ Created transaction #422: 2025-10-14 13:45:55 on Machine #11
2025-11-10 01:03:20 - TransactionHeaderGenerator - INFO - ✓ Created transaction #423: 2025-10-15 13:49:01 on Machine #10
2025-11-10 01:03:20 - TransactionHeaderGenerator - INFO - ✓ Created transaction #424: 2025-10-01 11:53:10 on Machine #7
2025-11-10 01:03:20 - TransactionHeaderGenerator - INFO - ✓ Created transaction #425: 2025-10-30 14:17:08 on Machine #5
2025-11-10 01:03:20 - TransactionHeaderGenerator - INFO - ✓ Created transaction #426: 2025-10-07 11:07:10 on Machine #13
2025-11-10 01:03:20 - TransactionHeaderGenerator - INFO - ✓ Created transaction #427: 2025-10-08 18:23:29 on Machine #5
2025-11-10 01:03:20 - TransactionHeaderGenerator - INFO - ✓ Created transaction #428: 2025-09-20 21:45:37 on Machine #11
2025-11-10 01:03:20 - TransactionHeaderGenerator - INFO - ✓ Created transaction #429: 2025-10-08 12:28:01 on Machine #15
2025-11-10 01:03:20 - TransactionHeaderGenerator - INFO - ✓ Created transaction #430: 2025-09-27 08:00:24 on Machine #8
2025-11-10 01:03:20 - TransactionHeaderGenerator - INFO - ✓ Created transaction #431: 2025-09-11 12:06:47 on Machine #4
2025-11-10 01:03:20 - TransactionHeaderGenerator - INFO - ✓ Created transaction #432: 2025-09-17 14:22:27 on Machine #3
2025-11-10 01:03:20 - TransactionHeaderGenerator - INFO - ✓ Created transaction #433: 2025-09-29 18:02:21 on Machine #10 [Staff Purchase]
2025-11-10 01:03:20 - TransactionHeaderGenerator - INFO - ✓ Created transaction #434: 2025-08-21 14:08:55 on Machine #11
2025-11-10 01:03:20 - TransactionHeaderGenerator - INFO - ✓ Created transaction #435: 2025-09-19 17:26:32 on Machine #12
2025-11-10 01:03:20 - TransactionHeaderGenerator - INFO - ✓ Created transaction #436: 2025-08-17 18:59:17 on Machine #10
2025-11-10 01:03:20 - TransactionHeaderGenerator - INFO - ✓ Created transaction #437: 2025-08-15 09:05:13 on Machine #7
2025-11-10 01:03:20 - TransactionHeaderGenerator - INFO - ✓ Created transaction #438: 2025-09-08 14:09:26 on Machine #1
2025-11-10 01:03:20 - TransactionHeaderGenerator - INFO - ✓ Created transaction #439: 2025-08-28 20:40:07 on Machine #8
2025-11-10 01:03:20 - TransactionHeaderGenerator - INFO - ✓ Created transaction #440: 2025-08-25 21:00:31 on Machine #1
2025-11-10 01:03:20 - TransactionHeaderGenerator - INFO - ============================================================
2025-11-10 01:03:20 - TransactionHeaderGenerator - INFO - Generation Summary for TRANSACTION_HEADER
2025-11-10 01:03:20 - TransactionHeaderGenerator - INFO - Batch Size: 20
2025-11-10 01:03:20 - TransactionHeaderGenerator - INFO - Successfully Generated: 20
2025-11-10 01:03:20 - TransactionHeaderGenerator - INFO - Failed: 0
2025-11-10 01:03:20 - TransactionHeaderGenerator - INFO - Success Rate: 100.0%
2025-11-10 01:03:20 - TransactionHeaderGenerator - INFO - ============================================================
2025-11-10 01:03:20 - TransactionHeaderGenerator - INFO - Total transaction headers in database: 440
2025-11-10 01:03:20 - TransactionHeaderGenerator - INFO - TRANSACTION HEADER GENERATOR FINISHED
2025-11-10 01:03:20 - TransactionHeaderGenerator - INFO - ============================================================
2025-11-10 01:03:20 - MasterRunner - INFO - ✓ Transaction Headers completed successfully
2025-11-10 01:03:20 - MasterRunner - INFO - ============================================================
2025-11-10 01:03:20 - MasterRunner - INFO - Running: Transaction Lines (10_generate_transaction_lines.py)
2025-11-10 01:03:20 - MasterRunner - INFO - ============================================================
2025-11-10 01:03:20 - TransactionLineGenerator - INFO - ============================================================
2025-11-10 01:03:20 - TransactionLineGenerator - INFO - TRANSACTION LINE GENERATOR STARTED
2025-11-10 01:03:20 - TransactionLineGenerator - INFO - Timestamp: 2025-11-10 01:03:20.419099
2025-11-10 01:03:20 - TransactionLineGenerator - INFO - ============================================================
2025-11-10 01:03:20 - TransactionLineGenerator - INFO - Starting transaction line generation - Batch size: 50
2025-11-10 01:03:20 - TransactionLineGenerator - INFO - ✓ Created line #1051: Transaction #330, PLU 406622, Qty 1, $27.69
2025-11-10 01:03:20 - TransactionLineGenerator - INFO - ✓ Created line #1052: Transaction #27, PLU 465, Qty 2, $25.58
2025-11-10 01:03:20 - TransactionLineGenerator - INFO - ✓ Created line #1053: Transaction #386, PLU 726738, Qty 1, $132.79
2025-11-10 01:03:20 - TransactionLineGenerator - INFO - ✓ Created line #1054: Transaction #373, PLU 7816, Qty 1, $76.49
2025-11-10 01:03:20 - TransactionLineGenerator - INFO - ✓ Created line #1055: Transaction #100, PLU 6540, Qty 2, $35.38
2025-11-10 01:03:20 - TransactionLineGenerator - INFO - ✓ Created line #1056: Transaction #278, PLU 928602, Qty 1, $37.79
2025-11-10 01:03:20 - TransactionLineGenerator - INFO - ✓ Created line #1057: Transaction #327, PLU 6130, Qty 4, $214.05 (20.0% off)
2025-11-10 01:03:20 - TransactionLineGenerator - INFO - ✓ Created line #1058: Transaction #79, PLU 7648, Qty 2, $179.38
2025-11-10 01:03:20 - TransactionLineGenerator - INFO - ✓ Created line #1059: Transaction #200, PLU 7923, Qty 2, $75.58
2025-11-10 01:03:20 - TransactionLineGenerator - INFO - ✓ Created line #1060: Transaction #169, PLU 50859, Qty 1, $22.69
2025-11-10 01:03:20 - TransactionLineGenerator - INFO - ✓ Created line #1061: Transaction #298, PLU 43373, Qty 3, $71.37
2025-11-10 01:03:20 - TransactionLineGenerator - INFO - ✓ Created line #1062: Transaction #404, PLU 43612, Qty 1, $42.79
2025-11-10 01:03:20 - TransactionLineGenerator - INFO - ✓ Created line #1063: Transaction #127, PLU 43158, Qty 3, $152.07
2025-11-10 01:03:20 - TransactionLineGenerator - INFO - ✓ Created line #1064: Transaction #402, PLU 8578, Qty 1, $14.89
2025-11-10 01:03:20 - TransactionLineGenerator - INFO - ✓ Created line #1065: Transaction #165, PLU 431, Qty 3, $85.47
2025-11-10 01:03:20 - TransactionLineGenerator - INFO - ✓ Created line #1066: Transaction #425, PLU 734286, Qty 5, $69.95
2025-11-10 01:03:20 - TransactionLineGenerator - INFO - ✓ Created line #1067: Transaction #104, PLU 326, Qty 1, $35.99
2025-11-10 01:03:20 - TransactionLineGenerator - INFO - ✓ Created line #1068: Transaction #324, PLU 8777, Qty 1, $3.69
2025-11-10 01:03:20 - TransactionLineGenerator - INFO - ✓ Created line #1069: Transaction #135, PLU 74951, Qty 1, $42.49
2025-11-10 01:03:20 - TransactionLineGenerator - INFO - ✓ Created line #1070: Transaction #139, PLU 1083, Qty 1, $160.69
2025-11-10 01:03:20 - TransactionLineGenerator - INFO - ✓ Created line #1071: Transaction #17, PLU 6845, Qty 4, $131.96
2025-11-10 01:03:20 - TransactionLineGenerator - INFO - ✓ Created line #1072: Transaction #276, PLU 579777, Qty 1, $47.49
2025-11-10 01:03:20 - TransactionLineGenerator - INFO - ✓ Created line #1073: Transaction #385, PLU 31672, Qty 10, $279.90
2025-11-10 01:03:20 - TransactionLineGenerator - INFO - ✓ Created line #1074: Transaction #230, PLU 841651, Qty 4, $730.76
2025-11-10 01:03:20 - TransactionLineGenerator - INFO - ✓ Created line #1075: Transaction #336, PLU 653, Qty 1, $15.95
2025-11-10 01:03:20 - TransactionLineGenerator - INFO - ✓ Created line #1076: Transaction #222, PLU 50133, Qty 1, $63.89
2025-11-10 01:03:20 - TransactionLineGenerator - INFO - ✓ Created line #1077: Transaction #248, PLU 75803, Qty 5, $168.45
2025-11-10 01:03:20 - TransactionLineGenerator - INFO - ✓ Created line #1078: Transaction #280, PLU 2894, Qty 1, $156.69
2025-11-10 01:03:20 - TransactionLineGenerator - INFO - ✓ Created line #1079: Transaction #185, PLU 539424, Qty 1, $17.95
2025-11-10 01:03:20 - TransactionLineGenerator - INFO - ✓ Created line #1080: Transaction #294, PLU 953926, Qty 1, $23.49
2025-11-10 01:03:20 - TransactionLineGenerator - INFO - ✓ Created line #1081: Transaction #84, PLU 40642, Qty 7, $255.43
2025-11-10 01:03:20 - TransactionLineGenerator - INFO - ✓ Created line #1082: Transaction #59, PLU 6518, Qty 4, $375.80
2025-11-10 01:03:20 - TransactionLineGenerator - INFO - ✓ Created line #1083: Transaction #279, PLU 972, Qty 1, $38.69
2025-11-10 01:03:20 - TransactionLineGenerator - INFO - ✓ Created line #1084: Transaction #247, PLU 486475, Qty 1, $88.69
2025-11-10 01:03:20 - TransactionLineGenerator - INFO - ✓ Created line #1085: Transaction #402, PLU 732812, Qty 1, $39.89
2025-11-10 01:03:20 - TransactionLineGenerator - INFO - ✓ Created line #1086: Transaction #438, PLU 25303, Qty 1, $61.95
2025-11-10 01:03:20 - TransactionLineGenerator - INFO - ✓ Created line #1087: Transaction #82, PLU 58830, Qty 1, $5.69
2025-11-10 01:03:20 - TransactionLineGenerator - INFO - ✓ Created line #1088: Transaction #38, PLU 57416, Qty 1, $10.89
2025-11-10 01:03:20 - TransactionLineGenerator - INFO - ✓ Created line #1089: Transaction #180, PLU 629, Qty 3, $83.07
2025-11-10 01:03:20 - TransactionLineGenerator - INFO - ✓ Created line #1090: Transaction #163, PLU 37641, Qty 1, $16.95
2025-11-10 01:03:20 - TransactionLineGenerator - INFO - ✓ Created line #1091: Transaction #381, PLU 15130, Qty 1, $20.79
2025-11-10 01:03:20 - TransactionLineGenerator - INFO - ✓ Created line #1092: Transaction #89, PLU 58037, Qty 1, $16.89
2025-11-10 01:03:20 - TransactionLineGenerator - INFO - ✓ Created line #1093: Transaction #193, PLU 8707, Qty 1, $62.79
2025-11-10 01:03:20 - TransactionLineGenerator - INFO - ✓ Created line #1094: Transaction #292, PLU 2387, Qty 1, $55.89
2025-11-10 01:03:20 - TransactionLineGenerator - INFO - ✓ Created line #1095: Transaction #176, PLU 67741, Qty 1, $32.79
2025-11-10 01:03:20 - TransactionLineGenerator - INFO - ✓ Created line #1096: Transaction #166, PLU 41616, Qty 1, $16.89
2025-11-10 01:03:20 - TransactionLineGenerator - INFO - ✓ Created line #1097: Transaction #262, PLU 541, Qty 1, $53.89
2025-11-10 01:03:20 - TransactionLineGenerator - INFO - ✓ Created line #1098: Transaction #285, PLU 6932, Qty 1, $5.89
2025-11-10 01:03:20 - TransactionLineGenerator - INFO - ✓ Created line #1099: Transaction #274, PLU 45942, Qty 1, $124.99
2025-11-10 01:03:20 - TransactionLineGenerator - INFO - ✓ Created line #1100: Transaction #272, PLU 74951, Qty 1, $29.49
2025-11-10 01:03:20 - TransactionLineGenerator - INFO - ============================================================
2025-11-10 01:03:20 - TransactionLineGenerator - INFO - Generation Summary for TRANSACTION_LINE
2025-11-10 01:03:20 - TransactionLineGenerator - INFO - Batch Size: 50
2025-11-10 01:03:20 - TransactionLineGenerator - INFO - Successfully Generated: 50
2025-11-10 01:03:20 - TransactionLineGenerator - INFO - Failed: 0
2025-11-10 01:03:20 - TransactionLineGenerator - INFO - Success Rate: 100.0%
2025-11-10 01:03:20 - TransactionLineGenerator - INFO - ============================================================
2025-11-10 01:03:20 - TransactionLineGenerator - INFO - Total transaction lines in database: 1100
2025-11-10 01:03:20 - TransactionLineGenerator - INFO - Transactions with line items: 323/440
2025-11-10 01:03:20 - TransactionLineGenerator - INFO - TRANSACTION LINE GENERATOR FINISHED
2025-11-10 01:03:20 - TransactionLineGenerator - INFO - ============================================================
2025-11-10 01:03:20 - MasterRunner - INFO - ✓ Transaction Lines completed successfully
2025-11-10 01:03:20 - MasterRunner - INFO - ============================================================
2025-11-10 01:03:20 - MasterRunner - INFO - MASTER RUNNER SUMMARY
2025-11-10 01:03:20 - MasterRunner - INFO - ============================================================
2025-11-10 01:03:20 - MasterRunner - INFO - Total Scripts: 10
2025-11-10 01:03:20 - MasterRunner - INFO - Successful: 7
2025-11-10 01:03:20 - MasterRunner - INFO - Failed: 3
2025-11-10 01:03:20 - MasterRunner - WARNING - Failed scripts:
2025-11-10 01:03:20 - MasterRunner - WARNING -   - Machines
2025-11-10 01:03:20 - MasterRunner - WARNING -   - Payment Methods
2025-11-10 01:03:20 - MasterRunner - WARNING -   - Transaction Types
2025-11-10 01:03:20 - MasterRunner - INFO - ============================================================
