2025-11-09 00:11:07 - MasterRunner - INFO - ============================================================
2025-11-09 00:11:07 - MasterRunner - INFO - MASTER RUNNER STARTED
2025-11-09 00:11:07 - MasterRunner - INFO - Timestamp: 2025-11-09 00:11:07.759966
2025-11-09 00:11:07 - MasterRunner - INFO - Total scripts to run: 10
2025-11-09 00:11:07 - MasterRunner - INFO - ============================================================
2025-11-09 00:11:07 - MasterRunner - INFO - ============================================================
2025-11-09 00:11:07 - MasterRunner - INFO - Running: Categories (01_generate_categories.py)
2025-11-09 00:11:07 - MasterRunner - INFO - ============================================================
2025-11-09 00:11:07 - CategoryGenerator - INFO - ============================================================
2025-11-09 00:11:07 - CategoryGenerator - INFO - CATEGORY GENERATOR STARTED
2025-11-09 00:11:07 - CategoryGenerator - INFO - Timestamp: 2025-11-09 00:11:07.787066
2025-11-09 00:11:07 - CategoryGenerator - INFO - ============================================================
2025-11-09 00:11:07 - CategoryGenerator - INFO - Starting category generation - Batch size: 2
2025-11-09 00:11:07 - CategoryGenerator - INFO - ✓ Created category #21: Essentials
2025-11-09 00:11:07 - CategoryGenerator - INFO - ✓ Created category #22: First Aid
2025-11-09 00:11:07 - CategoryGenerator - INFO - ============================================================
2025-11-09 00:11:07 - CategoryGenerator - INFO - Generation Summary for CATEGORY
2025-11-09 00:11:07 - CategoryGenerator - INFO - Batch Size: 2
2025-11-09 00:11:07 - CategoryGenerator - INFO - Successfully Generated: 2
2025-11-09 00:11:07 - CategoryGenerator - INFO - Failed: 0
2025-11-09 00:11:07 - CategoryGenerator - INFO - Success Rate: 100.0%
2025-11-09 00:11:07 - CategoryGenerator - INFO - ============================================================
2025-11-09 00:11:07 - CategoryGenerator - INFO - Total categories in database: 22
2025-11-09 00:11:07 - CategoryGenerator - INFO - CATEGORY GENERATOR FINISHED
2025-11-09 00:11:07 - CategoryGenerator - INFO - ============================================================
2025-11-09 00:11:07 - MasterRunner - INFO - ✓ Categories completed successfully
2025-11-09 00:11:07 - MasterRunner - INFO - ============================================================
2025-11-09 00:11:07 - MasterRunner - INFO - Running: Suppliers (02_generate_suppliers.py)
2025-11-09 00:11:07 - MasterRunner - INFO - ============================================================
2025-11-09 00:11:07 - SupplierGenerator - INFO - ============================================================
2025-11-09 00:11:07 - SupplierGenerator - INFO - SUPPLIER GENERATOR STARTED
2025-11-09 00:11:07 - SupplierGenerator - INFO - Timestamp: 2025-11-09 00:11:07.825901
2025-11-09 00:11:07 - SupplierGenerator - INFO - ============================================================
2025-11-09 00:11:07 - SupplierGenerator - INFO - Starting supplier generation - Batch size: 3
2025-11-09 00:11:07 - SupplierGenerator - INFO - ✓ Created supplier #25: Australian Australia (MEDT)
2025-11-09 00:11:07 - SupplierGenerator - INFO - ✓ Created supplier #26: Advanced Supplements (LLUX)
2025-11-09 00:11:07 - SupplierGenerator - INFO - ✓ Created supplier #27: RST Wholesale
2025-11-09 00:11:07 - SupplierGenerator - INFO - ============================================================
2025-11-09 00:11:07 - SupplierGenerator - INFO - Generation Summary for SUPPLIER
2025-11-09 00:11:07 - SupplierGenerator - INFO - Batch Size: 3
2025-11-09 00:11:07 - SupplierGenerator - INFO - Successfully Generated: 3
2025-11-09 00:11:07 - SupplierGenerator - INFO - Failed: 0
2025-11-09 00:11:07 - SupplierGenerator - INFO - Success Rate: 100.0%
2025-11-09 00:11:07 - SupplierGenerator - INFO - ============================================================
2025-11-09 00:11:07 - SupplierGenerator - INFO - Total suppliers in database: 27
2025-11-09 00:11:07 - SupplierGenerator - INFO - SUPPLIER GENERATOR FINISHED
2025-11-09 00:11:07 - SupplierGenerator - INFO - ============================================================
2025-11-09 00:11:07 - MasterRunner - INFO - ✓ Suppliers completed successfully
2025-11-09 00:11:07 - MasterRunner - INFO - ============================================================
2025-11-09 00:11:07 - MasterRunner - INFO - Running: Staff (03_generate_staff.py)
2025-11-09 00:11:07 - MasterRunner - INFO - ============================================================
2025-11-09 00:11:07 - StaffGenerator - INFO - ============================================================
2025-11-09 00:11:07 - StaffGenerator - INFO - STAFF GENERATOR STARTED
2025-11-09 00:11:07 - StaffGenerator - INFO - Timestamp: 2025-11-09 00:11:07.862933
2025-11-09 00:11:07 - StaffGenerator - INFO - ============================================================
2025-11-09 00:11:07 - StaffGenerator - INFO - Starting staff generation - Batch size: 2
2025-11-09 00:11:07 - StaffGenerator - INFO - ✓ Created staff #17: Tiet W 541109 (Sales Assistant)
2025-11-09 00:11:07 - StaffGenerator - INFO - ✓ Created staff #18: Yuqing H 946827 (Stock Controller)
2025-11-09 00:11:07 - StaffGenerator - INFO - ============================================================
2025-11-09 00:11:07 - StaffGenerator - INFO - Generation Summary for STAFF
2025-11-09 00:11:07 - StaffGenerator - INFO - Batch Size: 2
2025-11-09 00:11:07 - StaffGenerator - INFO - Successfully Generated: 2
2025-11-09 00:11:07 - StaffGenerator - INFO - Failed: 0
2025-11-09 00:11:07 - StaffGenerator - INFO - Success Rate: 100.0%
2025-11-09 00:11:07 - StaffGenerator - INFO - ============================================================
2025-11-09 00:11:07 - StaffGenerator - INFO - Total staff in database: 18
2025-11-09 00:11:07 - StaffGenerator - INFO - STAFF GENERATOR FINISHED
2025-11-09 00:11:07 - StaffGenerator - INFO - ============================================================
2025-11-09 00:11:07 - MasterRunner - INFO - ✓ Staff completed successfully
2025-11-09 00:11:07 - MasterRunner - INFO - ============================================================
2025-11-09 00:11:07 - MasterRunner - INFO - Running: Machines (04_generate_machines.py)
2025-11-09 00:11:07 - MasterRunner - INFO - ============================================================
2025-11-09 00:11:07 - MachineGenerator - INFO - ============================================================
2025-11-09 00:11:07 - MachineGenerator - INFO - MACHINE GENERATOR STARTED
2025-11-09 00:11:07 - MachineGenerator - INFO - Timestamp: 2025-11-09 00:11:07.898680
2025-11-09 00:11:07 - MachineGenerator - INFO - ============================================================
2025-11-09 00:11:07 - MachineGenerator - INFO - Starting machine generation - Batch size: 1
2025-11-09 00:11:07 - MachineGenerator - INFO - ✓ Created machine #9: TILL08 at Main Entrance
2025-11-09 00:11:07 - MachineGenerator - INFO - ============================================================
2025-11-09 00:11:07 - MachineGenerator - INFO - Generation Summary for MACHINE
2025-11-09 00:11:07 - MachineGenerator - INFO - Batch Size: 1
2025-11-09 00:11:07 - MachineGenerator - INFO - Successfully Generated: 1
2025-11-09 00:11:07 - MachineGenerator - INFO - Failed: 0
2025-11-09 00:11:07 - MachineGenerator - INFO - Success Rate: 100.0%
2025-11-09 00:11:07 - MachineGenerator - INFO - ============================================================
2025-11-09 00:11:07 - MachineGenerator - INFO - Total machines in database: 9
2025-11-09 00:11:07 - MachineGenerator - INFO - MACHINE GENERATOR FINISHED
2025-11-09 00:11:07 - MachineGenerator - INFO - ============================================================
2025-11-09 00:11:07 - MasterRunner - INFO - ✓ Machines completed successfully
2025-11-09 00:11:07 - MasterRunner - INFO - ============================================================
2025-11-09 00:11:07 - MasterRunner - INFO - Running: Payment Methods (05_generate_payment_methods.py)
2025-11-09 00:11:07 - MasterRunner - INFO - ============================================================
2025-11-09 00:11:07 - PaymentMethodGenerator - INFO - ============================================================
2025-11-09 00:11:07 - PaymentMethodGenerator - INFO - PAYMENT METHOD GENERATOR STARTED
2025-11-09 00:11:07 - PaymentMethodGenerator - INFO - Timestamp: 2025-11-09 00:11:07.932797
2025-11-09 00:11:07 - PaymentMethodGenerator - INFO - ============================================================
2025-11-09 00:11:07 - PaymentMethodGenerator - INFO - Starting payment method generation - Batch size: 1
2025-11-09 00:11:07 - PaymentMethodGenerator - INFO - ✓ Created payment method #9: GIFT CARD (0.0% fee)
2025-11-09 00:11:07 - PaymentMethodGenerator - INFO - ============================================================
2025-11-09 00:11:07 - PaymentMethodGenerator - INFO - Generation Summary for PAYMENT_METHOD
2025-11-09 00:11:07 - PaymentMethodGenerator - INFO - Batch Size: 1
2025-11-09 00:11:07 - PaymentMethodGenerator - INFO - Successfully Generated: 1
2025-11-09 00:11:07 - PaymentMethodGenerator - INFO - Failed: 0
2025-11-09 00:11:07 - PaymentMethodGenerator - INFO - Success Rate: 100.0%
2025-11-09 00:11:07 - PaymentMethodGenerator - INFO - ============================================================
2025-11-09 00:11:07 - PaymentMethodGenerator - INFO - Total payment methods in database: 9
2025-11-09 00:11:07 - PaymentMethodGenerator - INFO - PAYMENT METHOD GENERATOR FINISHED
2025-11-09 00:11:07 - PaymentMethodGenerator - INFO - ============================================================
2025-11-09 00:11:07 - MasterRunner - INFO - ✓ Payment Methods completed successfully
2025-11-09 00:11:07 - MasterRunner - INFO - ============================================================
2025-11-09 00:11:07 - MasterRunner - INFO - Running: Transaction Types (06_generate_transaction_types.py)
2025-11-09 00:11:07 - MasterRunner - INFO - ============================================================
2025-11-09 00:11:07 - TransactionTypeGenerator - INFO - ============================================================
2025-11-09 00:11:07 - TransactionTypeGenerator - INFO - TRANSACTION TYPE GENERATOR STARTED
2025-11-09 00:11:07 - TransactionTypeGenerator - INFO - Timestamp: 2025-11-09 00:11:07.966913
2025-11-09 00:11:07 - TransactionTypeGenerator - INFO - ============================================================
2025-11-09 00:11:07 - TransactionTypeGenerator - INFO - Starting transaction type generation - Batch size: 1
2025-11-09 00:11:07 - TransactionTypeGenerator - INFO - ✓ Created transaction type #9: Refund [Inv:✓ Rev:✓]
2025-11-09 00:11:07 - TransactionTypeGenerator - INFO - ============================================================
2025-11-09 00:11:07 - TransactionTypeGenerator - INFO - Generation Summary for TRANSACTION_TYPE
2025-11-09 00:11:07 - TransactionTypeGenerator - INFO - Batch Size: 1
2025-11-09 00:11:07 - TransactionTypeGenerator - INFO - Successfully Generated: 1
2025-11-09 00:11:07 - TransactionTypeGenerator - INFO - Failed: 0
2025-11-09 00:11:07 - TransactionTypeGenerator - INFO - Success Rate: 100.0%
2025-11-09 00:11:07 - TransactionTypeGenerator - INFO - ============================================================
2025-11-09 00:11:07 - TransactionTypeGenerator - INFO - Total transaction types in database: 9
2025-11-09 00:11:07 - TransactionTypeGenerator - INFO - TRANSACTION TYPE GENERATOR FINISHED
2025-11-09 00:11:07 - TransactionTypeGenerator - INFO - ============================================================
2025-11-09 00:11:07 - MasterRunner - INFO - ✓ Transaction Types completed successfully
2025-11-09 00:11:07 - MasterRunner - INFO - ============================================================
2025-11-09 00:11:07 - MasterRunner - INFO - Running: Product Groups (07_generate_product_groups.py)
2025-11-09 00:11:07 - MasterRunner - INFO - ============================================================
2025-11-09 00:11:08 - ProductGroupGenerator - INFO - ============================================================
2025-11-09 00:11:08 - ProductGroupGenerator - INFO - PRODUCT GROUP GENERATOR STARTED
2025-11-09 00:11:08 - ProductGroupGenerator - INFO - Timestamp: 2025-11-09 00:11:08.000885
2025-11-09 00:11:08 - ProductGroupGenerator - INFO - ============================================================
2025-11-09 00:11:08 - ProductGroupGenerator - INFO - Starting product group generation - Batch size: 3
2025-11-09 00:11:08 - ProductGroupGenerator - INFO - ✓ Created product group #25: Nutrition (Category: 19)
2025-11-09 00:11:08 - ProductGroupGenerator - INFO - ✓ Created product group #26: Lifespace (Category: 14)
2025-11-09 00:11:08 - ProductGroupGenerator - INFO - ✓ Created product group #27: Hand & Nail (Category: 19)
2025-11-09 00:11:08 - ProductGroupGenerator - INFO - ============================================================
2025-11-09 00:11:08 - ProductGroupGenerator - INFO - Generation Summary for PRODUCT_GROUP
2025-11-09 00:11:08 - ProductGroupGenerator - INFO - Batch Size: 3
2025-11-09 00:11:08 - ProductGroupGenerator - INFO - Successfully Generated: 3
2025-11-09 00:11:08 - ProductGroupGenerator - INFO - Failed: 0
2025-11-09 00:11:08 - ProductGroupGenerator - INFO - Success Rate: 100.0%
2025-11-09 00:11:08 - ProductGroupGenerator - INFO - ============================================================
2025-11-09 00:11:08 - ProductGroupGenerator - INFO - Total product groups in database: 27
2025-11-09 00:11:08 - ProductGroupGenerator - INFO - PRODUCT GROUP GENERATOR FINISHED
2025-11-09 00:11:08 - ProductGroupGenerator - INFO - ============================================================
2025-11-09 00:11:08 - MasterRunner - INFO - ✓ Product Groups completed successfully
2025-11-09 00:11:08 - MasterRunner - INFO - ============================================================
2025-11-09 00:11:08 - MasterRunner - INFO - Running: Products (08_generate_products.py)
2025-11-09 00:11:08 - MasterRunner - INFO - ============================================================
2025-11-09 00:11:08 - ProductGenerator - INFO - ============================================================
2025-11-09 00:11:08 - ProductGenerator - INFO - PRODUCT GENERATOR STARTED
2025-11-09 00:11:08 - ProductGenerator - INFO - Timestamp: 2025-11-09 00:11:08.040280
2025-11-09 00:11:08 - ProductGenerator - INFO - ============================================================
2025-11-09 00:11:08 - ProductGenerator - INFO - Starting product generation - Batch size: 10
2025-11-09 00:11:08 - ProductGenerator - INFO - ✓ Created product PLU 749: Panadol Maximum Tablets 25g... (SOH: 25, Cost: $3.55)
2025-11-09 00:11:08 - ProductGenerator - INFO - ✓ Created product PLU 385941: Dettol Complex 50ml... (SOH: 26, Cost: $52.55)
2025-11-09 00:11:08 - ProductGenerator - INFO - ✓ Created product PLU 1083: Capsules 125ml... (SOH: 60, Cost: $54.97)
2025-11-09 00:11:08 - ProductGenerator - INFO - ✓ Created product PLU 74680: La Roche-Posay Conditioner 90 Tablets... (SOH: 47, Cost: $11.70)
2025-11-09 00:11:08 - ProductGenerator - INFO - ✓ Created product PLU 783: QV Wash Cream 15ml... (SOH: 0, Cost: $31.56)
2025-11-09 00:11:08 - ProductGenerator - INFO - ✓ Created product PLU 459589: Formula 150g... (SOH: 0, Cost: $5.49)
2025-11-09 00:11:08 - ProductGenerator - INFO - ✓ Created product PLU 7988: Treatment 75ml... (SOH: 49, Cost: $30.37)
2025-11-09 00:11:08 - ProductGenerator - INFO - ✓ Created product PLU 8368: Ego Premium Complex 15g... (SOH: 50, Cost: $18.46)
2025-11-09 00:11:08 - ProductGenerator - INFO - ✓ Created product PLU 58723: Healthy Care Quick Formula 200g... (SOH: 18, Cost: $30.57)
2025-11-09 00:11:08 - ProductGenerator - INFO - ✓ Created product PLU 741836: Dettol Natural Conditioner 90 Tablets... (SOH: 61, Cost: $16.09)
2025-11-09 00:11:08 - ProductGenerator - INFO - ============================================================
2025-11-09 00:11:08 - ProductGenerator - INFO - Generation Summary for PRODUCT
2025-11-09 00:11:08 - ProductGenerator - INFO - Batch Size: 10
2025-11-09 00:11:08 - ProductGenerator - INFO - Successfully Generated: 10
2025-11-09 00:11:08 - ProductGenerator - INFO - Failed: 0
2025-11-09 00:11:08 - ProductGenerator - INFO - Success Rate: 100.0%
2025-11-09 00:11:08 - ProductGenerator - INFO - ============================================================
2025-11-09 00:11:08 - ProductGenerator - INFO - Total products in database: 90
2025-11-09 00:11:08 - ProductGenerator - INFO - PRODUCT GENERATOR FINISHED
2025-11-09 00:11:08 - ProductGenerator - INFO - ============================================================
2025-11-09 00:11:08 - MasterRunner - INFO - ✓ Products completed successfully
2025-11-09 00:11:08 - MasterRunner - INFO - ============================================================
2025-11-09 00:11:08 - MasterRunner - INFO - Running: Transaction Headers (09_generate_transaction_headers.py)
2025-11-09 00:11:08 - MasterRunner - INFO - ============================================================
2025-11-09 00:11:08 - TransactionHeaderGenerator - INFO - ============================================================
2025-11-09 00:11:08 - TransactionHeaderGenerator - INFO - TRANSACTION HEADER GENERATOR STARTED
2025-11-09 00:11:08 - TransactionHeaderGenerator - INFO - Timestamp: 2025-11-09 00:11:08.119824
2025-11-09 00:11:08 - TransactionHeaderGenerator - INFO - ============================================================
2025-11-09 00:11:08 - TransactionHeaderGenerator - INFO - Starting transaction header generation - Batch size: 20
2025-11-09 00:11:08 - TransactionHeaderGenerator - INFO - ✓ Created transaction #161: 2025-09-17 16:06:40 on Machine #1
2025-11-09 00:11:08 - TransactionHeaderGenerator - INFO - ✓ Created transaction #162: 2025-10-24 12:41:44 on Machine #5
2025-11-09 00:11:08 - TransactionHeaderGenerator - INFO - ✓ Created transaction #163: 2025-08-28 21:04:42 on Machine #9
2025-11-09 00:11:08 - TransactionHeaderGenerator - INFO - ✓ Created transaction #164: 2025-09-28 12:20:38 on Machine #9 [Staff Purchase]
2025-11-09 00:11:08 - TransactionHeaderGenerator - INFO - ✓ Created transaction #165: 2025-10-24 14:08:42 on Machine #5
2025-11-09 00:11:08 - TransactionHeaderGenerator - INFO - ✓ Created transaction #166: 2025-10-31 08:57:34 on Machine #6
2025-11-09 00:11:08 - TransactionHeaderGenerator - INFO - ✓ Created transaction #167: 2025-10-28 17:58:04 on Machine #8
2025-11-09 00:11:08 - TransactionHeaderGenerator - INFO - ✓ Created transaction #168: 2025-10-31 19:25:25 on Machine #5
2025-11-09 00:11:08 - TransactionHeaderGenerator - INFO - ✓ Created transaction #169: 2025-09-14 12:21:56 on Machine #7
2025-11-09 00:11:08 - TransactionHeaderGenerator - INFO - ✓ Created transaction #170: 2025-11-09 14:10:18 on Machine #7
2025-11-09 00:11:08 - TransactionHeaderGenerator - INFO - ✓ Created transaction #171: 2025-10-05 19:57:27 on Machine #1
2025-11-09 00:11:08 - TransactionHeaderGenerator - INFO - ✓ Created transaction #172: 2025-09-12 11:46:11 on Machine #6
2025-11-09 00:11:08 - TransactionHeaderGenerator - INFO - ✓ Created transaction #173: 2025-10-15 10:08:10 on Machine #4
2025-11-09 00:11:08 - TransactionHeaderGenerator - INFO - ✓ Created transaction #174: 2025-09-12 20:34:14 on Machine #2
2025-11-09 00:11:08 - TransactionHeaderGenerator - INFO - ✓ Created transaction #175: 2025-10-14 15:08:19 on Machine #3
2025-11-09 00:11:08 - TransactionHeaderGenerator - INFO - ✓ Created transaction #176: 2025-08-22 11:27:25 on Machine #1
2025-11-09 00:11:08 - TransactionHeaderGenerator - INFO - ✓ Created transaction #177: 2025-09-09 14:59:10 on Machine #6
2025-11-09 00:11:08 - TransactionHeaderGenerator - INFO - ✓ Created transaction #178: 2025-10-24 15:00:42 on Machine #4
2025-11-09 00:11:08 - TransactionHeaderGenerator - INFO - ✓ Created transaction #179: 2025-10-16 14:23:56 on Machine #1
2025-11-09 00:11:08 - TransactionHeaderGenerator - INFO - ✓ Created transaction #180: 2025-08-11 08:48:41 on Machine #4 [Staff Purchase]
2025-11-09 00:11:08 - TransactionHeaderGenerator - INFO - ============================================================
2025-11-09 00:11:08 - TransactionHeaderGenerator - INFO - Generation Summary for TRANSACTION_HEADER
2025-11-09 00:11:08 - TransactionHeaderGenerator - INFO - Batch Size: 20
2025-11-09 00:11:08 - TransactionHeaderGenerator - INFO - Successfully Generated: 20
2025-11-09 00:11:08 - TransactionHeaderGenerator - INFO - Failed: 0
2025-11-09 00:11:08 - TransactionHeaderGenerator - INFO - Success Rate: 100.0%
2025-11-09 00:11:08 - TransactionHeaderGenerator - INFO - ============================================================
2025-11-09 00:11:08 - TransactionHeaderGenerator - INFO - Total transaction headers in database: 180
2025-11-09 00:11:08 - TransactionHeaderGenerator - INFO - TRANSACTION HEADER GENERATOR FINISHED
2025-11-09 00:11:08 - TransactionHeaderGenerator - INFO - ============================================================
2025-11-09 00:11:08 - MasterRunner - INFO - ✓ Transaction Headers completed successfully
2025-11-09 00:11:08 - MasterRunner - INFO - ============================================================
2025-11-09 00:11:08 - MasterRunner - INFO - Running: Transaction Lines (10_generate_transaction_lines.py)
2025-11-09 00:11:08 - MasterRunner - INFO - ============================================================
2025-11-09 00:11:08 - TransactionLineGenerator - INFO - ============================================================
2025-11-09 00:11:08 - TransactionLineGenerator - INFO - TRANSACTION LINE GENERATOR STARTED
2025-11-09 00:11:08 - TransactionLineGenerator - INFO - Timestamp: 2025-11-09 00:11:08.256270
2025-11-09 00:11:08 - TransactionLineGenerator - INFO - ============================================================
2025-11-09 00:11:08 - TransactionLineGenerator - INFO - Starting transaction line generation - Batch size: 50
2025-11-09 00:11:08 - TransactionLineGenerator - INFO - ✓ Created line #401: Transaction #4, PLU 8578, Qty 2, $25.90
2025-11-09 00:11:08 - TransactionLineGenerator - INFO - ✓ Created line #402: Transaction #108, PLU 7988, Qty 5, $277.45
2025-11-09 00:11:08 - TransactionLineGenerator - INFO - ✓ Created line #403: Transaction #76, PLU 58723, Qty 1, $55.99 (20.0% off)
2025-11-09 00:11:08 - TransactionLineGenerator - INFO - ✓ Created line #404: Transaction #40, PLU 57416, Qty 1, $9.69
2025-11-09 00:11:08 - TransactionLineGenerator - INFO - ✓ Created line #405: Transaction #59, PLU 37388, Qty 1, $43.49
2025-11-09 00:11:08 - TransactionLineGenerator - INFO - ✓ Created line #406: Transaction #22, PLU 6065, Qty 1, $3.95
2025-11-09 00:11:08 - TransactionLineGenerator - INFO - ✓ Created line #407: Transaction #135, PLU 86222, Qty 1, $32.69
2025-11-09 00:11:08 - TransactionLineGenerator - INFO - ✓ Created line #408: Transaction #8, PLU 77397, Qty 1, $51.99
2025-11-09 00:11:08 - TransactionLineGenerator - INFO - ✓ Created line #409: Transaction #33, PLU 753255, Qty 1, $90.89
2025-11-09 00:11:08 - TransactionLineGenerator - INFO - ✓ Created line #410: Transaction #163, PLU 9180, Qty 1, $4.79
2025-11-09 00:11:08 - TransactionLineGenerator - INFO - ✓ Created line #411: Transaction #145, PLU 93833, Qty 4, $295.80
2025-11-09 00:11:08 - TransactionLineGenerator - INFO - ✓ Created line #412: Transaction #110, PLU 43612, Qty 1, $20.69
2025-11-09 00:11:08 - TransactionLineGenerator - INFO - ✓ Created line #413: Transaction #139, PLU 7977, Qty 1, $39.49
2025-11-09 00:11:08 - TransactionLineGenerator - INFO - ✓ Created line #414: Transaction #173, PLU 8093, Qty 5, $187.45
2025-11-09 00:11:08 - TransactionLineGenerator - INFO - ✓ Created line #415: Transaction #20, PLU 732812, Qty 1, $36.89
2025-11-09 00:11:08 - TransactionLineGenerator - INFO - ✓ Created line #416: Transaction #61, PLU 5665, Qty 1, $90.89
2025-11-09 00:11:08 - TransactionLineGenerator - INFO - ✓ Created line #417: Transaction #40, PLU 93838, Qty 1, $7.99
2025-11-09 00:11:08 - TransactionLineGenerator - INFO - ✓ Created line #418: Transaction #161, PLU 43612, Qty 4, $155.16
2025-11-09 00:11:08 - TransactionLineGenerator - INFO - ✓ Created line #419: Transaction #12, PLU 43158, Qty 2, $147.78
2025-11-09 00:11:08 - TransactionLineGenerator - INFO - ✓ Created line #420: Transaction #86, PLU 94957, Qty 2, $64.98
2025-11-09 00:11:08 - TransactionLineGenerator - INFO - ✓ Created line #421: Transaction #120, PLU 6065, Qty 2, $9.58
2025-11-09 00:11:08 - TransactionLineGenerator - INFO - ✓ Created line #422: Transaction #13, PLU 84603, Qty 1, $25.89
2025-11-09 00:11:08 - TransactionLineGenerator - INFO - ✓ Created line #423: Transaction #20, PLU 849, Qty 1, $71.49
2025-11-09 00:11:08 - TransactionLineGenerator - INFO - ✓ Created line #424: Transaction #91, PLU 950153, Qty 1, $27.07 (5.0% off)
2025-11-09 00:11:08 - TransactionLineGenerator - INFO - ✓ Created line #425: Transaction #80, PLU 2894, Qty 1, $109.69
2025-11-09 00:11:08 - TransactionLineGenerator - INFO - ✓ Created line #426: Transaction #132, PLU 7648, Qty 1, $86.79
2025-11-09 00:11:08 - TransactionLineGenerator - INFO - ✓ Created line #427: Transaction #103, PLU 753255, Qty 1, $103.95
2025-11-09 00:11:08 - TransactionLineGenerator - INFO - ✓ Created line #428: Transaction #5, PLU 5937, Qty 3, $182.97
2025-11-09 00:11:08 - TransactionLineGenerator - INFO - ✓ Created line #429: Transaction #147, PLU 953926, Qty 1, $22.86 (15.0% off)
2025-11-09 00:11:08 - TransactionLineGenerator - INFO - ✓ Created line #430: Transaction #7, PLU 953926, Qty 1, $31.49
2025-11-09 00:11:08 - TransactionLineGenerator - INFO - ✓ Created line #431: Transaction #14, PLU 6742, Qty 1, $32.63 (20.0% off)
2025-11-09 00:11:08 - TransactionLineGenerator - INFO - ✓ Created line #432: Transaction #176, PLU 57416, Qty 1, $10.69
2025-11-09 00:11:08 - TransactionLineGenerator - INFO - ✓ Created line #433: Transaction #108, PLU 74680, Qty 1, $34.99
2025-11-09 00:11:08 - TransactionLineGenerator - INFO - ✓ Created line #434: Transaction #15, PLU 30537, Qty 1, $22.49
2025-11-09 00:11:08 - TransactionLineGenerator - INFO - ✓ Created line #435: Transaction #147, PLU 5458, Qty 1, $38.95
2025-11-09 00:11:08 - TransactionLineGenerator - INFO - ✓ Created line #436: Transaction #82, PLU 1083, Qty 2, $309.98
2025-11-09 00:11:08 - TransactionLineGenerator - INFO - ✓ Created line #437: Transaction #136, PLU 6065, Qty 5, $17.45
2025-11-09 00:11:08 - TransactionLineGenerator - INFO - ✓ Created line #438: Transaction #131, PLU 579777, Qty 1, $47.49
2025-11-09 00:11:08 - TransactionLineGenerator - INFO - ✓ Created line #439: Transaction #96, PLU 8093, Qty 1, $49.39 (5.0% off)
2025-11-09 00:11:08 - TransactionLineGenerator - INFO - ✓ Created line #440: Transaction #169, PLU 58723, Qty 1, $59.49
2025-11-09 00:11:08 - TransactionLineGenerator - INFO - ✓ Created line #441: Transaction #34, PLU 8093, Qty 1, $61.49
2025-11-09 00:11:08 - TransactionLineGenerator - INFO - ✓ Created line #442: Transaction #30, PLU 15130, Qty 1, $21.99
2025-11-09 00:11:08 - TransactionLineGenerator - INFO - ✓ Created line #443: Transaction #113, PLU 2873, Qty 5, $77.45
2025-11-09 00:11:08 - TransactionLineGenerator - INFO - ✓ Created line #444: Transaction #47, PLU 7988, Qty 2, $139.78
2025-11-09 00:11:08 - TransactionLineGenerator - INFO - ✓ Created line #445: Transaction #174, PLU 2873, Qty 1, $17.79
2025-11-09 00:11:08 - TransactionLineGenerator - INFO - ✓ Created line #446: Transaction #125, PLU 7648, Qty 1, $69.99
2025-11-09 00:11:08 - TransactionLineGenerator - INFO - ✓ Created line #447: Transaction #2, PLU 74951, Qty 1, $33.49
2025-11-09 00:11:08 - TransactionLineGenerator - INFO - ✓ Created line #448: Transaction #120, PLU 527924, Qty 1, $27.03 (20.0% off)
2025-11-09 00:11:08 - TransactionLineGenerator - INFO - ✓ Created line #449: Transaction #72, PLU 37388, Qty 1, $48.49
2025-11-09 00:11:08 - TransactionLineGenerator - INFO - ✓ Created line #450: Transaction #157, PLU 1132, Qty 1, $97.49
2025-11-09 00:11:08 - TransactionLineGenerator - INFO - ============================================================
2025-11-09 00:11:08 - TransactionLineGenerator - INFO - Generation Summary for TRANSACTION_LINE
2025-11-09 00:11:08 - TransactionLineGenerator - INFO - Batch Size: 50
2025-11-09 00:11:08 - TransactionLineGenerator - INFO - Successfully Generated: 50
2025-11-09 00:11:08 - TransactionLineGenerator - INFO - Failed: 0
2025-11-09 00:11:08 - TransactionLineGenerator - INFO - Success Rate: 100.0%
2025-11-09 00:11:08 - TransactionLineGenerator - INFO - ============================================================
2025-11-09 00:11:08 - TransactionLineGenerator - INFO - Total transaction lines in database: 450
2025-11-09 00:11:08 - TransactionLineGenerator - INFO - Transactions with line items: 138/180
2025-11-09 00:11:08 - TransactionLineGenerator - INFO - TRANSACTION LINE GENERATOR FINISHED
2025-11-09 00:11:08 - TransactionLineGenerator - INFO - ============================================================
2025-11-09 00:11:08 - MasterRunner - INFO - ✓ Transaction Lines completed successfully
2025-11-09 00:11:08 - MasterRunner - INFO - ============================================================
2025-11-09 00:11:08 - MasterRunner - INFO - MASTER RUNNER SUMMARY
2025-11-09 00:11:08 - MasterRunner - INFO - ============================================================
2025-11-09 00:11:08 - MasterRunner - INFO - Total Scripts: 10
2025-11-09 00:11:08 - MasterRunner - INFO - Successful: 10
2025-11-09 00:11:08 - MasterRunner - INFO - Failed: 0
2025-11-09 00:11:08 - MasterRunner - INFO - ✓ All scripts completed successfully!
2025-11-09 00:11:08 - MasterRunner - INFO - ============================================================
