2025-11-03 13:16:05 - CategoryGenerator - INFO - ============================================================
2025-11-03 13:16:05 - CategoryGenerator - INFO - CATEGORY GENERATOR STARTED
2025-11-03 13:16:05 - CategoryGenerator - INFO - Timestamp: 2025-11-03 13:16:05.558006
2025-11-03 13:16:05 - CategoryGenerator - INFO - ============================================================
2025-11-03 13:16:05 - CategoryGenerator - INFO - Starting category generation - Batch size: 2
2025-11-03 13:16:05 - CategoryGenerator - INFO - ✓ Created category #1: Therapeutic Skin Care
2025-11-03 13:16:05 - CategoryGenerator - INFO - ✓ Created category #2: Organic Personal Care
2025-11-03 13:16:05 - CategoryGenerator - INFO - ============================================================
2025-11-03 13:16:05 - CategoryGenerator - INFO - Generation Summary for CATEGORY
2025-11-03 13:16:05 - CategoryGenerator - INFO - Batch Size: 2
2025-11-03 13:16:05 - CategoryGenerator - INFO - Successfully Generated: 2
2025-11-03 13:16:05 - CategoryGenerator - INFO - Failed: 0
2025-11-03 13:16:05 - CategoryGenerator - INFO - Success Rate: 100.0%
2025-11-03 13:16:05 - CategoryGenerator - INFO - ============================================================
2025-11-03 13:16:05 - CategoryGenerator - INFO - Total categories in database: 2
2025-11-03 13:16:05 - CategoryGenerator - INFO - CATEGORY GENERATOR FINISHED
2025-11-03 13:16:05 - CategoryGenerator - INFO - ============================================================
2025-11-03 13:17:08 - CategoryGenerator - INFO - ============================================================
2025-11-03 13:17:08 - CategoryGenerator - INFO - CATEGORY GENERATOR STARTED
2025-11-03 13:17:08 - CategoryGenerator - INFO - Timestamp: 2025-11-03 13:17:08.708309
2025-11-03 13:17:08 - CategoryGenerator - INFO - ============================================================
2025-11-03 13:17:08 - CategoryGenerator - INFO - Starting category generation - Batch size: 2
2025-11-03 13:17:08 - CategoryGenerator - INFO - ✓ Created category #3: Hair Care
2025-11-03 13:17:08 - CategoryGenerator - INFO - ✓ Created category #4: Phmcist Only
2025-11-03 13:17:08 - CategoryGenerator - INFO - ============================================================
2025-11-03 13:17:08 - CategoryGenerator - INFO - Generation Summary for CATEGORY
2025-11-03 13:17:08 - CategoryGenerator - INFO - Batch Size: 2
2025-11-03 13:17:08 - CategoryGenerator - INFO - Successfully Generated: 2
2025-11-03 13:17:08 - CategoryGenerator - INFO - Failed: 0
2025-11-03 13:17:08 - CategoryGenerator - INFO - Success Rate: 100.0%
2025-11-03 13:17:08 - CategoryGenerator - INFO - ============================================================
2025-11-03 13:17:08 - CategoryGenerator - INFO - Total categories in database: 4
2025-11-03 13:17:08 - CategoryGenerator - INFO - CATEGORY GENERATOR FINISHED
2025-11-03 13:17:08 - CategoryGenerator - INFO - ============================================================
2025-11-03 13:22:11 - MasterRunner - INFO - ============================================================
2025-11-03 13:22:11 - MasterRunner - INFO - MASTER RUNNER STARTED
2025-11-03 13:22:11 - MasterRunner - INFO - Timestamp: 2025-11-03 13:22:11.624543
2025-11-03 13:22:11 - MasterRunner - INFO - Total scripts to run: 10
2025-11-03 13:22:11 - MasterRunner - INFO - ============================================================
2025-11-03 13:22:11 - MasterRunner - INFO - ============================================================
2025-11-03 13:22:11 - MasterRunner - INFO - Running: Categories (01_generate_categories.py)
2025-11-03 13:22:11 - MasterRunner - INFO - ============================================================
2025-11-03 13:22:11 - CategoryGenerator - INFO - ============================================================
2025-11-03 13:22:11 - CategoryGenerator - INFO - CATEGORY GENERATOR STARTED
2025-11-03 13:22:11 - CategoryGenerator - INFO - Timestamp: 2025-11-03 13:22:11.693021
2025-11-03 13:22:11 - CategoryGenerator - INFO - ============================================================
2025-11-03 13:22:11 - CategoryGenerator - INFO - Starting category generation - Batch size: 2
2025-11-03 13:22:11 - CategoryGenerator - INFO - ✓ Created category #5: Baby & Children
2025-11-03 13:22:11 - CategoryGenerator - INFO - ✓ Created category #6: Cold & Flu
2025-11-03 13:22:11 - CategoryGenerator - INFO - ============================================================
2025-11-03 13:22:11 - CategoryGenerator - INFO - Generation Summary for CATEGORY
2025-11-03 13:22:11 - CategoryGenerator - INFO - Batch Size: 2
2025-11-03 13:22:11 - CategoryGenerator - INFO - Successfully Generated: 2
2025-11-03 13:22:11 - CategoryGenerator - INFO - Failed: 0
2025-11-03 13:22:11 - CategoryGenerator - INFO - Success Rate: 100.0%
2025-11-03 13:22:11 - CategoryGenerator - INFO - ============================================================
2025-11-03 13:22:11 - CategoryGenerator - INFO - Total categories in database: 6
2025-11-03 13:22:11 - CategoryGenerator - INFO - CATEGORY GENERATOR FINISHED
2025-11-03 13:22:11 - CategoryGenerator - INFO - ============================================================
2025-11-03 13:22:11 - MasterRunner - INFO - ✓ Categories completed successfully
2025-11-03 13:22:11 - MasterRunner - INFO - ============================================================
2025-11-03 13:22:11 - MasterRunner - INFO - Running: Suppliers (02_generate_suppliers.py)
2025-11-03 13:22:11 - MasterRunner - INFO - ============================================================
2025-11-03 13:22:11 - SupplierGenerator - INFO - ============================================================
2025-11-03 13:22:11 - SupplierGenerator - INFO - SUPPLIER GENERATOR STARTED
2025-11-03 13:22:11 - SupplierGenerator - INFO - Timestamp: 2025-11-03 13:22:11.799582
2025-11-03 13:22:11 - SupplierGenerator - INFO - ============================================================
2025-11-03 13:22:11 - SupplierGenerator - INFO - Starting supplier generation - Batch size: 3
2025-11-03 13:22:11 - SupplierGenerator - INFO - ✓ Created supplier #1: Pharmaceuticals Pro
2025-11-03 13:22:11 - SupplierGenerator - INFO - ✓ Created supplier #2: DEF Industries
2025-11-03 13:22:11 - SupplierGenerator - INFO - ✓ Created supplier #3: Professional Distribution Pty Ltd
2025-11-03 13:22:11 - SupplierGenerator - INFO - ============================================================
2025-11-03 13:22:11 - SupplierGenerator - INFO - Generation Summary for SUPPLIER
2025-11-03 13:22:11 - SupplierGenerator - INFO - Batch Size: 3
2025-11-03 13:22:11 - SupplierGenerator - INFO - Successfully Generated: 3
2025-11-03 13:22:11 - SupplierGenerator - INFO - Failed: 0
2025-11-03 13:22:11 - SupplierGenerator - INFO - Success Rate: 100.0%
2025-11-03 13:22:11 - SupplierGenerator - INFO - ============================================================
2025-11-03 13:22:11 - SupplierGenerator - INFO - Total suppliers in database: 3
2025-11-03 13:22:11 - SupplierGenerator - INFO - SUPPLIER GENERATOR FINISHED
2025-11-03 13:22:11 - SupplierGenerator - INFO - ============================================================
2025-11-03 13:22:11 - MasterRunner - INFO - ✓ Suppliers completed successfully
2025-11-03 13:22:11 - MasterRunner - INFO - ============================================================
2025-11-03 13:22:11 - MasterRunner - INFO - Running: Staff (03_generate_staff.py)
2025-11-03 13:22:11 - MasterRunner - INFO - ============================================================
2025-11-03 13:22:11 - StaffGenerator - INFO - ============================================================
2025-11-03 13:22:11 - StaffGenerator - INFO - STAFF GENERATOR STARTED
2025-11-03 13:22:11 - StaffGenerator - INFO - Timestamp: 2025-11-03 13:22:11.916778
2025-11-03 13:22:11 - StaffGenerator - INFO - ============================================================
2025-11-03 13:22:11 - StaffGenerator - INFO - Starting staff generation - Batch size: 2
2025-11-03 13:22:11 - StaffGenerator - INFO - ✓ Created staff #1: Trong Tin V 637921 (Beauty Consultant)
2025-11-03 13:22:11 - StaffGenerator - INFO - ✓ Created staff #2: Michael T 648228 (Pharmacist)
2025-11-03 13:22:11 - StaffGenerator - INFO - ============================================================
2025-11-03 13:22:11 - StaffGenerator - INFO - Generation Summary for STAFF
2025-11-03 13:22:11 - StaffGenerator - INFO - Batch Size: 2
2025-11-03 13:22:11 - StaffGenerator - INFO - Successfully Generated: 2
2025-11-03 13:22:11 - StaffGenerator - INFO - Failed: 0
2025-11-03 13:22:11 - StaffGenerator - INFO - Success Rate: 100.0%
2025-11-03 13:22:11 - StaffGenerator - INFO - ============================================================
2025-11-03 13:22:11 - StaffGenerator - INFO - Total staff in database: 2
2025-11-03 13:22:11 - StaffGenerator - INFO - STAFF GENERATOR FINISHED
2025-11-03 13:22:11 - StaffGenerator - INFO - ============================================================
2025-11-03 13:22:11 - MasterRunner - INFO - ✓ Staff completed successfully
2025-11-03 13:22:11 - MasterRunner - INFO - ============================================================
2025-11-03 13:22:11 - MasterRunner - INFO - Running: Machines (04_generate_machines.py)
2025-11-03 13:22:11 - MasterRunner - INFO - ============================================================
2025-11-03 13:22:12 - MachineGenerator - INFO - ============================================================
2025-11-03 13:22:12 - MachineGenerator - INFO - MACHINE GENERATOR STARTED
2025-11-03 13:22:12 - MachineGenerator - INFO - Timestamp: 2025-11-03 13:22:12.020091
2025-11-03 13:22:12 - MachineGenerator - INFO - ============================================================
2025-11-03 13:22:12 - MachineGenerator - INFO - Starting machine generation - Batch size: 1
2025-11-03 13:22:12 - MachineGenerator - INFO - ✓ Created machine #1: TILL01 at Pharmacy Counter
2025-11-03 13:22:12 - MachineGenerator - INFO - ============================================================
2025-11-03 13:22:12 - MachineGenerator - INFO - Generation Summary for MACHINE
2025-11-03 13:22:12 - MachineGenerator - INFO - Batch Size: 1
2025-11-03 13:22:12 - MachineGenerator - INFO - Successfully Generated: 1
2025-11-03 13:22:12 - MachineGenerator - INFO - Failed: 0
2025-11-03 13:22:12 - MachineGenerator - INFO - Success Rate: 100.0%
2025-11-03 13:22:12 - MachineGenerator - INFO - ============================================================
2025-11-03 13:22:12 - MachineGenerator - INFO - Total machines in database: 1
2025-11-03 13:22:12 - MachineGenerator - INFO - MACHINE GENERATOR FINISHED
2025-11-03 13:22:12 - MachineGenerator - INFO - ============================================================
2025-11-03 13:22:12 - MasterRunner - INFO - ✓ Machines completed successfully
2025-11-03 13:22:12 - MasterRunner - INFO - ============================================================
2025-11-03 13:22:12 - MasterRunner - INFO - Running: Payment Methods (05_generate_payment_methods.py)
2025-11-03 13:22:12 - MasterRunner - INFO - ============================================================
2025-11-03 13:22:12 - PaymentMethodGenerator - INFO - ============================================================
2025-11-03 13:22:12 - PaymentMethodGenerator - INFO - PAYMENT METHOD GENERATOR STARTED
2025-11-03 13:22:12 - PaymentMethodGenerator - INFO - Timestamp: 2025-11-03 13:22:12.116410
2025-11-03 13:22:12 - PaymentMethodGenerator - INFO - ============================================================
2025-11-03 13:22:12 - PaymentMethodGenerator - INFO - Starting payment method generation - Batch size: 1
2025-11-03 13:22:12 - PaymentMethodGenerator - INFO - ✓ Created payment method #1: DEBIT CARD (0.8% fee)
2025-11-03 13:22:12 - PaymentMethodGenerator - INFO - ============================================================
2025-11-03 13:22:12 - PaymentMethodGenerator - INFO - Generation Summary for PAYMENT_METHOD
2025-11-03 13:22:12 - PaymentMethodGenerator - INFO - Batch Size: 1
2025-11-03 13:22:12 - PaymentMethodGenerator - INFO - Successfully Generated: 1
2025-11-03 13:22:12 - PaymentMethodGenerator - INFO - Failed: 0
2025-11-03 13:22:12 - PaymentMethodGenerator - INFO - Success Rate: 100.0%
2025-11-03 13:22:12 - PaymentMethodGenerator - INFO - ============================================================
2025-11-03 13:22:12 - PaymentMethodGenerator - INFO - Total payment methods in database: 1
2025-11-03 13:22:12 - PaymentMethodGenerator - INFO - PAYMENT METHOD GENERATOR FINISHED
2025-11-03 13:22:12 - PaymentMethodGenerator - INFO - ============================================================
2025-11-03 13:22:12 - MasterRunner - INFO - ✓ Payment Methods completed successfully
2025-11-03 13:22:12 - MasterRunner - INFO - ============================================================
2025-11-03 13:22:12 - MasterRunner - INFO - Running: Transaction Types (06_generate_transaction_types.py)
2025-11-03 13:22:12 - MasterRunner - INFO - ============================================================
2025-11-03 13:22:12 - TransactionTypeGenerator - INFO - ============================================================
2025-11-03 13:22:12 - TransactionTypeGenerator - INFO - TRANSACTION TYPE GENERATOR STARTED
2025-11-03 13:22:12 - TransactionTypeGenerator - INFO - Timestamp: 2025-11-03 13:22:12.214765
2025-11-03 13:22:12 - TransactionTypeGenerator - INFO - ============================================================
2025-11-03 13:22:12 - TransactionTypeGenerator - INFO - Starting transaction type generation - Batch size: 1
2025-11-03 13:22:12 - TransactionTypeGenerator - INFO - ✓ Created transaction type #1: Scriptlink Item [Inv:✓ Rev:✓]
2025-11-03 13:22:12 - TransactionTypeGenerator - INFO - ============================================================
2025-11-03 13:22:12 - TransactionTypeGenerator - INFO - Generation Summary for TRANSACTION_TYPE
2025-11-03 13:22:12 - TransactionTypeGenerator - INFO - Batch Size: 1
2025-11-03 13:22:12 - TransactionTypeGenerator - INFO - Successfully Generated: 1
2025-11-03 13:22:12 - TransactionTypeGenerator - INFO - Failed: 0
2025-11-03 13:22:12 - TransactionTypeGenerator - INFO - Success Rate: 100.0%
2025-11-03 13:22:12 - TransactionTypeGenerator - INFO - ============================================================
2025-11-03 13:22:12 - TransactionTypeGenerator - INFO - Total transaction types in database: 1
2025-11-03 13:22:12 - TransactionTypeGenerator - INFO - TRANSACTION TYPE GENERATOR FINISHED
2025-11-03 13:22:12 - TransactionTypeGenerator - INFO - ============================================================
2025-11-03 13:22:12 - MasterRunner - INFO - ✓ Transaction Types completed successfully
2025-11-03 13:22:12 - MasterRunner - INFO - ============================================================
2025-11-03 13:22:12 - MasterRunner - INFO - Running: Product Groups (07_generate_product_groups.py)
2025-11-03 13:22:12 - MasterRunner - INFO - ============================================================
2025-11-03 13:22:12 - ProductGroupGenerator - INFO - ============================================================
2025-11-03 13:22:12 - ProductGroupGenerator - INFO - PRODUCT GROUP GENERATOR STARTED
2025-11-03 13:22:12 - ProductGroupGenerator - INFO - Timestamp: 2025-11-03 13:22:12.311541
2025-11-03 13:22:12 - ProductGroupGenerator - INFO - ============================================================
2025-11-03 13:22:12 - ProductGroupGenerator - INFO - Starting product group generation - Batch size: 3
2025-11-03 13:22:12 - ProductGroupGenerator - INFO - ✓ Created product group #1: Nature's Way (Category: 1)
2025-11-03 13:22:12 - ProductGroupGenerator - INFO - ✓ Created product group #2: Specialty Bandages & Dressings (Category: 3)
2025-11-03 13:22:12 - ProductGroupGenerator - INFO - ✓ Created product group #3: La Roche-Posay (Category: 3)
2025-11-03 13:22:12 - ProductGroupGenerator - INFO - ============================================================
2025-11-03 13:22:12 - ProductGroupGenerator - INFO - Generation Summary for PRODUCT_GROUP
2025-11-03 13:22:12 - ProductGroupGenerator - INFO - Batch Size: 3
2025-11-03 13:22:12 - ProductGroupGenerator - INFO - Successfully Generated: 3
2025-11-03 13:22:12 - ProductGroupGenerator - INFO - Failed: 0
2025-11-03 13:22:12 - ProductGroupGenerator - INFO - Success Rate: 100.0%
2025-11-03 13:22:12 - ProductGroupGenerator - INFO - ============================================================
2025-11-03 13:22:12 - ProductGroupGenerator - INFO - Total product groups in database: 3
2025-11-03 13:22:12 - ProductGroupGenerator - INFO - PRODUCT GROUP GENERATOR FINISHED
2025-11-03 13:22:12 - ProductGroupGenerator - INFO - ============================================================
2025-11-03 13:22:12 - MasterRunner - INFO - ✓ Product Groups completed successfully
2025-11-03 13:22:12 - MasterRunner - INFO - ============================================================
2025-11-03 13:22:12 - MasterRunner - INFO - Running: Products (08_generate_products.py)
2025-11-03 13:22:12 - MasterRunner - INFO - ============================================================
2025-11-03 13:22:12 - ProductGenerator - INFO - ============================================================
2025-11-03 13:22:12 - ProductGenerator - INFO - PRODUCT GENERATOR STARTED
2025-11-03 13:22:12 - ProductGenerator - INFO - Timestamp: 2025-11-03 13:22:12.429852
2025-11-03 13:22:12 - ProductGenerator - INFO - ============================================================
2025-11-03 13:22:12 - ProductGenerator - INFO - Starting product generation - Batch size: 10
2025-11-03 13:22:12 - ProductGenerator - INFO - ✓ Created product PLU 179: U by Kotex Treatment 200g... (SOH: 59, Cost: $21.97)
2025-11-03 13:22:12 - ProductGenerator - INFO - ✓ Created product PLU 41616: Tablets 100g... (SOH: 59, Cost: $11.14)
2025-11-03 13:22:12 - ProductGenerator - INFO - ✓ Created product PLU 431: Avent Formula Lotion 200g... (SOH: 41, Cost: $15.23)
2025-11-03 13:22:12 - ProductGenerator - INFO - ✓ Created product PLU 63228: Difflam Gel 200ml... (SOH: 23, Cost: $15.47)
2025-11-03 13:22:12 - ProductGenerator - INFO - ✓ Created product PLU 5458: Oil 25ml... (SOH: 21, Cost: $20.99)
2025-11-03 13:22:12 - ProductGenerator - INFO - ✓ Created product PLU 181: Difflam Spray Cream 50 Pack... (SOH: 48, Cost: $29.19)
2025-11-03 13:22:12 - ProductGenerator - INFO - ✓ Created product PLU 79765: Neutrogena Wash Balm 250g... (SOH: 41, Cost: $7.84)
2025-11-03 13:22:12 - ProductGenerator - INFO - ✓ Created product PLU 119053: Powder 50g... (SOH: 21, Cost: $16.00)
2025-11-03 13:22:12 - ProductGenerator - INFO - ✓ Created product PLU 74951: QV Drops 30 Pack... (SOH: 49, Cost: $15.58)
2025-11-03 13:22:12 - ProductGenerator - INFO - ✓ Created product PLU 5665: Neutrogena Super Serum 200ml... (SOH: 31, Cost: $62.74)
2025-11-03 13:22:12 - ProductGenerator - INFO - ============================================================
2025-11-03 13:22:12 - ProductGenerator - INFO - Generation Summary for PRODUCT
2025-11-03 13:22:12 - ProductGenerator - INFO - Batch Size: 10
2025-11-03 13:22:12 - ProductGenerator - INFO - Successfully Generated: 10
2025-11-03 13:22:12 - ProductGenerator - INFO - Failed: 0
2025-11-03 13:22:12 - ProductGenerator - INFO - Success Rate: 100.0%
2025-11-03 13:22:12 - ProductGenerator - INFO - ============================================================
2025-11-03 13:22:12 - ProductGenerator - INFO - Total products in database: 10
2025-11-03 13:22:12 - ProductGenerator - INFO - PRODUCT GENERATOR FINISHED
2025-11-03 13:22:12 - ProductGenerator - INFO - ============================================================
2025-11-03 13:22:12 - MasterRunner - INFO - ✓ Products completed successfully
2025-11-03 13:22:12 - MasterRunner - INFO - ============================================================
2025-11-03 13:22:12 - MasterRunner - INFO - Running: Transaction Headers (09_generate_transaction_headers.py)
2025-11-03 13:22:12 - MasterRunner - INFO - ============================================================
2025-11-03 13:22:12 - TransactionHeaderGenerator - INFO - ============================================================
2025-11-03 13:22:12 - TransactionHeaderGenerator - INFO - TRANSACTION HEADER GENERATOR STARTED
2025-11-03 13:22:12 - TransactionHeaderGenerator - INFO - Timestamp: 2025-11-03 13:22:12.629471
2025-11-03 13:22:12 - TransactionHeaderGenerator - INFO - ============================================================
2025-11-03 13:22:12 - TransactionHeaderGenerator - INFO - Starting transaction header generation - Batch size: 20
2025-11-03 13:22:12 - TransactionHeaderGenerator - INFO - ✓ Created transaction #1: 2025-10-31 11:46:17 on Machine #1
2025-11-03 13:22:12 - TransactionHeaderGenerator - INFO - ✓ Created transaction #2: 2025-09-27 09:11:14 on Machine #1 [Staff Purchase]
2025-11-03 13:22:12 - TransactionHeaderGenerator - INFO - ✓ Created transaction #3: 2025-10-17 18:13:16 on Machine #1
2025-11-03 13:22:12 - TransactionHeaderGenerator - INFO - ✓ Created transaction #4: 2025-09-19 20:31:13 on Machine #1
2025-11-03 13:22:12 - TransactionHeaderGenerator - INFO - ✓ Created transaction #5: 2025-09-29 17:14:27 on Machine #1
2025-11-03 13:22:12 - TransactionHeaderGenerator - INFO - ✓ Created transaction #6: 2025-10-28 20:06:13 on Machine #1
2025-11-03 13:22:12 - TransactionHeaderGenerator - INFO - ✓ Created transaction #7: 2025-10-13 13:26:10 on Machine #1
2025-11-03 13:22:12 - TransactionHeaderGenerator - INFO - ✓ Created transaction #8: 2025-08-20 17:15:23 on Machine #1
2025-11-03 13:22:12 - TransactionHeaderGenerator - INFO - ✓ Created transaction #9: 2025-10-02 09:50:02 on Machine #1
2025-11-03 13:22:12 - TransactionHeaderGenerator - INFO - ✓ Created transaction #10: 2025-10-03 21:05:57 on Machine #1
2025-11-03 13:22:12 - TransactionHeaderGenerator - INFO - ✓ Created transaction #11: 2025-08-11 10:13:15 on Machine #1
2025-11-03 13:22:12 - TransactionHeaderGenerator - INFO - ✓ Created transaction #12: 2025-08-28 19:39:14 on Machine #1
2025-11-03 13:22:12 - TransactionHeaderGenerator - INFO - ✓ Created transaction #13: 2025-08-18 17:04:19 on Machine #1
2025-11-03 13:22:12 - TransactionHeaderGenerator - INFO - ✓ Created transaction #14: 2025-10-02 16:43:05 on Machine #1
2025-11-03 13:22:12 - TransactionHeaderGenerator - INFO - ✓ Created transaction #15: 2025-09-21 11:42:06 on Machine #1
2025-11-03 13:22:12 - TransactionHeaderGenerator - INFO - ✓ Created transaction #16: 2025-09-06 12:09:09 on Machine #1
2025-11-03 13:22:12 - TransactionHeaderGenerator - INFO - ✓ Created transaction #17: 2025-10-19 16:06:15 on Machine #1 [Staff Purchase]
2025-11-03 13:22:12 - TransactionHeaderGenerator - INFO - ✓ Created transaction #18: 2025-09-30 18:57:16 on Machine #1
2025-11-03 13:22:12 - TransactionHeaderGenerator - INFO - ✓ Created transaction #19: 2025-10-06 21:31:55 on Machine #1 [Staff Purchase]
2025-11-03 13:22:12 - TransactionHeaderGenerator - INFO - ✓ Created transaction #20: 2025-09-18 17:35:28 on Machine #1
2025-11-03 13:22:12 - TransactionHeaderGenerator - INFO - ============================================================
2025-11-03 13:22:12 - TransactionHeaderGenerator - INFO - Generation Summary for TRANSACTION_HEADER
2025-11-03 13:22:12 - TransactionHeaderGenerator - INFO - Batch Size: 20
2025-11-03 13:22:12 - TransactionHeaderGenerator - INFO - Successfully Generated: 20
2025-11-03 13:22:12 - TransactionHeaderGenerator - INFO - Failed: 0
2025-11-03 13:22:12 - TransactionHeaderGenerator - INFO - Success Rate: 100.0%
2025-11-03 13:22:12 - TransactionHeaderGenerator - INFO - ============================================================
2025-11-03 13:22:12 - TransactionHeaderGenerator - INFO - Total transaction headers in database: 20
2025-11-03 13:22:12 - TransactionHeaderGenerator - INFO - TRANSACTION HEADER GENERATOR FINISHED
2025-11-03 13:22:12 - TransactionHeaderGenerator - INFO - ============================================================
2025-11-03 13:22:12 - MasterRunner - INFO - ✓ Transaction Headers completed successfully
2025-11-03 13:22:12 - MasterRunner - INFO - ============================================================
2025-11-03 13:22:12 - MasterRunner - INFO - Running: Transaction Lines (10_generate_transaction_lines.py)
2025-11-03 13:22:12 - MasterRunner - INFO - ============================================================
2025-11-03 13:22:12 - TransactionLineGenerator - INFO - ============================================================
2025-11-03 13:22:12 - TransactionLineGenerator - INFO - TRANSACTION LINE GENERATOR STARTED
2025-11-03 13:22:12 - TransactionLineGenerator - INFO - Timestamp: 2025-11-03 13:22:12.989086
2025-11-03 13:22:12 - TransactionLineGenerator - INFO - ============================================================
2025-11-03 13:22:12 - TransactionLineGenerator - INFO - Starting transaction line generation - Batch size: 50
2025-11-03 13:22:13 - TransactionLineGenerator - INFO - ✓ Created line #1: Transaction #19, PLU 79765, Qty 1, $12.89
2025-11-03 13:22:13 - TransactionLineGenerator - INFO - ✓ Created line #2: Transaction #8, PLU 5458, Qty 5, $139.95
2025-11-03 13:22:13 - TransactionLineGenerator - INFO - ✓ Created line #3: Transaction #19, PLU 119053, Qty 1, $36.99
2025-11-03 13:22:13 - TransactionLineGenerator - INFO - ✓ Created line #4: Transaction #13, PLU 5665, Qty 1, $123.95
2025-11-03 13:22:13 - TransactionLineGenerator - INFO - ✓ Created line #5: Transaction #9, PLU 5665, Qty 1, $166.89
2025-11-03 13:22:13 - TransactionLineGenerator - INFO - ✓ Created line #6: Transaction #3, PLU 41616, Qty 1, $24.49
2025-11-03 13:22:13 - TransactionLineGenerator - INFO - ✓ Created line #7: Transaction #7, PLU 181, Qty 1, $49.69
2025-11-03 13:22:13 - TransactionLineGenerator - INFO - ✓ Created line #8: Transaction #16, PLU 5458, Qty 4, $193.96
2025-11-03 13:22:13 - TransactionLineGenerator - INFO - ✓ Created line #9: Transaction #5, PLU 179, Qty 1, $31.79
2025-11-03 13:22:13 - TransactionLineGenerator - INFO - ✓ Created line #10: Transaction #19, PLU 179, Qty 4, $197.96
2025-11-03 13:22:13 - TransactionLineGenerator - INFO - ✓ Created line #11: Transaction #10, PLU 181, Qty 5, $228.95
2025-11-03 13:22:13 - TransactionLineGenerator - INFO - ✓ Created line #12: Transaction #19, PLU 179, Qty 3, $143.97
2025-11-03 13:22:13 - TransactionLineGenerator - INFO - ✓ Created line #13: Transaction #7, PLU 5665, Qty 4, $673.96
2025-11-03 13:22:13 - TransactionLineGenerator - INFO - ✓ Created line #14: Transaction #20, PLU 41616, Qty 1, $32.89
2025-11-03 13:22:13 - TransactionLineGenerator - INFO - ✓ Created line #15: Transaction #19, PLU 41616, Qty 2, $63.98
2025-11-03 13:22:13 - TransactionLineGenerator - INFO - ✓ Created line #16: Transaction #9, PLU 179, Qty 1, $42.99
2025-11-03 13:22:13 - TransactionLineGenerator - INFO - ✓ Created line #17: Transaction #5, PLU 181, Qty 3, $209.67
2025-11-03 13:22:13 - TransactionLineGenerator - INFO - ✓ Created line #18: Transaction #9, PLU 74951, Qty 1, $29.79
2025-11-03 13:22:13 - TransactionLineGenerator - INFO - ✓ Created line #19: Transaction #2, PLU 79765, Qty 1, $21.49
2025-11-03 13:22:13 - TransactionLineGenerator - INFO - ✓ Created line #20: Transaction #11, PLU 74951, Qty 1, $45.95
2025-11-03 13:22:13 - TransactionLineGenerator - INFO - ✓ Created line #21: Transaction #20, PLU 179, Qty 1, $36.89
2025-11-03 13:22:13 - TransactionLineGenerator - INFO - ✓ Created line #22: Transaction #7, PLU 431, Qty 1, $25.95
2025-11-03 13:22:13 - TransactionLineGenerator - INFO - ✓ Created line #23: Transaction #15, PLU 41616, Qty 1, $25.69
2025-11-03 13:22:13 - TransactionLineGenerator - INFO - ✓ Created line #24: Transaction #7, PLU 63228, Qty 2, $84.98
2025-11-03 13:22:13 - TransactionLineGenerator - INFO - ✓ Created line #25: Transaction #16, PLU 431, Qty 2, $79.78
2025-11-03 13:22:13 - TransactionLineGenerator - INFO - ✓ Created line #26: Transaction #4, PLU 79765, Qty 1, $13.69
2025-11-03 13:22:13 - TransactionLineGenerator - INFO - ✓ Created line #27: Transaction #19, PLU 5458, Qty 1, $36.95
2025-11-03 13:22:13 - TransactionLineGenerator - INFO - ✓ Created line #28: Transaction #6, PLU 79765, Qty 2, $33.98
2025-11-03 13:22:13 - TransactionLineGenerator - INFO - ✓ Created line #29: Transaction #4, PLU 41616, Qty 5, $108.95
2025-11-03 13:22:13 - TransactionLineGenerator - INFO - ✓ Created line #30: Transaction #6, PLU 63228, Qty 4, $115.80
2025-11-03 13:22:13 - TransactionLineGenerator - INFO - ✓ Created line #31: Transaction #6, PLU 79765, Qty 1, $15.69
2025-11-03 13:22:13 - TransactionLineGenerator - INFO - ✓ Created line #32: Transaction #1, PLU 179, Qty 1, $64.49
2025-11-03 13:22:13 - TransactionLineGenerator - INFO - ✓ Created line #33: Transaction #3, PLU 74951, Qty 1, $31.99
2025-11-03 13:22:13 - TransactionLineGenerator - INFO - ✓ Created line #34: Transaction #4, PLU 431, Qty 2, $81.38
2025-11-03 13:22:13 - TransactionLineGenerator - INFO - ✓ Created line #35: Transaction #4, PLU 119053, Qty 9, $296.55
2025-11-03 13:22:13 - TransactionLineGenerator - INFO - ✓ Created line #36: Transaction #5, PLU 5458, Qty 1, $32.79
2025-11-03 13:22:13 - TransactionLineGenerator - INFO - ✓ Created line #37: Transaction #1, PLU 5458, Qty 8, $263.92
2025-11-03 13:22:13 - TransactionLineGenerator - INFO - ✓ Created line #38: Transaction #10, PLU 79765, Qty 2, $25.90
2025-11-03 13:22:13 - TransactionLineGenerator - INFO - ✓ Created line #39: Transaction #4, PLU 79765, Qty 1, $10.49
2025-11-03 13:22:13 - TransactionLineGenerator - INFO - ✓ Created line #40: Transaction #9, PLU 5458, Qty 1, $34.89
2025-11-03 13:22:13 - TransactionLineGenerator - INFO - ✓ Created line #41: Transaction #14, PLU 431, Qty 1, $41.69
2025-11-03 13:22:13 - TransactionLineGenerator - INFO - ✓ Created line #42: Transaction #6, PLU 119053, Qty 7, $257.53
2025-11-03 13:22:13 - TransactionLineGenerator - INFO - ✓ Created line #43: Transaction #18, PLU 63228, Qty 1, $45.49
2025-11-03 13:22:13 - TransactionLineGenerator - INFO - ✓ Created line #44: Transaction #17, PLU 74951, Qty 1, $39.49
2025-11-03 13:22:13 - TransactionLineGenerator - INFO - ✓ Created line #45: Transaction #10, PLU 181, Qty 3, $212.85
2025-11-03 13:22:13 - TransactionLineGenerator - INFO - ✓ Created line #46: Transaction #8, PLU 5458, Qty 2, $109.38
2025-11-03 13:22:13 - TransactionLineGenerator - INFO - ✓ Created line #47: Transaction #11, PLU 431, Qty 1, $44.99
2025-11-03 13:22:13 - TransactionLineGenerator - INFO - ✓ Created line #48: Transaction #12, PLU 431, Qty 5, $209.75
2025-11-03 13:22:13 - TransactionLineGenerator - INFO - ✓ Created line #49: Transaction #7, PLU 431, Qty 1, $22.95
2025-11-03 13:22:13 - TransactionLineGenerator - INFO - ✓ Created line #50: Transaction #2, PLU 119053, Qty 1, $26.95
2025-11-03 13:22:13 - TransactionLineGenerator - INFO - ============================================================
2025-11-03 13:22:13 - TransactionLineGenerator - INFO - Generation Summary for TRANSACTION_LINE
2025-11-03 13:22:13 - TransactionLineGenerator - INFO - Batch Size: 50
2025-11-03 13:22:13 - TransactionLineGenerator - INFO - Successfully Generated: 50
2025-11-03 13:22:13 - TransactionLineGenerator - INFO - Failed: 0
2025-11-03 13:22:13 - TransactionLineGenerator - INFO - Success Rate: 100.0%
2025-11-03 13:22:13 - TransactionLineGenerator - INFO - ============================================================
2025-11-03 13:22:13 - TransactionLineGenerator - INFO - Total transaction lines in database: 50
2025-11-03 13:22:13 - TransactionLineGenerator - INFO - Transactions with line items: 20/20
2025-11-03 13:22:13 - TransactionLineGenerator - INFO - TRANSACTION LINE GENERATOR FINISHED
2025-11-03 13:22:13 - TransactionLineGenerator - INFO - ============================================================
2025-11-03 13:22:13 - MasterRunner - INFO - ✓ Transaction Lines completed successfully
2025-11-03 13:22:13 - MasterRunner - INFO - ============================================================
2025-11-03 13:22:13 - MasterRunner - INFO - MASTER RUNNER SUMMARY
2025-11-03 13:22:13 - MasterRunner - INFO - ============================================================
2025-11-03 13:22:13 - MasterRunner - INFO - Total Scripts: 10
2025-11-03 13:22:13 - MasterRunner - INFO - Successful: 10
2025-11-03 13:22:13 - MasterRunner - INFO - Failed: 0
2025-11-03 13:22:13 - MasterRunner - INFO - ✓ All scripts completed successfully!
2025-11-03 13:22:13 - MasterRunner - INFO - ============================================================
2025-11-03 13:24:02 - GeneratorWrapper - INFO - Running generator: master_runner.py
2025-11-03 13:24:02 - MasterRunner - INFO - ============================================================
2025-11-03 13:24:02 - MasterRunner - INFO - MASTER RUNNER STARTED
2025-11-03 13:24:02 - MasterRunner - INFO - Timestamp: 2025-11-03 13:24:02.684230
2025-11-03 13:24:02 - MasterRunner - INFO - Total scripts to run: 10
2025-11-03 13:24:02 - MasterRunner - INFO - ============================================================
2025-11-03 13:24:02 - MasterRunner - INFO - ============================================================
2025-11-03 13:24:02 - MasterRunner - INFO - Running: Categories (01_generate_categories.py)
2025-11-03 13:24:02 - MasterRunner - INFO - ============================================================
2025-11-03 13:24:02 - CategoryGenerator - INFO - ============================================================
2025-11-03 13:24:02 - CategoryGenerator - INFO - CATEGORY GENERATOR STARTED
2025-11-03 13:24:02 - CategoryGenerator - INFO - Timestamp: 2025-11-03 13:24:02.749291
2025-11-03 13:24:02 - CategoryGenerator - INFO - ============================================================
2025-11-03 13:24:02 - CategoryGenerator - INFO - Starting category generation - Batch size: 2
2025-11-03 13:24:02 - CategoryGenerator - INFO - ✓ Created category #7: Professional Lifestyle
2025-11-03 13:24:02 - CategoryGenerator - INFO - ✓ Created category #8: Personal Hygiene
2025-11-03 13:24:02 - CategoryGenerator - INFO - ============================================================
2025-11-03 13:24:02 - CategoryGenerator - INFO - Generation Summary for CATEGORY
2025-11-03 13:24:02 - CategoryGenerator - INFO - Batch Size: 2
2025-11-03 13:24:02 - CategoryGenerator - INFO - Successfully Generated: 2
2025-11-03 13:24:02 - CategoryGenerator - INFO - Failed: 0
2025-11-03 13:24:02 - CategoryGenerator - INFO - Success Rate: 100.0%
2025-11-03 13:24:02 - CategoryGenerator - INFO - ============================================================
2025-11-03 13:24:02 - CategoryGenerator - INFO - Total categories in database: 8
2025-11-03 13:24:02 - CategoryGenerator - INFO - CATEGORY GENERATOR FINISHED
2025-11-03 13:24:02 - CategoryGenerator - INFO - ============================================================
2025-11-03 13:24:02 - MasterRunner - INFO - ✓ Categories completed successfully
2025-11-03 13:24:02 - MasterRunner - INFO - ============================================================
2025-11-03 13:24:02 - MasterRunner - INFO - Running: Suppliers (02_generate_suppliers.py)
2025-11-03 13:24:02 - MasterRunner - INFO - ============================================================
2025-11-03 13:24:02 - SupplierGenerator - INFO - ============================================================
2025-11-03 13:24:02 - SupplierGenerator - INFO - SUPPLIER GENERATOR STARTED
2025-11-03 13:24:02 - SupplierGenerator - INFO - Timestamp: 2025-11-03 13:24:02.847038
2025-11-03 13:24:02 - SupplierGenerator - INFO - ============================================================
2025-11-03 13:24:02 - SupplierGenerator - INFO - Starting supplier generation - Batch size: 3
2025-11-03 13:24:02 - SupplierGenerator - INFO - ✓ Created supplier #4: Advanced Healthcare (HNZ)
2025-11-03 13:24:02 - SupplierGenerator - INFO - ✓ Created supplier #5: Supreme Pharmaceuticals (JJ)
2025-11-03 13:24:02 - SupplierGenerator - INFO - ✓ Created supplier #6: Metro Labs Pty Ltd
2025-11-03 13:24:02 - SupplierGenerator - INFO - ============================================================
2025-11-03 13:24:02 - SupplierGenerator - INFO - Generation Summary for SUPPLIER
2025-11-03 13:24:02 - SupplierGenerator - INFO - Batch Size: 3
2025-11-03 13:24:02 - SupplierGenerator - INFO - Successfully Generated: 3
2025-11-03 13:24:02 - SupplierGenerator - INFO - Failed: 0
2025-11-03 13:24:02 - SupplierGenerator - INFO - Success Rate: 100.0%
2025-11-03 13:24:02 - SupplierGenerator - INFO - ============================================================
2025-11-03 13:24:02 - SupplierGenerator - INFO - Total suppliers in database: 6
2025-11-03 13:24:02 - SupplierGenerator - INFO - SUPPLIER GENERATOR FINISHED
2025-11-03 13:24:02 - SupplierGenerator - INFO - ============================================================
2025-11-03 13:24:02 - MasterRunner - INFO - ✓ Suppliers completed successfully
2025-11-03 13:24:02 - MasterRunner - INFO - ============================================================
2025-11-03 13:24:02 - MasterRunner - INFO - Running: Staff (03_generate_staff.py)
2025-11-03 13:24:02 - MasterRunner - INFO - ============================================================
2025-11-03 13:24:02 - StaffGenerator - INFO - ============================================================
2025-11-03 13:24:02 - StaffGenerator - INFO - STAFF GENERATOR STARTED
2025-11-03 13:24:02 - StaffGenerator - INFO - Timestamp: 2025-11-03 13:24:02.995425
2025-11-03 13:24:02 - StaffGenerator - INFO - ============================================================
2025-11-03 13:24:02 - StaffGenerator - INFO - Starting staff generation - Batch size: 2
2025-11-03 13:24:03 - StaffGenerator - INFO - ✓ Created staff #3: David T 205982 (Stock Controller)
2025-11-03 13:24:03 - StaffGenerator - INFO - ✓ Created staff #4: Daniel R 624250 (Pharmacist)
2025-11-03 13:24:03 - StaffGenerator - INFO - ============================================================
2025-11-03 13:24:03 - StaffGenerator - INFO - Generation Summary for STAFF
2025-11-03 13:24:03 - StaffGenerator - INFO - Batch Size: 2
2025-11-03 13:24:03 - StaffGenerator - INFO - Successfully Generated: 2
2025-11-03 13:24:03 - StaffGenerator - INFO - Failed: 0
2025-11-03 13:24:03 - StaffGenerator - INFO - Success Rate: 100.0%
2025-11-03 13:24:03 - StaffGenerator - INFO - ============================================================
2025-11-03 13:24:03 - StaffGenerator - INFO - Total staff in database: 4
2025-11-03 13:24:03 - StaffGenerator - INFO - STAFF GENERATOR FINISHED
2025-11-03 13:24:03 - StaffGenerator - INFO - ============================================================
2025-11-03 13:24:03 - MasterRunner - INFO - ✓ Staff completed successfully
2025-11-03 13:24:03 - MasterRunner - INFO - ============================================================
2025-11-03 13:24:03 - MasterRunner - INFO - Running: Machines (04_generate_machines.py)
2025-11-03 13:24:03 - MasterRunner - INFO - ============================================================
2025-11-03 13:24:03 - MachineGenerator - INFO - ============================================================
2025-11-03 13:24:03 - MachineGenerator - INFO - MACHINE GENERATOR STARTED
2025-11-03 13:24:03 - MachineGenerator - INFO - Timestamp: 2025-11-03 13:24:03.091764
2025-11-03 13:24:03 - MachineGenerator - INFO - ============================================================
2025-11-03 13:24:03 - MachineGenerator - INFO - Starting machine generation - Batch size: 1
2025-11-03 13:24:03 - MachineGenerator - INFO - ✓ Created machine #2: TILL02 at Mobile Unit
2025-11-03 13:24:03 - MachineGenerator - INFO - ============================================================
2025-11-03 13:24:03 - MachineGenerator - INFO - Generation Summary for MACHINE
2025-11-03 13:24:03 - MachineGenerator - INFO - Batch Size: 1
2025-11-03 13:24:03 - MachineGenerator - INFO - Successfully Generated: 1
2025-11-03 13:24:03 - MachineGenerator - INFO - Failed: 0
2025-11-03 13:24:03 - MachineGenerator - INFO - Success Rate: 100.0%
2025-11-03 13:24:03 - MachineGenerator - INFO - ============================================================
2025-11-03 13:24:03 - MachineGenerator - INFO - Total machines in database: 2
2025-11-03 13:24:03 - MachineGenerator - INFO - MACHINE GENERATOR FINISHED
2025-11-03 13:24:03 - MachineGenerator - INFO - ============================================================
2025-11-03 13:24:03 - MasterRunner - INFO - ✓ Machines completed successfully
2025-11-03 13:24:03 - MasterRunner - INFO - ============================================================
2025-11-03 13:24:03 - MasterRunner - INFO - Running: Payment Methods (05_generate_payment_methods.py)
2025-11-03 13:24:03 - MasterRunner - INFO - ============================================================
2025-11-03 13:24:03 - PaymentMethodGenerator - INFO - ============================================================
2025-11-03 13:24:03 - PaymentMethodGenerator - INFO - PAYMENT METHOD GENERATOR STARTED
2025-11-03 13:24:03 - PaymentMethodGenerator - INFO - Timestamp: 2025-11-03 13:24:03.177078
2025-11-03 13:24:03 - PaymentMethodGenerator - INFO - ============================================================
2025-11-03 13:24:03 - PaymentMethodGenerator - INFO - Starting payment method generation - Batch size: 1
2025-11-03 13:24:03 - PaymentMethodGenerator - INFO - ✓ Created payment method #2: CREDIT CARD (1.5% fee)
2025-11-03 13:24:03 - PaymentMethodGenerator - INFO - ============================================================
2025-11-03 13:24:03 - PaymentMethodGenerator - INFO - Generation Summary for PAYMENT_METHOD
2025-11-03 13:24:03 - PaymentMethodGenerator - INFO - Batch Size: 1
2025-11-03 13:24:03 - PaymentMethodGenerator - INFO - Successfully Generated: 1
2025-11-03 13:24:03 - PaymentMethodGenerator - INFO - Failed: 0
2025-11-03 13:24:03 - PaymentMethodGenerator - INFO - Success Rate: 100.0%
2025-11-03 13:24:03 - PaymentMethodGenerator - INFO - ============================================================
2025-11-03 13:24:03 - PaymentMethodGenerator - INFO - Total payment methods in database: 2
2025-11-03 13:24:03 - PaymentMethodGenerator - INFO - PAYMENT METHOD GENERATOR FINISHED
2025-11-03 13:24:03 - PaymentMethodGenerator - INFO - ============================================================
2025-11-03 13:24:03 - MasterRunner - INFO - ✓ Payment Methods completed successfully
2025-11-03 13:24:03 - MasterRunner - INFO - ============================================================
2025-11-03 13:24:03 - MasterRunner - INFO - Running: Transaction Types (06_generate_transaction_types.py)
2025-11-03 13:24:03 - MasterRunner - INFO - ============================================================
2025-11-03 13:24:03 - TransactionTypeGenerator - INFO - ============================================================
2025-11-03 13:24:03 - TransactionTypeGenerator - INFO - TRANSACTION TYPE GENERATOR STARTED
2025-11-03 13:24:03 - TransactionTypeGenerator - INFO - Timestamp: 2025-11-03 13:24:03.262537
2025-11-03 13:24:03 - TransactionTypeGenerator - INFO - ============================================================
2025-11-03 13:24:03 - TransactionTypeGenerator - INFO - Starting transaction type generation - Batch size: 1
2025-11-03 13:24:03 - TransactionTypeGenerator - INFO - ✓ Created transaction type #2: Staff Purchase [Inv:✓ Rev:✓]
2025-11-03 13:24:03 - TransactionTypeGenerator - INFO - ============================================================
2025-11-03 13:24:03 - TransactionTypeGenerator - INFO - Generation Summary for TRANSACTION_TYPE
2025-11-03 13:24:03 - TransactionTypeGenerator - INFO - Batch Size: 1
2025-11-03 13:24:03 - TransactionTypeGenerator - INFO - Successfully Generated: 1
2025-11-03 13:24:03 - TransactionTypeGenerator - INFO - Failed: 0
2025-11-03 13:24:03 - TransactionTypeGenerator - INFO - Success Rate: 100.0%
2025-11-03 13:24:03 - TransactionTypeGenerator - INFO - ============================================================
2025-11-03 13:24:03 - TransactionTypeGenerator - INFO - Total transaction types in database: 2
2025-11-03 13:24:03 - TransactionTypeGenerator - INFO - TRANSACTION TYPE GENERATOR FINISHED
2025-11-03 13:24:03 - TransactionTypeGenerator - INFO - ============================================================
2025-11-03 13:24:03 - MasterRunner - INFO - ✓ Transaction Types completed successfully
2025-11-03 13:24:03 - MasterRunner - INFO - ============================================================
2025-11-03 13:24:03 - MasterRunner - INFO - Running: Product Groups (07_generate_product_groups.py)
2025-11-03 13:24:03 - MasterRunner - INFO - ============================================================
2025-11-03 13:24:03 - ProductGroupGenerator - INFO - ============================================================
2025-11-03 13:24:03 - ProductGroupGenerator - INFO - PRODUCT GROUP GENERATOR STARTED
2025-11-03 13:24:03 - ProductGroupGenerator - INFO - Timestamp: 2025-11-03 13:24:03.349107
2025-11-03 13:24:03 - ProductGroupGenerator - INFO - ============================================================
2025-11-03 13:24:03 - ProductGroupGenerator - INFO - Starting product group generation - Batch size: 3
2025-11-03 13:24:03 - ProductGroupGenerator - INFO - ✓ Created product group #4: Vitamins Essentials (Category: 5)
2025-11-03 13:24:03 - ProductGroupGenerator - INFO - ✓ Created product group #5: Goat (Category: 4)
2025-11-03 13:24:03 - ProductGroupGenerator - INFO - ✓ Created product group #6: Wellness Range (Category: 2)
2025-11-03 13:24:03 - ProductGroupGenerator - INFO - ============================================================
2025-11-03 13:24:03 - ProductGroupGenerator - INFO - Generation Summary for PRODUCT_GROUP
2025-11-03 13:24:03 - ProductGroupGenerator - INFO - Batch Size: 3
2025-11-03 13:24:03 - ProductGroupGenerator - INFO - Successfully Generated: 3
2025-11-03 13:24:03 - ProductGroupGenerator - INFO - Failed: 0
2025-11-03 13:24:03 - ProductGroupGenerator - INFO - Success Rate: 100.0%
2025-11-03 13:24:03 - ProductGroupGenerator - INFO - ============================================================
2025-11-03 13:24:03 - ProductGroupGenerator - INFO - Total product groups in database: 6
2025-11-03 13:24:03 - ProductGroupGenerator - INFO - PRODUCT GROUP GENERATOR FINISHED
2025-11-03 13:24:03 - ProductGroupGenerator - INFO - ============================================================
2025-11-03 13:24:03 - MasterRunner - INFO - ✓ Product Groups completed successfully
2025-11-03 13:24:03 - MasterRunner - INFO - ============================================================
2025-11-03 13:24:03 - MasterRunner - INFO - Running: Products (08_generate_products.py)
2025-11-03 13:24:03 - MasterRunner - INFO - ============================================================
2025-11-03 13:24:03 - ProductGenerator - INFO - ============================================================
2025-11-03 13:24:03 - ProductGenerator - INFO - PRODUCT GENERATOR STARTED
2025-11-03 13:24:03 - ProductGenerator - INFO - Timestamp: 2025-11-03 13:24:03.458201
2025-11-03 13:24:03 - ProductGenerator - INFO - ============================================================
2025-11-03 13:24:03 - ProductGenerator - INFO - Starting product generation - Batch size: 10
2025-11-03 13:24:03 - ProductGenerator - INFO - ✓ Created product PLU 76658: Life-Space Powder Cream 50ml... (SOH: 66, Cost: $21.63)
2025-11-03 13:24:03 - ProductGenerator - INFO - ✓ Created product PLU 849: Oral B Maximum Complex 20 Pack... (SOH: 72, Cost: $24.18)
2025-11-03 13:24:03 - ProductGenerator - INFO - ✓ Created product PLU 539424: Healthy Care Total Formula 25g... (SOH: 35, Cost: $11.80)
2025-11-03 13:24:03 - ProductGenerator - INFO - ✓ Created product PLU 9180: Lucas Papaw Premium Tablets 30 Pack... (SOH: 72, Cost: $3.51)
2025-11-03 13:24:03 - ProductGenerator - INFO - ✓ Created product PLU 6065: Neutrogena Shampoo Oil 125ml... (SOH: 32, Cost: $1.59)
2025-11-03 13:24:03 - ProductGenerator - INFO - ✓ Created product PLU 710: Nivea Therapeutic Conditioner 25g... (SOH: 20, Cost: $36.83)
2025-11-03 13:24:03 - ProductGenerator - INFO - ✓ Created product PLU 59092: Dettol Dermatological Lotion 10 Pack... (SOH: 50, Cost: $1.39)
2025-11-03 13:24:03 - ProductGenerator - INFO - ✓ Created product PLU 58037: Nature's Way Cream 250g... (SOH: 33, Cost: $7.26)
2025-11-03 13:24:03 - ProductGenerator - INFO - ✓ Created product PLU 57416: Nature's Way Therapeutic Gel 100 Pack... (SOH: 21, Cost: $6.36)
2025-11-03 13:24:03 - ProductGenerator - INFO - ✓ Created product PLU 77271: QV Care Lotion 20 Pack... (SOH: 79, Cost: $19.16)
2025-11-03 13:24:03 - ProductGenerator - INFO - ============================================================
2025-11-03 13:24:03 - ProductGenerator - INFO - Generation Summary for PRODUCT
2025-11-03 13:24:03 - ProductGenerator - INFO - Batch Size: 10
2025-11-03 13:24:03 - ProductGenerator - INFO - Successfully Generated: 10
2025-11-03 13:24:03 - ProductGenerator - INFO - Failed: 0
2025-11-03 13:24:03 - ProductGenerator - INFO - Success Rate: 100.0%
2025-11-03 13:24:03 - ProductGenerator - INFO - ============================================================
2025-11-03 13:24:03 - ProductGenerator - INFO - Total products in database: 20
2025-11-03 13:24:03 - ProductGenerator - INFO - PRODUCT GENERATOR FINISHED
2025-11-03 13:24:03 - ProductGenerator - INFO - ============================================================
2025-11-03 13:24:03 - MasterRunner - INFO - ✓ Products completed successfully
2025-11-03 13:24:03 - MasterRunner - INFO - ============================================================
2025-11-03 13:24:03 - MasterRunner - INFO - Running: Transaction Headers (09_generate_transaction_headers.py)
2025-11-03 13:24:03 - MasterRunner - INFO - ============================================================
2025-11-03 13:24:03 - TransactionHeaderGenerator - INFO - ============================================================
2025-11-03 13:24:03 - TransactionHeaderGenerator - INFO - TRANSACTION HEADER GENERATOR STARTED
2025-11-03 13:24:03 - TransactionHeaderGenerator - INFO - Timestamp: 2025-11-03 13:24:03.645168
2025-11-03 13:24:03 - TransactionHeaderGenerator - INFO - ============================================================
2025-11-03 13:24:03 - TransactionHeaderGenerator - INFO - Starting transaction header generation - Batch size: 20
2025-11-03 13:24:03 - TransactionHeaderGenerator - INFO - ✓ Created transaction #21: 2025-10-25 14:49:24 on Machine #2
2025-11-03 13:24:03 - TransactionHeaderGenerator - INFO - ✓ Created transaction #22: 2025-08-23 18:57:39 on Machine #2
2025-11-03 13:24:03 - TransactionHeaderGenerator - INFO - ✓ Created transaction #23: 2025-09-04 20:34:05 on Machine #1
2025-11-03 13:24:03 - TransactionHeaderGenerator - INFO - ✓ Created transaction #24: 2025-08-14 21:33:02 on Machine #1
2025-11-03 13:24:03 - TransactionHeaderGenerator - INFO - ✓ Created transaction #25: 2025-08-09 21:46:53 on Machine #1
2025-11-03 13:24:03 - TransactionHeaderGenerator - INFO - ✓ Created transaction #26: 2025-09-03 10:06:13 on Machine #2
2025-11-03 13:24:03 - TransactionHeaderGenerator - INFO - ✓ Created transaction #27: 2025-10-10 17:29:38 on Machine #2
2025-11-03 13:24:03 - TransactionHeaderGenerator - INFO - ✓ Created transaction #28: 2025-09-29 08:42:30 on Machine #1
2025-11-03 13:24:03 - TransactionHeaderGenerator - INFO - ✓ Created transaction #29: 2025-10-25 22:07:49 on Machine #2
2025-11-03 13:24:03 - TransactionHeaderGenerator - INFO - ✓ Created transaction #30: 2025-09-04 22:22:01 on Machine #1
2025-11-03 13:24:03 - TransactionHeaderGenerator - INFO - ✓ Created transaction #31: 2025-10-26 12:34:27 on Machine #2
2025-11-03 13:24:03 - TransactionHeaderGenerator - INFO - ✓ Created transaction #32: 2025-08-17 22:42:57 on Machine #1
2025-11-03 13:24:03 - TransactionHeaderGenerator - INFO - ✓ Created transaction #33: 2025-08-16 20:30:38 on Machine #1 [Staff Purchase]
2025-11-03 13:24:03 - TransactionHeaderGenerator - INFO - ✓ Created transaction #34: 2025-10-04 12:33:11 on Machine #2
2025-11-03 13:24:03 - TransactionHeaderGenerator - INFO - ✓ Created transaction #35: 2025-08-22 10:54:59 on Machine #2
2025-11-03 13:24:03 - TransactionHeaderGenerator - INFO - ✓ Created transaction #36: 2025-08-23 13:22:25 on Machine #2
2025-11-03 13:24:03 - TransactionHeaderGenerator - INFO - ✓ Created transaction #37: 2025-09-01 12:59:43 on Machine #2
2025-11-03 13:24:03 - TransactionHeaderGenerator - INFO - ✓ Created transaction #38: 2025-10-05 15:49:46 on Machine #1
2025-11-03 13:24:03 - TransactionHeaderGenerator - INFO - ✓ Created transaction #39: 2025-10-02 17:05:15 on Machine #2
2025-11-03 13:24:03 - TransactionHeaderGenerator - INFO - ✓ Created transaction #40: 2025-08-26 09:04:29 on Machine #2
2025-11-03 13:24:03 - TransactionHeaderGenerator - INFO - ============================================================
2025-11-03 13:24:03 - TransactionHeaderGenerator - INFO - Generation Summary for TRANSACTION_HEADER
2025-11-03 13:24:03 - TransactionHeaderGenerator - INFO - Batch Size: 20
2025-11-03 13:24:03 - TransactionHeaderGenerator - INFO - Successfully Generated: 20
2025-11-03 13:24:03 - TransactionHeaderGenerator - INFO - Failed: 0
2025-11-03 13:24:03 - TransactionHeaderGenerator - INFO - Success Rate: 100.0%
2025-11-03 13:24:03 - TransactionHeaderGenerator - INFO - ============================================================
2025-11-03 13:24:03 - TransactionHeaderGenerator - INFO - Total transaction headers in database: 40
2025-11-03 13:24:03 - TransactionHeaderGenerator - INFO - TRANSACTION HEADER GENERATOR FINISHED
2025-11-03 13:24:03 - TransactionHeaderGenerator - INFO - ============================================================
2025-11-03 13:24:03 - MasterRunner - INFO - ✓ Transaction Headers completed successfully
2025-11-03 13:24:03 - MasterRunner - INFO - ============================================================
2025-11-03 13:24:03 - MasterRunner - INFO - Running: Transaction Lines (10_generate_transaction_lines.py)
2025-11-03 13:24:03 - MasterRunner - INFO - ============================================================
2025-11-03 13:24:03 - TransactionLineGenerator - INFO - ============================================================
2025-11-03 13:24:03 - TransactionLineGenerator - INFO - TRANSACTION LINE GENERATOR STARTED
2025-11-03 13:24:03 - TransactionLineGenerator - INFO - Timestamp: 2025-11-03 13:24:03.987342
2025-11-03 13:24:03 - TransactionLineGenerator - INFO - ============================================================
2025-11-03 13:24:03 - TransactionLineGenerator - INFO - Starting transaction line generation - Batch size: 50
2025-11-03 13:24:04 - TransactionLineGenerator - INFO - ✓ Created line #51: Transaction #38, PLU 710, Qty 5, $549.95
2025-11-03 13:24:04 - TransactionLineGenerator - INFO - ✓ Created line #52: Transaction #34, PLU 5665, Qty 1, $83.99
2025-11-03 13:24:04 - TransactionLineGenerator - INFO - ✓ Created line #53: Transaction #32, PLU 181, Qty 7, $339.43
2025-11-03 13:24:04 - TransactionLineGenerator - INFO - ✓ Created line #54: Transaction #27, PLU 539424, Qty 9, $175.41
2025-11-03 13:24:04 - TransactionLineGenerator - INFO - ✓ Created line #55: Transaction #20, PLU 119053, Qty 1, $38.79
2025-11-03 13:24:04 - TransactionLineGenerator - INFO - ✓ Created line #56: Transaction #24, PLU 74951, Qty 1, $22.89
2025-11-03 13:24:04 - TransactionLineGenerator - INFO - ✓ Created line #57: Transaction #14, PLU 77271, Qty 1, $35.89
2025-11-03 13:24:04 - TransactionLineGenerator - INFO - ✓ Created line #58: Transaction #5, PLU 57416, Qty 10, $94.90
2025-11-03 13:24:04 - TransactionLineGenerator - INFO - ✓ Created line #59: Transaction #9, PLU 181, Qty 1, $70.79
2025-11-03 13:24:04 - TransactionLineGenerator - INFO - ✓ Created line #60: Transaction #3, PLU 63228, Qty 1, $44.79
2025-11-03 13:24:04 - TransactionLineGenerator - INFO - ✓ Created line #61: Transaction #23, PLU 6065, Qty 7, $27.93
2025-11-03 13:24:04 - TransactionLineGenerator - INFO - ✓ Created line #62: Transaction #40, PLU 9180, Qty 1, $4.95
2025-11-03 13:24:04 - TransactionLineGenerator - INFO - ✓ Created line #63: Transaction #27, PLU 849, Qty 1, $60.89
2025-11-03 13:24:04 - TransactionLineGenerator - INFO - ✓ Created line #64: Transaction #12, PLU 181, Qty 3, $196.47
2025-11-03 13:24:04 - TransactionLineGenerator - INFO - ✓ Created line #65: Transaction #27, PLU 57416, Qty 1, $18.79
2025-11-03 13:24:04 - TransactionLineGenerator - INFO - ✓ Created line #66: Transaction #33, PLU 6065, Qty 1, $2.49
2025-11-03 13:24:04 - TransactionLineGenerator - INFO - ✓ Created line #67: Transaction #4, PLU 41616, Qty 1, $32.49
2025-11-03 13:24:04 - TransactionLineGenerator - INFO - ✓ Created line #68: Transaction #21, PLU 74951, Qty 1, $30.79
2025-11-03 13:24:04 - TransactionLineGenerator - INFO - ✓ Created line #69: Transaction #6, PLU 76658, Qty 7, $326.83
2025-11-03 13:24:04 - TransactionLineGenerator - INFO - ✓ Created line #70: Transaction #17, PLU 76658, Qty 9, $530.01
2025-11-03 13:24:04 - TransactionLineGenerator - INFO - ✓ Created line #71: Transaction #22, PLU 63228, Qty 1, $40.89
2025-11-03 13:24:04 - TransactionLineGenerator - INFO - ✓ Created line #72: Transaction #17, PLU 710, Qty 4, $278.76
2025-11-03 13:24:04 - TransactionLineGenerator - INFO - ✓ Created line #73: Transaction #9, PLU 57416, Qty 1, $17.69
2025-11-03 13:24:04 - TransactionLineGenerator - INFO - ✓ Created line #74: Transaction #40, PLU 79765, Qty 1, $14.99
2025-11-03 13:24:04 - TransactionLineGenerator - INFO - ✓ Created line #75: Transaction #8, PLU 58037, Qty 1, $17.79
2025-11-03 13:24:04 - TransactionLineGenerator - INFO - ✓ Created line #76: Transaction #4, PLU 849, Qty 1, $42.95
2025-11-03 13:24:04 - TransactionLineGenerator - INFO - ✓ Created line #77: Transaction #31, PLU 74951, Qty 6, $236.94
2025-11-03 13:24:04 - TransactionLineGenerator - INFO - ✓ Created line #78: Transaction #22, PLU 63228, Qty 1, $27.79
2025-11-03 13:24:04 - TransactionLineGenerator - INFO - ✓ Created line #79: Transaction #21, PLU 76658, Qty 1, $33.69
2025-11-03 13:24:04 - TransactionLineGenerator - INFO - ✓ Created line #80: Transaction #10, PLU 6065, Qty 3, $8.97
2025-11-03 13:24:04 - TransactionLineGenerator - INFO - ✓ Created line #81: Transaction #7, PLU 5665, Qty 1, $102.49
2025-11-03 13:24:04 - TransactionLineGenerator - INFO - ✓ Created line #82: Transaction #24, PLU 79765, Qty 1, $18.79
2025-11-03 13:24:04 - TransactionLineGenerator - INFO - ✓ Created line #83: Transaction #20, PLU 539424, Qty 1, $35.95
2025-11-03 13:24:04 - TransactionLineGenerator - INFO - ✓ Created line #84: Transaction #38, PLU 57416, Qty 1, $11.11 (5.0% off)
2025-11-03 13:24:04 - TransactionLineGenerator - INFO - ✓ Created line #85: Transaction #22, PLU 179, Qty 1, $31.89
2025-11-03 13:24:04 - TransactionLineGenerator - INFO - ✓ Created line #86: Transaction #40, PLU 179, Qty 2, $95.98
2025-11-03 13:24:04 - TransactionLineGenerator - INFO - ✓ Created line #87: Transaction #30, PLU 181, Qty 5, $303.45
2025-11-03 13:24:04 - TransactionLineGenerator - INFO - ✓ Created line #88: Transaction #13, PLU 58037, Qty 4, $63.56
2025-11-03 13:24:04 - TransactionLineGenerator - INFO - ✓ Created line #89: Transaction #27, PLU 59092, Qty 9, $26.01
2025-11-03 13:24:04 - TransactionLineGenerator - INFO - ✓ Created line #90: Transaction #40, PLU 9180, Qty 2, $19.58
2025-11-03 13:24:04 - TransactionLineGenerator - INFO - ✓ Created line #91: Transaction #36, PLU 41616, Qty 1, $14.31 (20.0% off)
2025-11-03 13:24:04 - TransactionLineGenerator - INFO - ✓ Created line #92: Transaction #5, PLU 5458, Qty 1, $45.89
2025-11-03 13:24:04 - TransactionLineGenerator - INFO - ✓ Created line #93: Transaction #27, PLU 79765, Qty 1, $19.79
2025-11-03 13:24:04 - TransactionLineGenerator - INFO - ✓ Created line #94: Transaction #33, PLU 77271, Qty 4, $103.80
2025-11-03 13:24:04 - TransactionLineGenerator - INFO - ✓ Created line #95: Transaction #29, PLU 79765, Qty 1, $10.69
2025-11-03 13:24:04 - TransactionLineGenerator - INFO - ✓ Created line #96: Transaction #25, PLU 63228, Qty 1, $34.95
2025-11-03 13:24:04 - TransactionLineGenerator - INFO - ✓ Created line #97: Transaction #15, PLU 539424, Qty 1, $22.79
2025-11-03 13:24:04 - TransactionLineGenerator - INFO - ✓ Created line #98: Transaction #35, PLU 849, Qty 1, $58.70 (5.0% off)
2025-11-03 13:24:04 - TransactionLineGenerator - INFO - ✓ Created line #99: Transaction #25, PLU 41616, Qty 3, $56.97
2025-11-03 13:24:04 - TransactionLineGenerator - INFO - ✓ Created line #100: Transaction #22, PLU 58037, Qty 1, $21.69
2025-11-03 13:24:04 - TransactionLineGenerator - INFO - ============================================================
2025-11-03 13:24:04 - TransactionLineGenerator - INFO - Generation Summary for TRANSACTION_LINE
2025-11-03 13:24:04 - TransactionLineGenerator - INFO - Batch Size: 50
2025-11-03 13:24:04 - TransactionLineGenerator - INFO - Successfully Generated: 50
2025-11-03 13:24:04 - TransactionLineGenerator - INFO - Failed: 0
2025-11-03 13:24:04 - TransactionLineGenerator - INFO - Success Rate: 100.0%
2025-11-03 13:24:04 - TransactionLineGenerator - INFO - ============================================================
2025-11-03 13:24:04 - TransactionLineGenerator - INFO - Total transaction lines in database: 100
2025-11-03 13:24:04 - TransactionLineGenerator - INFO - Transactions with line items: 36/40
2025-11-03 13:24:04 - TransactionLineGenerator - INFO - TRANSACTION LINE GENERATOR FINISHED
2025-11-03 13:24:04 - TransactionLineGenerator - INFO - ============================================================
2025-11-03 13:24:04 - MasterRunner - INFO - ✓ Transaction Lines completed successfully
2025-11-03 13:24:04 - MasterRunner - INFO - ============================================================
2025-11-03 13:24:04 - MasterRunner - INFO - MASTER RUNNER SUMMARY
2025-11-03 13:24:04 - MasterRunner - INFO - ============================================================
2025-11-03 13:24:04 - MasterRunner - INFO - Total Scripts: 10
2025-11-03 13:24:04 - MasterRunner - INFO - Successful: 10
2025-11-03 13:24:04 - MasterRunner - INFO - Failed: 0
2025-11-03 13:24:04 - MasterRunner - INFO - ✓ All scripts completed successfully!
2025-11-03 13:24:04 - MasterRunner - INFO - ============================================================
2025-11-03 13:24:04 - GeneratorWrapper - INFO - ✓ Generator completed successfully
