2025-11-04 00:10:45 - CategoryGenerator - INFO - ============================================================
2025-11-04 00:10:45 - CategoryGenerator - INFO - CATEGORY GENERATOR STARTED
2025-11-04 00:10:45 - CategoryGenerator - INFO - Timestamp: 2025-11-04 00:10:45.627980
2025-11-04 00:10:45 - CategoryGenerator - INFO - ============================================================
2025-11-04 00:10:45 - CategoryGenerator - INFO - Starting category generation - Batch size: 2
2025-11-04 00:10:45 - CategoryGenerator - INFO - ✓ Created category #9: Body Care
2025-11-04 00:10:45 - CategoryGenerator - INFO - ✓ Created category #10: Stationary
2025-11-04 00:10:45 - CategoryGenerator - INFO - ============================================================
2025-11-04 00:10:45 - CategoryGenerator - INFO - Generation Summary for CATEGORY
2025-11-04 00:10:45 - CategoryGenerator - INFO - Batch Size: 2
2025-11-04 00:10:45 - CategoryGenerator - INFO - Successfully Generated: 2
2025-11-04 00:10:45 - CategoryGenerator - INFO - Failed: 0
2025-11-04 00:10:45 - CategoryGenerator - INFO - Success Rate: 100.0%
2025-11-04 00:10:45 - CategoryGenerator - INFO - ============================================================
2025-11-04 00:10:45 - CategoryGenerator - INFO - Total categories in database: 10
2025-11-04 00:10:45 - CategoryGenerator - INFO - CATEGORY GENERATOR FINISHED
2025-11-04 00:10:45 - CategoryGenerator - INFO - ============================================================
2025-11-04 00:10:45 - SupplierGenerator - INFO - ============================================================
2025-11-04 00:10:45 - SupplierGenerator - INFO - SUPPLIER GENERATOR STARTED
2025-11-04 00:10:45 - SupplierGenerator - INFO - Timestamp: 2025-11-04 00:10:45.670776
2025-11-04 00:10:45 - SupplierGenerator - INFO - ============================================================
2025-11-04 00:10:45 - SupplierGenerator - INFO - Starting supplier generation - Batch size: 3
2025-11-04 00:10:45 - SupplierGenerator - INFO - ✓ Created supplier #7: Professional Group (CPA)
2025-11-04 00:10:45 - SupplierGenerator - INFO - ✓ Created supplier #8: National Wellness (SCA)
2025-11-04 00:10:45 - SupplierGenerator - INFO - ✓ Created supplier #9: Metro Personal Care (CAE)
2025-11-04 00:10:45 - SupplierGenerator - INFO - ============================================================
2025-11-04 00:10:45 - SupplierGenerator - INFO - Generation Summary for SUPPLIER
2025-11-04 00:10:45 - SupplierGenerator - INFO - Batch Size: 3
2025-11-04 00:10:45 - SupplierGenerator - INFO - Successfully Generated: 3
2025-11-04 00:10:45 - SupplierGenerator - INFO - Failed: 0
2025-11-04 00:10:45 - SupplierGenerator - INFO - Success Rate: 100.0%
2025-11-04 00:10:45 - SupplierGenerator - INFO - ============================================================
2025-11-04 00:10:45 - SupplierGenerator - INFO - Total suppliers in database: 9
2025-11-04 00:10:45 - SupplierGenerator - INFO - SUPPLIER GENERATOR FINISHED
2025-11-04 00:10:45 - SupplierGenerator - INFO - ============================================================
2025-11-04 00:10:45 - StaffGenerator - INFO - ============================================================
2025-11-04 00:10:45 - StaffGenerator - INFO - STAFF GENERATOR STARTED
2025-11-04 00:10:45 - StaffGenerator - INFO - Timestamp: 2025-11-04 00:10:45.713299
2025-11-04 00:10:45 - StaffGenerator - INFO - ============================================================
2025-11-04 00:10:45 - StaffGenerator - INFO - Starting staff generation - Batch size: 2
2025-11-04 00:10:45 - StaffGenerator - INFO - ✓ Created staff #5: Alexander T 660525 (Customer Service)
2025-11-04 00:10:45 - StaffGenerator - INFO - ✓ Created staff #6: Tiet I 553992 (No role)
2025-11-04 00:10:45 - StaffGenerator - INFO - ============================================================
2025-11-04 00:10:45 - StaffGenerator - INFO - Generation Summary for STAFF
2025-11-04 00:10:45 - StaffGenerator - INFO - Batch Size: 2
2025-11-04 00:10:45 - StaffGenerator - INFO - Successfully Generated: 2
2025-11-04 00:10:45 - StaffGenerator - INFO - Failed: 0
2025-11-04 00:10:45 - StaffGenerator - INFO - Success Rate: 100.0%
2025-11-04 00:10:45 - StaffGenerator - INFO - ============================================================
2025-11-04 00:10:45 - StaffGenerator - INFO - Total staff in database: 6
2025-11-04 00:10:45 - StaffGenerator - INFO - STAFF GENERATOR FINISHED
2025-11-04 00:10:45 - StaffGenerator - INFO - ============================================================
2025-11-04 00:10:45 - MachineGenerator - INFO - ============================================================
2025-11-04 00:10:45 - MachineGenerator - INFO - MACHINE GENERATOR STARTED
2025-11-04 00:10:45 - MachineGenerator - INFO - Timestamp: 2025-11-04 00:10:45.753745
2025-11-04 00:10:45 - MachineGenerator - INFO - ============================================================
2025-11-04 00:10:45 - MachineGenerator - INFO - Starting machine generation - Batch size: 1
2025-11-04 00:10:45 - MachineGenerator - INFO - ✓ Created machine #3: TILL03 at Store Rear
2025-11-04 00:10:45 - MachineGenerator - INFO - ============================================================
2025-11-04 00:10:45 - MachineGenerator - INFO - Generation Summary for MACHINE
2025-11-04 00:10:45 - MachineGenerator - INFO - Batch Size: 1
2025-11-04 00:10:45 - MachineGenerator - INFO - Successfully Generated: 1
2025-11-04 00:10:45 - MachineGenerator - INFO - Failed: 0
2025-11-04 00:10:45 - MachineGenerator - INFO - Success Rate: 100.0%
2025-11-04 00:10:45 - MachineGenerator - INFO - ============================================================
2025-11-04 00:10:45 - MachineGenerator - INFO - Total machines in database: 3
2025-11-04 00:10:45 - MachineGenerator - INFO - MACHINE GENERATOR FINISHED
2025-11-04 00:10:45 - MachineGenerator - INFO - ============================================================
2025-11-04 00:10:45 - PaymentMethodGenerator - INFO - ============================================================
2025-11-04 00:10:45 - PaymentMethodGenerator - INFO - PAYMENT METHOD GENERATOR STARTED
2025-11-04 00:10:45 - PaymentMethodGenerator - INFO - Timestamp: 2025-11-04 00:10:45.792223
2025-11-04 00:10:45 - PaymentMethodGenerator - INFO - ============================================================
2025-11-04 00:10:45 - PaymentMethodGenerator - INFO - Starting payment method generation - Batch size: 1
2025-11-04 00:10:45 - PaymentMethodGenerator - INFO - ✓ Created payment method #3: MOBILE PAYMENT (1.0% fee)
2025-11-04 00:10:45 - PaymentMethodGenerator - INFO - ============================================================
2025-11-04 00:10:45 - PaymentMethodGenerator - INFO - Generation Summary for PAYMENT_METHOD
2025-11-04 00:10:45 - PaymentMethodGenerator - INFO - Batch Size: 1
2025-11-04 00:10:45 - PaymentMethodGenerator - INFO - Successfully Generated: 1
2025-11-04 00:10:45 - PaymentMethodGenerator - INFO - Failed: 0
2025-11-04 00:10:45 - PaymentMethodGenerator - INFO - Success Rate: 100.0%
2025-11-04 00:10:45 - PaymentMethodGenerator - INFO - ============================================================
2025-11-04 00:10:45 - PaymentMethodGenerator - INFO - Total payment methods in database: 3
2025-11-04 00:10:45 - PaymentMethodGenerator - INFO - PAYMENT METHOD GENERATOR FINISHED
2025-11-04 00:10:45 - PaymentMethodGenerator - INFO - ============================================================
2025-11-04 00:10:45 - TransactionTypeGenerator - INFO - ============================================================
2025-11-04 00:10:45 - TransactionTypeGenerator - INFO - TRANSACTION TYPE GENERATOR STARTED
2025-11-04 00:10:45 - TransactionTypeGenerator - INFO - Timestamp: 2025-11-04 00:10:45.830754
2025-11-04 00:10:45 - TransactionTypeGenerator - INFO - ============================================================
2025-11-04 00:10:45 - TransactionTypeGenerator - INFO - Starting transaction type generation - Batch size: 1
2025-11-04 00:10:45 - TransactionTypeGenerator - INFO - ✓ Created transaction type #3: Sample [Inv:✓ Rev:✗]
2025-11-04 00:10:45 - TransactionTypeGenerator - INFO - ============================================================
2025-11-04 00:10:45 - TransactionTypeGenerator - INFO - Generation Summary for TRANSACTION_TYPE
2025-11-04 00:10:45 - TransactionTypeGenerator - INFO - Batch Size: 1
2025-11-04 00:10:45 - TransactionTypeGenerator - INFO - Successfully Generated: 1
2025-11-04 00:10:45 - TransactionTypeGenerator - INFO - Failed: 0
2025-11-04 00:10:45 - TransactionTypeGenerator - INFO - Success Rate: 100.0%
2025-11-04 00:10:45 - TransactionTypeGenerator - INFO - ============================================================
2025-11-04 00:10:45 - TransactionTypeGenerator - INFO - Total transaction types in database: 3
2025-11-04 00:10:45 - TransactionTypeGenerator - INFO - TRANSACTION TYPE GENERATOR FINISHED
2025-11-04 00:10:45 - TransactionTypeGenerator - INFO - ============================================================
2025-11-04 00:10:45 - ProductGroupGenerator - INFO - ============================================================
2025-11-04 00:10:45 - ProductGroupGenerator - INFO - PRODUCT GROUP GENERATOR STARTED
2025-11-04 00:10:45 - ProductGroupGenerator - INFO - Timestamp: 2025-11-04 00:10:45.879075
2025-11-04 00:10:45 - ProductGroupGenerator - INFO - ============================================================
2025-11-04 00:10:45 - ProductGroupGenerator - INFO - Starting product group generation - Batch size: 3
2025-11-04 00:10:45 - ProductGroupGenerator - INFO - ✓ Created product group #7: Generic Lip Care (Category: 2)
2025-11-04 00:10:45 - ProductGroupGenerator - INFO - ✓ Created product group #8: Skincare Essentials (Category: 9)
2025-11-04 00:10:45 - ProductGroupGenerator - INFO - ✓ Created product group #9: Vaporisers & Oils (Category: 6)
2025-11-04 00:10:45 - ProductGroupGenerator - INFO - ============================================================
2025-11-04 00:10:45 - ProductGroupGenerator - INFO - Generation Summary for PRODUCT_GROUP
2025-11-04 00:10:45 - ProductGroupGenerator - INFO - Batch Size: 3
2025-11-04 00:10:45 - ProductGroupGenerator - INFO - Successfully Generated: 3
2025-11-04 00:10:45 - ProductGroupGenerator - INFO - Failed: 0
2025-11-04 00:10:45 - ProductGroupGenerator - INFO - Success Rate: 100.0%
2025-11-04 00:10:45 - ProductGroupGenerator - INFO - ============================================================
2025-11-04 00:10:45 - ProductGroupGenerator - INFO - Total product groups in database: 9
2025-11-04 00:10:45 - ProductGroupGenerator - INFO - PRODUCT GROUP GENERATOR FINISHED
2025-11-04 00:10:45 - ProductGroupGenerator - INFO - ============================================================
2025-11-04 00:10:45 - ProductGenerator - INFO - ============================================================
2025-11-04 00:10:45 - ProductGenerator - INFO - PRODUCT GENERATOR STARTED
2025-11-04 00:10:45 - ProductGenerator - INFO - Timestamp: 2025-11-04 00:10:45.928419
2025-11-04 00:10:45 - ProductGenerator - INFO - ============================================================
2025-11-04 00:10:45 - ProductGenerator - INFO - Starting product generation - Batch size: 10
2025-11-04 00:10:45 - ProductGenerator - INFO - ✓ Created product PLU 79581: Tablets 200g... (SOH: 46, Cost: $8.85)
2025-11-04 00:10:45 - ProductGenerator - INFO - ✓ Created product PLU 37388: Panadol Drops 90 Tablets... (SOH: 39, Cost: $29.32)
2025-11-04 00:10:45 - ProductGenerator - INFO - ✓ Created product PLU 1132: Avent Extra Conditioner 75ml... (SOH: 39, Cost: $37.75)
2025-11-04 00:10:45 - ProductGenerator - INFO - ✓ Created product PLU 67741: Oral B Complex 24 Tablets... (SOH: 17, Cost: $10.95)
2025-11-04 00:10:45 - ProductGenerator - INFO - ✓ Created product PLU 753255: Ego Maximum Lotion 15ml... (SOH: 20, Cost: $35.00)
2025-11-04 00:10:45 - ProductGenerator - INFO - ✓ Created product PLU 7830: Ego Support 60 Tablets... (SOH: 0, Cost: $21.44)
2025-11-04 00:10:45 - ProductGenerator - INFO - ✓ Created product PLU 82388: Powder 15ml... (SOH: 0, Cost: $14.68)
2025-11-04 00:10:45 - ProductGenerator - INFO - ✓ Created product PLU 7186: Difflam Ultra Capsules 150ml... (SOH: 0, Cost: $20.94)
2025-11-04 00:10:45 - ProductGenerator - INFO - ✓ Created product PLU 3968: Bandaid Moisturizer 125g... (SOH: 0, Cost: $24.38)
2025-11-04 00:10:45 - ProductGenerator - INFO - ✓ Created product PLU 8093: Lucas Papaw Oil Tablets 15g... (SOH: 10, Cost: $21.20)
2025-11-04 00:10:45 - ProductGenerator - INFO - ============================================================
2025-11-04 00:10:45 - ProductGenerator - INFO - Generation Summary for PRODUCT
2025-11-04 00:10:45 - ProductGenerator - INFO - Batch Size: 10
2025-11-04 00:10:45 - ProductGenerator - INFO - Successfully Generated: 10
2025-11-04 00:10:45 - ProductGenerator - INFO - Failed: 0
2025-11-04 00:10:45 - ProductGenerator - INFO - Success Rate: 100.0%
2025-11-04 00:10:45 - ProductGenerator - INFO - ============================================================
2025-11-04 00:10:45 - ProductGenerator - INFO - Total products in database: 30
2025-11-04 00:10:45 - ProductGenerator - INFO - PRODUCT GENERATOR FINISHED
2025-11-04 00:10:45 - ProductGenerator - INFO - ============================================================
2025-11-04 00:10:45 - TransactionHeaderGenerator - INFO - ============================================================
2025-11-04 00:10:45 - TransactionHeaderGenerator - INFO - TRANSACTION HEADER GENERATOR STARTED
2025-11-04 00:10:45 - TransactionHeaderGenerator - INFO - Timestamp: 2025-11-04 00:10:45.989407
2025-11-04 00:10:45 - TransactionHeaderGenerator - INFO - ============================================================
2025-11-04 00:10:45 - TransactionHeaderGenerator - INFO - Starting transaction header generation - Batch size: 20
2025-11-04 00:10:45 - TransactionHeaderGenerator - INFO - ✓ Created transaction #41: 2025-10-21 09:03:35 on Machine #2
2025-11-04 00:10:45 - TransactionHeaderGenerator - INFO - ✓ Created transaction #42: 2025-10-22 14:19:26 on Machine #1
2025-11-04 00:10:45 - TransactionHeaderGenerator - INFO - ✓ Created transaction #43: 2025-08-28 12:19:20 on Machine #3
2025-11-04 00:10:46 - TransactionHeaderGenerator - INFO - ✓ Created transaction #44: 2025-08-22 16:27:03 on Machine #2
2025-11-04 00:10:46 - TransactionHeaderGenerator - INFO - ✓ Created transaction #45: 2025-08-20 14:01:38 on Machine #3 [Staff Purchase]
2025-11-04 00:10:46 - TransactionHeaderGenerator - INFO - ✓ Created transaction #46: 2025-09-13 13:25:10 on Machine #3 [Staff Purchase]
2025-11-04 00:10:46 - TransactionHeaderGenerator - INFO - ✓ Created transaction #47: 2025-08-22 12:56:48 on Machine #2
2025-11-04 00:10:46 - TransactionHeaderGenerator - INFO - ✓ Created transaction #48: 2025-09-16 15:52:36 on Machine #3
2025-11-04 00:10:46 - TransactionHeaderGenerator - INFO - ✓ Created transaction #49: 2025-09-11 08:42:32 on Machine #1
2025-11-04 00:10:46 - TransactionHeaderGenerator - INFO - ✓ Created transaction #50: 2025-08-24 15:58:02 on Machine #2
2025-11-04 00:10:46 - TransactionHeaderGenerator - INFO - ✓ Created transaction #51: 2025-10-14 17:30:09 on Machine #1
2025-11-04 00:10:46 - TransactionHeaderGenerator - INFO - ✓ Created transaction #52: 2025-09-04 12:42:41 on Machine #1 [Staff Purchase]
2025-11-04 00:10:46 - TransactionHeaderGenerator - INFO - ✓ Created transaction #53: 2025-08-31 09:27:10 on Machine #3
2025-11-04 00:10:46 - TransactionHeaderGenerator - INFO - ✓ Created transaction #54: 2025-08-06 20:12:05 on Machine #2 [Staff Purchase]
2025-11-04 00:10:46 - TransactionHeaderGenerator - INFO - ✓ Created transaction #55: 2025-08-28 10:04:57 on Machine #2
2025-11-04 00:10:46 - TransactionHeaderGenerator - INFO - ✓ Created transaction #56: 2025-09-05 10:06:09 on Machine #2
2025-11-04 00:10:46 - TransactionHeaderGenerator - INFO - ✓ Created transaction #57: 2025-09-11 19:39:24 on Machine #3
2025-11-04 00:10:46 - TransactionHeaderGenerator - INFO - ✓ Created transaction #58: 2025-09-14 13:31:31 on Machine #3
2025-11-04 00:10:46 - TransactionHeaderGenerator - INFO - ✓ Created transaction #59: 2025-09-08 19:11:07 on Machine #1
2025-11-04 00:10:46 - TransactionHeaderGenerator - INFO - ✓ Created transaction #60: 2025-09-08 09:42:33 on Machine #2
2025-11-04 00:10:46 - TransactionHeaderGenerator - INFO - ============================================================
2025-11-04 00:10:46 - TransactionHeaderGenerator - INFO - Generation Summary for TRANSACTION_HEADER
2025-11-04 00:10:46 - TransactionHeaderGenerator - INFO - Batch Size: 20
2025-11-04 00:10:46 - TransactionHeaderGenerator - INFO - Successfully Generated: 20
2025-11-04 00:10:46 - TransactionHeaderGenerator - INFO - Failed: 0
2025-11-04 00:10:46 - TransactionHeaderGenerator - INFO - Success Rate: 100.0%
2025-11-04 00:10:46 - TransactionHeaderGenerator - INFO - ============================================================
2025-11-04 00:10:46 - TransactionHeaderGenerator - INFO - Total transaction headers in database: 60
2025-11-04 00:10:46 - TransactionHeaderGenerator - INFO - TRANSACTION HEADER GENERATOR FINISHED
2025-11-04 00:10:46 - TransactionHeaderGenerator - INFO - ============================================================
2025-11-04 00:10:46 - TransactionLineGenerator - INFO - ============================================================
2025-11-04 00:10:46 - TransactionLineGenerator - INFO - TRANSACTION LINE GENERATOR STARTED
2025-11-04 00:10:46 - TransactionLineGenerator - INFO - Timestamp: 2025-11-04 00:10:46.080214
2025-11-04 00:10:46 - TransactionLineGenerator - INFO - ============================================================
2025-11-04 00:10:46 - TransactionLineGenerator - INFO - Starting transaction line generation - Batch size: 50
2025-11-04 00:10:46 - TransactionLineGenerator - INFO - ✓ Created line #101: Transaction #36, PLU 63228, Qty 1, $38.69
2025-11-04 00:10:46 - TransactionLineGenerator - INFO - ✓ Created line #102: Transaction #8, PLU 5458, Qty 4, $157.96
2025-11-04 00:10:46 - TransactionLineGenerator - INFO - ✓ Created line #103: Transaction #55, PLU 181, Qty 5, $329.75
2025-11-04 00:10:46 - TransactionLineGenerator - INFO - ✓ Created line #104: Transaction #44, PLU 77271, Qty 1, $29.69
2025-11-04 00:10:46 - TransactionLineGenerator - INFO - ✓ Created line #105: Transaction #10, PLU 181, Qty 1, $53.79
2025-11-04 00:10:46 - TransactionLineGenerator - INFO - ✓ Created line #106: Transaction #21, PLU 79581, Qty 5, $123.45
2025-11-04 00:10:46 - TransactionLineGenerator - INFO - ✓ Created line #107: Transaction #27, PLU 8093, Qty 2, $103.78
2025-11-04 00:10:46 - TransactionLineGenerator - INFO - ✓ Created line #108: Transaction #7, PLU 77271, Qty 1, $46.89
2025-11-04 00:10:46 - TransactionLineGenerator - INFO - ✓ Created line #109: Transaction #43, PLU 77271, Qty 8, $213.52
2025-11-04 00:10:46 - TransactionLineGenerator - INFO - ✓ Created line #110: Transaction #43, PLU 849, Qty 4, $237.96
2025-11-04 00:10:46 - TransactionLineGenerator - INFO - ✓ Created line #111: Transaction #60, PLU 63228, Qty 1, $38.99
2025-11-04 00:10:46 - TransactionLineGenerator - INFO - ✓ Created line #112: Transaction #33, PLU 9180, Qty 1, $5.69
2025-11-04 00:10:46 - TransactionLineGenerator - INFO - ✓ Created line #113: Transaction #21, PLU 5458, Qty 1, $43.89
2025-11-04 00:10:46 - TransactionLineGenerator - INFO - ✓ Created line #114: Transaction #54, PLU 710, Qty 1, $61.95
2025-11-04 00:10:46 - TransactionLineGenerator - INFO - ✓ Created line #115: Transaction #31, PLU 431, Qty 1, $27.95
2025-11-04 00:10:46 - TransactionLineGenerator - INFO - ✓ Created line #116: Transaction #1, PLU 74951, Qty 5, $203.45
2025-11-04 00:10:46 - TransactionLineGenerator - INFO - ✓ Created line #117: Transaction #5, PLU 5665, Qty 1, $111.79
2025-11-04 00:10:46 - TransactionLineGenerator - INFO - ✓ Created line #118: Transaction #21, PLU 431, Qty 1, $35.79
2025-11-04 00:10:46 - TransactionLineGenerator - INFO - ✓ Created line #119: Transaction #27, PLU 8093, Qty 1, $33.95
2025-11-04 00:10:46 - TransactionLineGenerator - INFO - ✓ Created line #120: Transaction #48, PLU 37388, Qty 5, $364.75
2025-11-04 00:10:46 - TransactionLineGenerator - INFO - ✓ Created line #121: Transaction #53, PLU 6065, Qty 1, $4.49
2025-11-04 00:10:46 - TransactionLineGenerator - INFO - ✓ Created line #122: Transaction #51, PLU 76658, Qty 1, $46.79
2025-11-04 00:10:46 - TransactionLineGenerator - INFO - ✓ Created line #123: Transaction #42, PLU 1132, Qty 3, $155.67
2025-11-04 00:10:46 - TransactionLineGenerator - INFO - ✓ Created line #124: Transaction #41, PLU 5458, Qty 4, $215.16
2025-11-04 00:10:46 - TransactionLineGenerator - INFO - ✓ Created line #125: Transaction #30, PLU 37388, Qty 1, $43.95
2025-11-04 00:10:46 - TransactionLineGenerator - INFO - ✓ Created line #126: Transaction #45, PLU 181, Qty 1, $40.49
2025-11-04 00:10:46 - TransactionLineGenerator - INFO - ✓ Created line #127: Transaction #26, PLU 6065, Qty 1, $2.79
2025-11-04 00:10:46 - TransactionLineGenerator - INFO - ✓ Created line #128: Transaction #33, PLU 753255, Qty 1, $80.99
2025-11-04 00:10:46 - TransactionLineGenerator - INFO - ✓ Created line #129: Transaction #18, PLU 79581, Qty 1, $20.42 (10.0% off)
2025-11-04 00:10:46 - TransactionLineGenerator - INFO - ✓ Created line #130: Transaction #19, PLU 539424, Qty 3, $74.37
2025-11-04 00:10:46 - TransactionLineGenerator - INFO - ✓ Created line #131: Transaction #53, PLU 431, Qty 1, $43.99
2025-11-04 00:10:46 - TransactionLineGenerator - INFO - ✓ Created line #132: Transaction #3, PLU 63228, Qty 1, $29.69
2025-11-04 00:10:46 - TransactionLineGenerator - INFO - ✓ Created line #133: Transaction #1, PLU 74951, Qty 10, $229.90
2025-11-04 00:10:46 - TransactionLineGenerator - INFO - ✓ Created line #134: Transaction #17, PLU 753255, Qty 3, $299.85
2025-11-04 00:10:46 - TransactionLineGenerator - INFO - ✓ Created line #135: Transaction #11, PLU 5665, Qty 1, $140.99
2025-11-04 00:10:46 - TransactionLineGenerator - INFO - ✓ Created line #136: Transaction #45, PLU 753255, Qty 1, $88.79
2025-11-04 00:10:46 - TransactionLineGenerator - INFO - ✓ Created line #137: Transaction #39, PLU 8093, Qty 10, $296.90
2025-11-04 00:10:46 - TransactionLineGenerator - INFO - ✓ Created line #138: Transaction #59, PLU 59092, Qty 1, $3.99
2025-11-04 00:10:46 - TransactionLineGenerator - INFO - ✓ Created line #139: Transaction #50, PLU 8093, Qty 1, $60.79
2025-11-04 00:10:46 - TransactionLineGenerator - INFO - ✓ Created line #140: Transaction #7, PLU 79581, Qty 2, $35.38
2025-11-04 00:10:46 - TransactionLineGenerator - INFO - ✓ Created line #141: Transaction #30, PLU 179, Qty 1, $41.79
2025-11-04 00:10:46 - TransactionLineGenerator - INFO - ✓ Created line #142: Transaction #53, PLU 41616, Qty 1, $21.69
2025-11-04 00:10:46 - TransactionLineGenerator - INFO - ✓ Created line #143: Transaction #7, PLU 59092, Qty 2, $5.38
2025-11-04 00:10:46 - TransactionLineGenerator - INFO - ✓ Created line #144: Transaction #33, PLU 179, Qty 10, $544.90
2025-11-04 00:10:46 - TransactionLineGenerator - INFO - ✓ Created line #145: Transaction #12, PLU 181, Qty 3, $188.07
2025-11-04 00:10:46 - TransactionLineGenerator - INFO - ✓ Created line #146: Transaction #20, PLU 79581, Qty 1, $25.69
2025-11-04 00:10:46 - TransactionLineGenerator - INFO - ✓ Created line #147: Transaction #34, PLU 6065, Qty 2, $5.90
2025-11-04 00:10:46 - TransactionLineGenerator - INFO - ✓ Created line #148: Transaction #3, PLU 79765, Qty 1, $12.39 (20.0% off)
2025-11-04 00:10:46 - TransactionLineGenerator - INFO - ✓ Created line #149: Transaction #33, PLU 710, Qty 1, $81.95
2025-11-04 00:10:46 - TransactionLineGenerator - INFO - ✓ Created line #150: Transaction #60, PLU 79765, Qty 1, $12.69
2025-11-04 00:10:46 - TransactionLineGenerator - INFO - ============================================================
2025-11-04 00:10:46 - TransactionLineGenerator - INFO - Generation Summary for TRANSACTION_LINE
2025-11-04 00:10:46 - TransactionLineGenerator - INFO - Batch Size: 50
2025-11-04 00:10:46 - TransactionLineGenerator - INFO - Successfully Generated: 50
2025-11-04 00:10:46 - TransactionLineGenerator - INFO - Failed: 0
2025-11-04 00:10:46 - TransactionLineGenerator - INFO - Success Rate: 100.0%
2025-11-04 00:10:46 - TransactionLineGenerator - INFO - ============================================================
2025-11-04 00:10:46 - TransactionLineGenerator - INFO - Total transaction lines in database: 150
2025-11-04 00:10:46 - TransactionLineGenerator - INFO - Transactions with line items: 51/60
2025-11-04 00:10:46 - TransactionLineGenerator - INFO - TRANSACTION LINE GENERATOR FINISHED
2025-11-04 00:10:46 - TransactionLineGenerator - INFO - ============================================================
2025-11-04 00:12:15 - CategoryGenerator - INFO - ============================================================
2025-11-04 00:12:15 - CategoryGenerator - INFO - CATEGORY GENERATOR STARTED
2025-11-04 00:12:15 - CategoryGenerator - INFO - Timestamp: 2025-11-04 00:12:15.124379
2025-11-04 00:12:15 - CategoryGenerator - INFO - ============================================================
2025-11-04 00:12:15 - CategoryGenerator - INFO - Starting category generation - Batch size: 2
2025-11-04 00:12:15 - CategoryGenerator - INFO - ✓ Created category #11: Medical
2025-11-04 00:12:15 - CategoryGenerator - INFO - ✓ Created category #12: Natural Beauty
2025-11-04 00:12:15 - CategoryGenerator - INFO - ============================================================
2025-11-04 00:12:15 - CategoryGenerator - INFO - Generation Summary for CATEGORY
2025-11-04 00:12:15 - CategoryGenerator - INFO - Batch Size: 2
2025-11-04 00:12:15 - CategoryGenerator - INFO - Successfully Generated: 2
2025-11-04 00:12:15 - CategoryGenerator - INFO - Failed: 0
2025-11-04 00:12:15 - CategoryGenerator - INFO - Success Rate: 100.0%
2025-11-04 00:12:15 - CategoryGenerator - INFO - ============================================================
2025-11-04 00:12:15 - CategoryGenerator - INFO - Total categories in database: 12
2025-11-04 00:12:15 - CategoryGenerator - INFO - CATEGORY GENERATOR FINISHED
2025-11-04 00:12:15 - CategoryGenerator - INFO - ============================================================
2025-11-04 00:12:15 - SupplierGenerator - INFO - ============================================================
2025-11-04 00:12:15 - SupplierGenerator - INFO - SUPPLIER GENERATOR STARTED
2025-11-04 00:12:15 - SupplierGenerator - INFO - Timestamp: 2025-11-04 00:12:15.177697
2025-11-04 00:12:15 - SupplierGenerator - INFO - ============================================================
2025-11-04 00:12:15 - SupplierGenerator - INFO - Starting supplier generation - Batch size: 3
2025-11-04 00:12:15 - SupplierGenerator - INFO - ✓ Created supplier #10: Advanced Supplements Pty Ltd
2025-11-04 00:12:15 - SupplierGenerator - INFO - ✓ Created supplier #11: ABC Personal Care
2025-11-04 00:12:15 - SupplierGenerator - INFO - ✓ Created supplier #12: XYZ Australia
2025-11-04 00:12:15 - SupplierGenerator - INFO - ============================================================
2025-11-04 00:12:15 - SupplierGenerator - INFO - Generation Summary for SUPPLIER
2025-11-04 00:12:15 - SupplierGenerator - INFO - Batch Size: 3
2025-11-04 00:12:15 - SupplierGenerator - INFO - Successfully Generated: 3
2025-11-04 00:12:15 - SupplierGenerator - INFO - Failed: 0
2025-11-04 00:12:15 - SupplierGenerator - INFO - Success Rate: 100.0%
2025-11-04 00:12:15 - SupplierGenerator - INFO - ============================================================
2025-11-04 00:12:15 - SupplierGenerator - INFO - Total suppliers in database: 12
2025-11-04 00:12:15 - SupplierGenerator - INFO - SUPPLIER GENERATOR FINISHED
2025-11-04 00:12:15 - SupplierGenerator - INFO - ============================================================
2025-11-04 00:12:15 - StaffGenerator - INFO - ============================================================
2025-11-04 00:12:15 - StaffGenerator - INFO - STAFF GENERATOR STARTED
2025-11-04 00:12:15 - StaffGenerator - INFO - Timestamp: 2025-11-04 00:12:15.242024
2025-11-04 00:12:15 - StaffGenerator - INFO - ============================================================
2025-11-04 00:12:15 - StaffGenerator - INFO - Starting staff generation - Batch size: 2
2025-11-04 00:12:15 - StaffGenerator - INFO - ✓ Created staff #7: William R 546161 (No role)
2025-11-04 00:12:15 - StaffGenerator - INFO - ✓ Created staff #8: Benjamin X 869720 (Pharmacy Assistant)
2025-11-04 00:12:15 - StaffGenerator - INFO - ============================================================
2025-11-04 00:12:15 - StaffGenerator - INFO - Generation Summary for STAFF
2025-11-04 00:12:15 - StaffGenerator - INFO - Batch Size: 2
2025-11-04 00:12:15 - StaffGenerator - INFO - Successfully Generated: 2
2025-11-04 00:12:15 - StaffGenerator - INFO - Failed: 0
2025-11-04 00:12:15 - StaffGenerator - INFO - Success Rate: 100.0%
2025-11-04 00:12:15 - StaffGenerator - INFO - ============================================================
2025-11-04 00:12:15 - StaffGenerator - INFO - Total staff in database: 8
2025-11-04 00:12:15 - StaffGenerator - INFO - STAFF GENERATOR FINISHED
2025-11-04 00:12:15 - StaffGenerator - INFO - ============================================================
2025-11-04 00:12:15 - MachineGenerator - INFO - ============================================================
2025-11-04 00:12:15 - MachineGenerator - INFO - MACHINE GENERATOR STARTED
2025-11-04 00:12:15 - MachineGenerator - INFO - Timestamp: 2025-11-04 00:12:15.297262
2025-11-04 00:12:15 - MachineGenerator - INFO - ============================================================
2025-11-04 00:12:15 - MachineGenerator - INFO - Starting machine generation - Batch size: 1
2025-11-04 00:12:15 - MachineGenerator - INFO - ✓ Created machine #4: TILL04 at Mobile Unit
2025-11-04 00:12:15 - MachineGenerator - INFO - ============================================================
2025-11-04 00:12:15 - MachineGenerator - INFO - Generation Summary for MACHINE
2025-11-04 00:12:15 - MachineGenerator - INFO - Batch Size: 1
2025-11-04 00:12:15 - MachineGenerator - INFO - Successfully Generated: 1
2025-11-04 00:12:15 - MachineGenerator - INFO - Failed: 0
2025-11-04 00:12:15 - MachineGenerator - INFO - Success Rate: 100.0%
2025-11-04 00:12:15 - MachineGenerator - INFO - ============================================================
2025-11-04 00:12:15 - MachineGenerator - INFO - Total machines in database: 4
2025-11-04 00:12:15 - MachineGenerator - INFO - MACHINE GENERATOR FINISHED
2025-11-04 00:12:15 - MachineGenerator - INFO - ============================================================
2025-11-04 00:12:15 - PaymentMethodGenerator - INFO - ============================================================
2025-11-04 00:12:15 - PaymentMethodGenerator - INFO - PAYMENT METHOD GENERATOR STARTED
2025-11-04 00:12:15 - PaymentMethodGenerator - INFO - Timestamp: 2025-11-04 00:12:15.341757
2025-11-04 00:12:15 - PaymentMethodGenerator - INFO - ============================================================
2025-11-04 00:12:15 - PaymentMethodGenerator - INFO - Starting payment method generation - Batch size: 1
2025-11-04 00:12:15 - PaymentMethodGenerator - INFO - ✓ Created payment method #4: PAYPAL (2.9% fee)
2025-11-04 00:12:15 - PaymentMethodGenerator - INFO - ============================================================
2025-11-04 00:12:15 - PaymentMethodGenerator - INFO - Generation Summary for PAYMENT_METHOD
2025-11-04 00:12:15 - PaymentMethodGenerator - INFO - Batch Size: 1
2025-11-04 00:12:15 - PaymentMethodGenerator - INFO - Successfully Generated: 1
2025-11-04 00:12:15 - PaymentMethodGenerator - INFO - Failed: 0
2025-11-04 00:12:15 - PaymentMethodGenerator - INFO - Success Rate: 100.0%
2025-11-04 00:12:15 - PaymentMethodGenerator - INFO - ============================================================
2025-11-04 00:12:15 - PaymentMethodGenerator - INFO - Total payment methods in database: 4
2025-11-04 00:12:15 - PaymentMethodGenerator - INFO - PAYMENT METHOD GENERATOR FINISHED
2025-11-04 00:12:15 - PaymentMethodGenerator - INFO - ============================================================
2025-11-04 00:12:15 - TransactionTypeGenerator - INFO - ============================================================
2025-11-04 00:12:15 - TransactionTypeGenerator - INFO - TRANSACTION TYPE GENERATOR STARTED
2025-11-04 00:12:15 - TransactionTypeGenerator - INFO - Timestamp: 2025-11-04 00:12:15.385601
2025-11-04 00:12:15 - TransactionTypeGenerator - INFO - ============================================================
2025-11-04 00:12:15 - TransactionTypeGenerator - INFO - Starting transaction type generation - Batch size: 1
2025-11-04 00:12:15 - TransactionTypeGenerator - INFO - ✓ Created transaction type #4: Layby Payment [Inv:✗ Rev:✗]
2025-11-04 00:12:15 - TransactionTypeGenerator - INFO - ============================================================
2025-11-04 00:12:15 - TransactionTypeGenerator - INFO - Generation Summary for TRANSACTION_TYPE
2025-11-04 00:12:15 - TransactionTypeGenerator - INFO - Batch Size: 1
2025-11-04 00:12:15 - TransactionTypeGenerator - INFO - Successfully Generated: 1
2025-11-04 00:12:15 - TransactionTypeGenerator - INFO - Failed: 0
2025-11-04 00:12:15 - TransactionTypeGenerator - INFO - Success Rate: 100.0%
2025-11-04 00:12:15 - TransactionTypeGenerator - INFO - ============================================================
2025-11-04 00:12:15 - TransactionTypeGenerator - INFO - Total transaction types in database: 4
2025-11-04 00:12:15 - TransactionTypeGenerator - INFO - TRANSACTION TYPE GENERATOR FINISHED
2025-11-04 00:12:15 - TransactionTypeGenerator - INFO - ============================================================
2025-11-04 00:12:15 - ProductGroupGenerator - INFO - ============================================================
2025-11-04 00:12:15 - ProductGroupGenerator - INFO - PRODUCT GROUP GENERATOR STARTED
2025-11-04 00:12:15 - ProductGroupGenerator - INFO - Timestamp: 2025-11-04 00:12:15.432582
2025-11-04 00:12:15 - ProductGroupGenerator - INFO - ============================================================
2025-11-04 00:12:15 - ProductGroupGenerator - INFO - Starting product group generation - Batch size: 3
2025-11-04 00:12:15 - ProductGroupGenerator - INFO - ✓ Created product group #10: Beauty Essentials (Category: 3)
2025-11-04 00:12:15 - ProductGroupGenerator - INFO - ✓ Created product group #11: Eye Drops & Lotions (Category: 2)
2025-11-04 00:12:15 - ProductGroupGenerator - INFO - ✓ Created product group #12: Beauty (Category: 6)
2025-11-04 00:12:15 - ProductGroupGenerator - INFO - ============================================================
2025-11-04 00:12:15 - ProductGroupGenerator - INFO - Generation Summary for PRODUCT_GROUP
2025-11-04 00:12:15 - ProductGroupGenerator - INFO - Batch Size: 3
2025-11-04 00:12:15 - ProductGroupGenerator - INFO - Successfully Generated: 3
2025-11-04 00:12:15 - ProductGroupGenerator - INFO - Failed: 0
2025-11-04 00:12:15 - ProductGroupGenerator - INFO - Success Rate: 100.0%
2025-11-04 00:12:15 - ProductGroupGenerator - INFO - ============================================================
2025-11-04 00:12:15 - ProductGroupGenerator - INFO - Total product groups in database: 12
2025-11-04 00:12:15 - ProductGroupGenerator - INFO - PRODUCT GROUP GENERATOR FINISHED
2025-11-04 00:12:15 - ProductGroupGenerator - INFO - ============================================================
2025-11-04 00:12:15 - ProductGenerator - INFO - ============================================================
2025-11-04 00:12:15 - ProductGenerator - INFO - PRODUCT GENERATOR STARTED
2025-11-04 00:12:15 - ProductGenerator - INFO - Timestamp: 2025-11-04 00:12:15.483488
2025-11-04 00:12:15 - ProductGenerator - INFO - ============================================================
2025-11-04 00:12:15 - ProductGenerator - INFO - Starting product generation - Batch size: 10
2025-11-04 00:12:15 - ProductGenerator - INFO - ✓ Created product PLU 10905: Relief 75g... (SOH: 8, Cost: $8.81)
2025-11-04 00:12:15 - ProductGenerator - INFO - ✓ Created product PLU 36439: Bandaid Oil 125ml... (SOH: 67, Cost: $14.65)
2025-11-04 00:12:15 - ProductGenerator - INFO - ✓ Created product PLU 99334: Balm 25g... (SOH: 21, Cost: $71.92)
2025-11-04 00:12:15 - ProductGenerator - INFO - ✓ Created product PLU 22800: Berocca Active Balm 250g... (SOH: 0, Cost: $16.58)
2025-11-04 00:12:15 - ProductGenerator - INFO - ✓ Created product PLU 6742: Avent Complex Oil 60 Tablets... (SOH: 65, Cost: $19.88)
2025-11-04 00:12:15 - ProductGenerator - INFO - ✓ Created product PLU 92618: Liquid 50 Pack... (SOH: 37, Cost: $21.02)
2025-11-04 00:12:15 - ProductGenerator - INFO - ✓ Created product PLU 43158: Dettol Complex Gel 200ml... (SOH: 23, Cost: $31.24)
2025-11-04 00:12:15 - ProductGenerator - INFO - ✓ Created product PLU 94957: Berocca Drops 100 Pack... (SOH: 91, Cost: $20.38)
2025-11-04 00:12:15 - ProductGenerator - INFO - ✓ Created product PLU 21925: Wash 60 Tablets... (SOH: 87, Cost: $24.15)
2025-11-04 00:12:15 - ProductGenerator - INFO - ✓ Created product PLU 2894: Bosisto's Shampoo 30 Pack... (SOH: 51, Cost: $62.18)
2025-11-04 00:12:15 - ProductGenerator - INFO - ============================================================
2025-11-04 00:12:15 - ProductGenerator - INFO - Generation Summary for PRODUCT
2025-11-04 00:12:15 - ProductGenerator - INFO - Batch Size: 10
2025-11-04 00:12:15 - ProductGenerator - INFO - Successfully Generated: 10
2025-11-04 00:12:15 - ProductGenerator - INFO - Failed: 0
2025-11-04 00:12:15 - ProductGenerator - INFO - Success Rate: 100.0%
2025-11-04 00:12:15 - ProductGenerator - INFO - ============================================================
2025-11-04 00:12:15 - ProductGenerator - INFO - Total products in database: 40
2025-11-04 00:12:15 - ProductGenerator - INFO - PRODUCT GENERATOR FINISHED
2025-11-04 00:12:15 - ProductGenerator - INFO - ============================================================
2025-11-04 00:12:15 - TransactionHeaderGenerator - INFO - ============================================================
2025-11-04 00:12:15 - TransactionHeaderGenerator - INFO - TRANSACTION HEADER GENERATOR STARTED
2025-11-04 00:12:15 - TransactionHeaderGenerator - INFO - Timestamp: 2025-11-04 00:12:15.555389
2025-11-04 00:12:15 - TransactionHeaderGenerator - INFO - ============================================================
2025-11-04 00:12:15 - TransactionHeaderGenerator - INFO - Starting transaction header generation - Batch size: 20
2025-11-04 00:12:15 - TransactionHeaderGenerator - INFO - ✓ Created transaction #61: 2025-08-29 18:41:36 on Machine #1
2025-11-04 00:12:15 - TransactionHeaderGenerator - INFO - ✓ Created transaction #62: 2025-08-06 19:34:55 on Machine #1
2025-11-04 00:12:15 - TransactionHeaderGenerator - INFO - ✓ Created transaction #63: 2025-08-10 08:57:52 on Machine #3
2025-11-04 00:12:15 - TransactionHeaderGenerator - INFO - ✓ Created transaction #64: 2025-09-10 14:40:23 on Machine #3
2025-11-04 00:12:15 - TransactionHeaderGenerator - INFO - ✓ Created transaction #65: 2025-09-07 17:32:03 on Machine #4
2025-11-04 00:12:15 - TransactionHeaderGenerator - INFO - ✓ Created transaction #66: 2025-10-15 12:53:56 on Machine #2
2025-11-04 00:12:15 - TransactionHeaderGenerator - INFO - ✓ Created transaction #67: 2025-08-09 15:08:49 on Machine #2
2025-11-04 00:12:15 - TransactionHeaderGenerator - INFO - ✓ Created transaction #68: 2025-09-14 18:58:32 on Machine #4 [Staff Purchase]
2025-11-04 00:12:15 - TransactionHeaderGenerator - INFO - ✓ Created transaction #69: 2025-10-09 13:45:02 on Machine #4
2025-11-04 00:12:15 - TransactionHeaderGenerator - INFO - ✓ Created transaction #70: 2025-10-21 17:20:47 on Machine #2
2025-11-04 00:12:15 - TransactionHeaderGenerator - INFO - ✓ Created transaction #71: 2025-10-16 17:30:38 on Machine #4
2025-11-04 00:12:15 - TransactionHeaderGenerator - INFO - ✓ Created transaction #72: 2025-08-27 16:05:06 on Machine #4
2025-11-04 00:12:15 - TransactionHeaderGenerator - INFO - ✓ Created transaction #73: 2025-10-02 10:15:04 on Machine #3 [Staff Purchase]
2025-11-04 00:12:15 - TransactionHeaderGenerator - INFO - ✓ Created transaction #74: 2025-09-29 21:13:10 on Machine #3
2025-11-04 00:12:15 - TransactionHeaderGenerator - INFO - ✓ Created transaction #75: 2025-10-30 19:56:16 on Machine #3
2025-11-04 00:12:15 - TransactionHeaderGenerator - INFO - ✓ Created transaction #76: 2025-10-08 12:37:34 on Machine #1
2025-11-04 00:12:15 - TransactionHeaderGenerator - INFO - ✓ Created transaction #77: 2025-08-09 10:02:50 on Machine #3
2025-11-04 00:12:15 - TransactionHeaderGenerator - INFO - ✓ Created transaction #78: 2025-10-23 09:04:10 on Machine #2
2025-11-04 00:12:15 - TransactionHeaderGenerator - INFO - ✓ Created transaction #79: 2025-11-02 16:13:22 on Machine #2
2025-11-04 00:12:15 - TransactionHeaderGenerator - INFO - ✓ Created transaction #80: 2025-08-15 18:38:57 on Machine #2
2025-11-04 00:12:15 - TransactionHeaderGenerator - INFO - ============================================================
2025-11-04 00:12:15 - TransactionHeaderGenerator - INFO - Generation Summary for TRANSACTION_HEADER
2025-11-04 00:12:15 - TransactionHeaderGenerator - INFO - Batch Size: 20
2025-11-04 00:12:15 - TransactionHeaderGenerator - INFO - Successfully Generated: 20
2025-11-04 00:12:15 - TransactionHeaderGenerator - INFO - Failed: 0
2025-11-04 00:12:15 - TransactionHeaderGenerator - INFO - Success Rate: 100.0%
2025-11-04 00:12:15 - TransactionHeaderGenerator - INFO - ============================================================
2025-11-04 00:12:15 - TransactionHeaderGenerator - INFO - Total transaction headers in database: 80
2025-11-04 00:12:15 - TransactionHeaderGenerator - INFO - TRANSACTION HEADER GENERATOR FINISHED
2025-11-04 00:12:15 - TransactionHeaderGenerator - INFO - ============================================================
2025-11-04 00:12:15 - TransactionLineGenerator - INFO - ============================================================
2025-11-04 00:12:15 - TransactionLineGenerator - INFO - TRANSACTION LINE GENERATOR STARTED
2025-11-04 00:12:15 - TransactionLineGenerator - INFO - Timestamp: 2025-11-04 00:12:15.687767
2025-11-04 00:12:15 - TransactionLineGenerator - INFO - ============================================================
2025-11-04 00:12:15 - TransactionLineGenerator - INFO - Starting transaction line generation - Batch size: 50
2025-11-04 00:12:15 - TransactionLineGenerator - INFO - ✓ Created line #151: Transaction #45, PLU 37388, Qty 1, $87.95
2025-11-04 00:12:15 - TransactionLineGenerator - INFO - ✓ Created line #152: Transaction #46, PLU 94957, Qty 1, $42.49
2025-11-04 00:12:15 - TransactionLineGenerator - INFO - ✓ Created line #153: Transaction #23, PLU 753255, Qty 1, $83.49
2025-11-04 00:12:15 - TransactionLineGenerator - INFO - ✓ Created line #154: Transaction #29, PLU 6065, Qty 1, $3.95
2025-11-04 00:12:15 - TransactionLineGenerator - INFO - ✓ Created line #155: Transaction #32, PLU 76658, Qty 1, $33.69
2025-11-04 00:12:15 - TransactionLineGenerator - INFO - ✓ Created line #156: Transaction #21, PLU 6065, Qty 4, $15.80
2025-11-04 00:12:15 - TransactionLineGenerator - INFO - ✓ Created line #157: Transaction #15, PLU 77271, Qty 1, $26.89
2025-11-04 00:12:15 - TransactionLineGenerator - INFO - ✓ Created line #158: Transaction #35, PLU 710, Qty 1, $56.89
2025-11-04 00:12:15 - TransactionLineGenerator - INFO - ✓ Created line #159: Transaction #63, PLU 79765, Qty 1, $15.79
2025-11-04 00:12:15 - TransactionLineGenerator - INFO - ✓ Created line #160: Transaction #77, PLU 2894, Qty 1, $142.49
2025-11-04 00:12:15 - TransactionLineGenerator - INFO - ✓ Created line #161: Transaction #19, PLU 79765, Qty 1, $11.95
2025-11-04 00:12:15 - TransactionLineGenerator - INFO - ✓ Created line #162: Transaction #11, PLU 181, Qty 3, $167.67
2025-11-04 00:12:15 - TransactionLineGenerator - INFO - ✓ Created line #163: Transaction #50, PLU 36439, Qty 1, $22.79
2025-11-04 00:12:15 - TransactionLineGenerator - INFO - ✓ Created line #164: Transaction #48, PLU 6742, Qty 1, $49.95
2025-11-04 00:12:15 - TransactionLineGenerator - INFO - ✓ Created line #165: Transaction #23, PLU 9180, Qty 1, $9.95
2025-11-04 00:12:15 - TransactionLineGenerator - INFO - ✓ Created line #166: Transaction #35, PLU 74951, Qty 1, $41.95
2025-11-04 00:12:15 - TransactionLineGenerator - INFO - ✓ Created line #167: Transaction #51, PLU 76658, Qty 9, $438.21
2025-11-04 00:12:15 - TransactionLineGenerator - INFO - ✓ Created line #168: Transaction #21, PLU 77271, Qty 6, $275.34
2025-11-04 00:12:15 - TransactionLineGenerator - INFO - ✓ Created line #169: Transaction #53, PLU 179, Qty 1, $44.49
2025-11-04 00:12:15 - TransactionLineGenerator - INFO - ✓ Created line #170: Transaction #30, PLU 41616, Qty 1, $30.79
2025-11-04 00:12:15 - TransactionLineGenerator - INFO - ✓ Created line #171: Transaction #2, PLU 710, Qty 1, $64.49
2025-11-04 00:12:15 - TransactionLineGenerator - INFO - ✓ Created line #172: Transaction #12, PLU 6065, Qty 1, $4.69
2025-11-04 00:12:15 - TransactionLineGenerator - INFO - ✓ Created line #173: Transaction #24, PLU 5665, Qty 1, $91.69
2025-11-04 00:12:15 - TransactionLineGenerator - INFO - ✓ Created line #174: Transaction #26, PLU 43158, Qty 1, $76.99
2025-11-04 00:12:15 - TransactionLineGenerator - INFO - ✓ Created line #175: Transaction #65, PLU 57416, Qty 2, $35.90
2025-11-04 00:12:15 - TransactionLineGenerator - INFO - ✓ Created line #176: Transaction #66, PLU 6065, Qty 1, $2.79 (20.0% off)
2025-11-04 00:12:15 - TransactionLineGenerator - INFO - ✓ Created line #177: Transaction #19, PLU 43158, Qty 1, $65.95
2025-11-04 00:12:15 - TransactionLineGenerator - INFO - ✓ Created line #178: Transaction #58, PLU 431, Qty 1, $36.49
2025-11-04 00:12:15 - TransactionLineGenerator - INFO - ✓ Created line #179: Transaction #32, PLU 76658, Qty 1, $34.69
2025-11-04 00:12:15 - TransactionLineGenerator - INFO - ✓ Created line #180: Transaction #57, PLU 92618, Qty 1, $60.89
2025-11-04 00:12:15 - TransactionLineGenerator - INFO - ✓ Created line #181: Transaction #20, PLU 41616, Qty 3, $71.85
2025-11-04 00:12:15 - TransactionLineGenerator - INFO - ✓ Created line #182: Transaction #45, PLU 79581, Qty 4, $77.96
2025-11-04 00:12:15 - TransactionLineGenerator - INFO - ✓ Created line #183: Transaction #56, PLU 6065, Qty 6, $17.34
2025-11-04 00:12:15 - TransactionLineGenerator - INFO - ✓ Created line #184: Transaction #63, PLU 63228, Qty 1, $33.49
2025-11-04 00:12:15 - TransactionLineGenerator - INFO - ✓ Created line #185: Transaction #78, PLU 59092, Qty 4, $10.76
2025-11-04 00:12:15 - TransactionLineGenerator - INFO - ✓ Created line #186: Transaction #41, PLU 179, Qty 1, $61.95
2025-11-04 00:12:15 - TransactionLineGenerator - INFO - ✓ Created line #187: Transaction #67, PLU 5458, Qty 1, $40.69
2025-11-04 00:12:15 - TransactionLineGenerator - INFO - ✓ Created line #188: Transaction #34, PLU 9180, Qty 1, $4.79
2025-11-04 00:12:15 - TransactionLineGenerator - INFO - ✓ Created line #189: Transaction #80, PLU 9180, Qty 5, $34.75
2025-11-04 00:12:15 - TransactionLineGenerator - INFO - ✓ Created line #190: Transaction #76, PLU 9180, Qty 1, $9.79
2025-11-04 00:12:15 - TransactionLineGenerator - INFO - ✓ Created line #191: Transaction #18, PLU 6742, Qty 1, $41.99
2025-11-04 00:12:15 - TransactionLineGenerator - INFO - ✓ Created line #192: Transaction #9, PLU 8093, Qty 3, $147.36 (15.0% off)
2025-11-04 00:12:15 - TransactionLineGenerator - INFO - ✓ Created line #193: Transaction #53, PLU 119053, Qty 1, $42.89
2025-11-04 00:12:15 - TransactionLineGenerator - INFO - ✓ Created line #194: Transaction #23, PLU 179, Qty 1, $55.99
2025-11-04 00:12:15 - TransactionLineGenerator - INFO - ✓ Created line #195: Transaction #55, PLU 59092, Qty 3, $14.97
2025-11-04 00:12:15 - TransactionLineGenerator - INFO - ✓ Created line #196: Transaction #65, PLU 753255, Qty 1, $40.54 (15.0% off)
2025-11-04 00:12:15 - TransactionLineGenerator - INFO - ✓ Created line #197: Transaction #26, PLU 753255, Qty 1, $102.69
2025-11-04 00:12:15 - TransactionLineGenerator - INFO - ✓ Created line #198: Transaction #71, PLU 41616, Qty 1, $21.49
2025-11-04 00:12:15 - TransactionLineGenerator - INFO - ✓ Created line #199: Transaction #20, PLU 181, Qty 1, $43.95
2025-11-04 00:12:15 - TransactionLineGenerator - INFO - ✓ Created line #200: Transaction #64, PLU 2894, Qty 3, $314.37
2025-11-04 00:12:15 - TransactionLineGenerator - INFO - ============================================================
2025-11-04 00:12:15 - TransactionLineGenerator - INFO - Generation Summary for TRANSACTION_LINE
2025-11-04 00:12:15 - TransactionLineGenerator - INFO - Batch Size: 50
2025-11-04 00:12:15 - TransactionLineGenerator - INFO - Successfully Generated: 50
2025-11-04 00:12:15 - TransactionLineGenerator - INFO - Failed: 0
2025-11-04 00:12:15 - TransactionLineGenerator - INFO - Success Rate: 100.0%
2025-11-04 00:12:15 - TransactionLineGenerator - INFO - ============================================================
2025-11-04 00:12:15 - TransactionLineGenerator - INFO - Total transaction lines in database: 200
2025-11-04 00:12:15 - TransactionLineGenerator - INFO - Transactions with line items: 65/80
2025-11-04 00:12:15 - TransactionLineGenerator - INFO - TRANSACTION LINE GENERATOR FINISHED
2025-11-04 00:12:15 - TransactionLineGenerator - INFO - ============================================================
2025-11-04 00:13:15 - CategoryGenerator - INFO - ============================================================
2025-11-04 00:13:15 - CategoryGenerator - INFO - CATEGORY GENERATOR STARTED
2025-11-04 00:13:15 - CategoryGenerator - INFO - Timestamp: 2025-11-04 00:13:15.078359
2025-11-04 00:13:15 - CategoryGenerator - INFO - ============================================================
2025-11-04 00:13:15 - CategoryGenerator - INFO - Starting category generation - Batch size: 2
2025-11-04 00:13:15 - CategoryGenerator - INFO - ✓ Created category #13: Cosmetics
2025-11-04 00:13:15 - CategoryGenerator - INFO - ✓ Created category #14: Professional Essentials
2025-11-04 00:13:15 - CategoryGenerator - INFO - ============================================================
2025-11-04 00:13:15 - CategoryGenerator - INFO - Generation Summary for CATEGORY
2025-11-04 00:13:15 - CategoryGenerator - INFO - Batch Size: 2
2025-11-04 00:13:15 - CategoryGenerator - INFO - Successfully Generated: 2
2025-11-04 00:13:15 - CategoryGenerator - INFO - Failed: 0
2025-11-04 00:13:15 - CategoryGenerator - INFO - Success Rate: 100.0%
2025-11-04 00:13:15 - CategoryGenerator - INFO - ============================================================
2025-11-04 00:13:15 - CategoryGenerator - INFO - Total categories in database: 14
2025-11-04 00:13:15 - CategoryGenerator - INFO - CATEGORY GENERATOR FINISHED
2025-11-04 00:13:15 - CategoryGenerator - INFO - ============================================================
2025-11-04 00:13:15 - SupplierGenerator - INFO - ============================================================
2025-11-04 00:13:15 - SupplierGenerator - INFO - SUPPLIER GENERATOR STARTED
2025-11-04 00:13:15 - SupplierGenerator - INFO - Timestamp: 2025-11-04 00:13:15.130567
2025-11-04 00:13:15 - SupplierGenerator - INFO - ============================================================
2025-11-04 00:13:15 - SupplierGenerator - INFO - Starting supplier generation - Batch size: 3
2025-11-04 00:13:15 - SupplierGenerator - INFO - ✓ Created supplier #13: Professional Beauty (UPJ)
2025-11-04 00:13:15 - SupplierGenerator - INFO - ✓ Created supplier #14: Supreme Nutrition (BLAC)
2025-11-04 00:13:15 - SupplierGenerator - INFO - ✓ Created supplier #15: National Pharmaceuticals (BLAC)
2025-11-04 00:13:15 - SupplierGenerator - INFO - ============================================================
2025-11-04 00:13:15 - SupplierGenerator - INFO - Generation Summary for SUPPLIER
2025-11-04 00:13:15 - SupplierGenerator - INFO - Batch Size: 3
2025-11-04 00:13:15 - SupplierGenerator - INFO - Successfully Generated: 3
2025-11-04 00:13:15 - SupplierGenerator - INFO - Failed: 0
2025-11-04 00:13:15 - SupplierGenerator - INFO - Success Rate: 100.0%
2025-11-04 00:13:15 - SupplierGenerator - INFO - ============================================================
2025-11-04 00:13:15 - SupplierGenerator - INFO - Total suppliers in database: 15
2025-11-04 00:13:15 - SupplierGenerator - INFO - SUPPLIER GENERATOR FINISHED
2025-11-04 00:13:15 - SupplierGenerator - INFO - ============================================================
2025-11-04 00:13:15 - StaffGenerator - INFO - ============================================================
2025-11-04 00:13:15 - StaffGenerator - INFO - STAFF GENERATOR STARTED
2025-11-04 00:13:15 - StaffGenerator - INFO - Timestamp: 2025-11-04 00:13:15.181290
2025-11-04 00:13:15 - StaffGenerator - INFO - ============================================================
2025-11-04 00:13:15 - StaffGenerator - INFO - Starting staff generation - Batch size: 2
2025-11-04 00:13:15 - StaffGenerator - INFO - ✓ Created staff #9: Matthew I 471937 (No role)
2025-11-04 00:13:15 - StaffGenerator - INFO - ✓ Created staff #10: Olivia H 606167 (Sales Assistant)
2025-11-04 00:13:15 - StaffGenerator - INFO - ============================================================
2025-11-04 00:13:15 - StaffGenerator - INFO - Generation Summary for STAFF
2025-11-04 00:13:15 - StaffGenerator - INFO - Batch Size: 2
2025-11-04 00:13:15 - StaffGenerator - INFO - Successfully Generated: 2
2025-11-04 00:13:15 - StaffGenerator - INFO - Failed: 0
2025-11-04 00:13:15 - StaffGenerator - INFO - Success Rate: 100.0%
2025-11-04 00:13:15 - StaffGenerator - INFO - ============================================================
2025-11-04 00:13:15 - StaffGenerator - INFO - Total staff in database: 10
2025-11-04 00:13:15 - StaffGenerator - INFO - STAFF GENERATOR FINISHED
2025-11-04 00:13:15 - StaffGenerator - INFO - ============================================================
2025-11-04 00:13:15 - MachineGenerator - INFO - ============================================================
2025-11-04 00:13:15 - MachineGenerator - INFO - MACHINE GENERATOR STARTED
2025-11-04 00:13:15 - MachineGenerator - INFO - Timestamp: 2025-11-04 00:13:15.232158
2025-11-04 00:13:15 - MachineGenerator - INFO - ============================================================
2025-11-04 00:13:15 - MachineGenerator - INFO - Starting machine generation - Batch size: 1
2025-11-04 00:13:15 - MachineGenerator - INFO - ✓ Created machine #5: CHECKOUT05 at Store Rear
2025-11-04 00:13:15 - MachineGenerator - INFO - ============================================================
2025-11-04 00:13:15 - MachineGenerator - INFO - Generation Summary for MACHINE
2025-11-04 00:13:15 - MachineGenerator - INFO - Batch Size: 1
2025-11-04 00:13:15 - MachineGenerator - INFO - Successfully Generated: 1
2025-11-04 00:13:15 - MachineGenerator - INFO - Failed: 0
2025-11-04 00:13:15 - MachineGenerator - INFO - Success Rate: 100.0%
2025-11-04 00:13:15 - MachineGenerator - INFO - ============================================================
2025-11-04 00:13:15 - MachineGenerator - INFO - Total machines in database: 5
2025-11-04 00:13:15 - MachineGenerator - INFO - MACHINE GENERATOR FINISHED
2025-11-04 00:13:15 - MachineGenerator - INFO - ============================================================
2025-11-04 00:13:15 - PaymentMethodGenerator - INFO - ============================================================
2025-11-04 00:13:15 - PaymentMethodGenerator - INFO - PAYMENT METHOD GENERATOR STARTED
2025-11-04 00:13:15 - PaymentMethodGenerator - INFO - Timestamp: 2025-11-04 00:13:15.279047
2025-11-04 00:13:15 - PaymentMethodGenerator - INFO - ============================================================
2025-11-04 00:13:15 - PaymentMethodGenerator - INFO - Starting payment method generation - Batch size: 1
2025-11-04 00:13:15 - PaymentMethodGenerator - INFO - ✓ Created payment method #5: EFTPOS (0.5% fee)
2025-11-04 00:13:15 - PaymentMethodGenerator - INFO - ============================================================
2025-11-04 00:13:15 - PaymentMethodGenerator - INFO - Generation Summary for PAYMENT_METHOD
2025-11-04 00:13:15 - PaymentMethodGenerator - INFO - Batch Size: 1
2025-11-04 00:13:15 - PaymentMethodGenerator - INFO - Successfully Generated: 1
2025-11-04 00:13:15 - PaymentMethodGenerator - INFO - Failed: 0
2025-11-04 00:13:15 - PaymentMethodGenerator - INFO - Success Rate: 100.0%
2025-11-04 00:13:15 - PaymentMethodGenerator - INFO - ============================================================
2025-11-04 00:13:15 - PaymentMethodGenerator - INFO - Total payment methods in database: 5
2025-11-04 00:13:15 - PaymentMethodGenerator - INFO - PAYMENT METHOD GENERATOR FINISHED
2025-11-04 00:13:15 - PaymentMethodGenerator - INFO - ============================================================
2025-11-04 00:13:15 - TransactionTypeGenerator - INFO - ============================================================
2025-11-04 00:13:15 - TransactionTypeGenerator - INFO - TRANSACTION TYPE GENERATOR STARTED
2025-11-04 00:13:15 - TransactionTypeGenerator - INFO - Timestamp: 2025-11-04 00:13:15.342243
2025-11-04 00:13:15 - TransactionTypeGenerator - INFO - ============================================================
2025-11-04 00:13:15 - TransactionTypeGenerator - INFO - Starting transaction type generation - Batch size: 1
2025-11-04 00:13:15 - TransactionTypeGenerator - INFO - ✓ Created transaction type #5: Stock Adjustment [Inv:✓ Rev:✗]
2025-11-04 00:13:15 - TransactionTypeGenerator - INFO - ============================================================
2025-11-04 00:13:15 - TransactionTypeGenerator - INFO - Generation Summary for TRANSACTION_TYPE
2025-11-04 00:13:15 - TransactionTypeGenerator - INFO - Batch Size: 1
2025-11-04 00:13:15 - TransactionTypeGenerator - INFO - Successfully Generated: 1
2025-11-04 00:13:15 - TransactionTypeGenerator - INFO - Failed: 0
2025-11-04 00:13:15 - TransactionTypeGenerator - INFO - Success Rate: 100.0%
2025-11-04 00:13:15 - TransactionTypeGenerator - INFO - ============================================================
2025-11-04 00:13:15 - TransactionTypeGenerator - INFO - Total transaction types in database: 5
2025-11-04 00:13:15 - TransactionTypeGenerator - INFO - TRANSACTION TYPE GENERATOR FINISHED
2025-11-04 00:13:15 - TransactionTypeGenerator - INFO - ============================================================
2025-11-04 00:13:15 - ProductGroupGenerator - INFO - ============================================================
2025-11-04 00:13:15 - ProductGroupGenerator - INFO - PRODUCT GROUP GENERATOR STARTED
2025-11-04 00:13:15 - ProductGroupGenerator - INFO - Timestamp: 2025-11-04 00:13:15.392972
2025-11-04 00:13:15 - ProductGroupGenerator - INFO - ============================================================
2025-11-04 00:13:15 - ProductGroupGenerator - INFO - Starting product group generation - Batch size: 3
2025-11-04 00:13:15 - ProductGroupGenerator - INFO - ✓ Created product group #13: Organic Shampoos & Conditioners (Category: 2)
2025-11-04 00:13:15 - ProductGroupGenerator - INFO - ✓ Created product group #14: Revlon (Category: 11)
2025-11-04 00:13:15 - ProductGroupGenerator - INFO - ✓ Created product group #15: Pads & Liners (Category: 9)
2025-11-04 00:13:15 - ProductGroupGenerator - INFO - ============================================================
2025-11-04 00:13:15 - ProductGroupGenerator - INFO - Generation Summary for PRODUCT_GROUP
2025-11-04 00:13:15 - ProductGroupGenerator - INFO - Batch Size: 3
2025-11-04 00:13:15 - ProductGroupGenerator - INFO - Successfully Generated: 3
2025-11-04 00:13:15 - ProductGroupGenerator - INFO - Failed: 0
2025-11-04 00:13:15 - ProductGroupGenerator - INFO - Success Rate: 100.0%
2025-11-04 00:13:15 - ProductGroupGenerator - INFO - ============================================================
2025-11-04 00:13:15 - ProductGroupGenerator - INFO - Total product groups in database: 15
2025-11-04 00:13:15 - ProductGroupGenerator - INFO - PRODUCT GROUP GENERATOR FINISHED
2025-11-04 00:13:15 - ProductGroupGenerator - INFO - ============================================================
2025-11-04 00:13:15 - ProductGenerator - INFO - ============================================================
2025-11-04 00:13:15 - ProductGenerator - INFO - PRODUCT GENERATOR STARTED
2025-11-04 00:13:15 - ProductGenerator - INFO - Timestamp: 2025-11-04 00:13:15.446332
2025-11-04 00:13:15 - ProductGenerator - INFO - ============================================================
2025-11-04 00:13:15 - ProductGenerator - INFO - Starting product generation - Batch size: 10
2025-11-04 00:13:15 - ProductGenerator - INFO - ✓ Created product PLU 579777: Ego Care 15g... (SOH: 51, Cost: $22.07)
2025-11-04 00:13:15 - ProductGenerator - INFO - ✓ Created product PLU 815898: Cleanser 120 Tablets... (SOH: 51, Cost: $7.37)
2025-11-04 00:13:15 - ProductGenerator - INFO - ✓ Created product PLU 5433: Lucas Papaw Spray 25ml... (SOH: 44, Cost: $61.59)
2025-11-04 00:13:15 - ProductGenerator - INFO - ✓ Created product PLU 8707: Lucas Papaw Fast Drops 25g... (SOH: 16, Cost: $21.63)
2025-11-04 00:13:15 - ProductGenerator - INFO - ✓ Created product PLU 75553: Elastoplast Natural Treatment 200ml... (SOH: 44, Cost: $9.24)
2025-11-04 00:13:15 - ProductGenerator - INFO - ✓ Created product PLU 98020: Serum 125g... (SOH: 8, Cost: $37.76)
2025-11-04 00:13:15 - ProductGenerator - INFO - ✓ Created product PLU 1830: Difflam Therapeutic Treatment 120 Tablets... (SOH: 35, Cost: $5.17)
2025-11-04 00:13:15 - ProductGenerator - INFO - ✓ Created product PLU 45942: Lotion 75ml... (SOH: 37, Cost: $49.49)
2025-11-04 00:13:15 - ProductGenerator - INFO - ✓ Created product PLU 7977: Colgate Relief 200ml... (SOH: 52, Cost: $22.00)
2025-11-04 00:13:15 - ProductGenerator - INFO - ✓ Created product PLU 2873: Protection 120 Tablets... (SOH: 21, Cost: $6.92)
2025-11-04 00:13:15 - ProductGenerator - INFO - ============================================================
2025-11-04 00:13:15 - ProductGenerator - INFO - Generation Summary for PRODUCT
2025-11-04 00:13:15 - ProductGenerator - INFO - Batch Size: 10
2025-11-04 00:13:15 - ProductGenerator - INFO - Successfully Generated: 10
2025-11-04 00:13:15 - ProductGenerator - INFO - Failed: 0
2025-11-04 00:13:15 - ProductGenerator - INFO - Success Rate: 100.0%
2025-11-04 00:13:15 - ProductGenerator - INFO - ============================================================
2025-11-04 00:13:15 - ProductGenerator - INFO - Total products in database: 50
2025-11-04 00:13:15 - ProductGenerator - INFO - PRODUCT GENERATOR FINISHED
2025-11-04 00:13:15 - ProductGenerator - INFO - ============================================================
2025-11-04 00:13:15 - TransactionHeaderGenerator - INFO - ============================================================
2025-11-04 00:13:15 - TransactionHeaderGenerator - INFO - TRANSACTION HEADER GENERATOR STARTED
2025-11-04 00:13:15 - TransactionHeaderGenerator - INFO - Timestamp: 2025-11-04 00:13:15.518653
2025-11-04 00:13:15 - TransactionHeaderGenerator - INFO - ============================================================
2025-11-04 00:13:15 - TransactionHeaderGenerator - INFO - Starting transaction header generation - Batch size: 20
2025-11-04 00:13:15 - TransactionHeaderGenerator - INFO - ✓ Created transaction #81: 2025-09-12 21:11:17 on Machine #4
2025-11-04 00:13:15 - TransactionHeaderGenerator - INFO - ✓ Created transaction #82: 2025-08-13 21:57:33 on Machine #4
2025-11-04 00:13:15 - TransactionHeaderGenerator - INFO - ✓ Created transaction #83: 2025-09-11 15:36:12 on Machine #2
2025-11-04 00:13:15 - TransactionHeaderGenerator - INFO - ✓ Created transaction #84: 2025-10-18 18:20:38 on Machine #4
2025-11-04 00:13:15 - TransactionHeaderGenerator - INFO - ✓ Created transaction #85: 2025-10-17 09:26:29 on Machine #3
2025-11-04 00:13:15 - TransactionHeaderGenerator - INFO - ✓ Created transaction #86: 2025-08-10 13:54:30 on Machine #3
2025-11-04 00:13:15 - TransactionHeaderGenerator - INFO - ✓ Created transaction #87: 2025-08-24 09:50:55 on Machine #4
2025-11-04 00:13:15 - TransactionHeaderGenerator - INFO - ✓ Created transaction #88: 2025-10-09 19:58:32 on Machine #4 [Staff Purchase]
2025-11-04 00:13:15 - TransactionHeaderGenerator - INFO - ✓ Created transaction #89: 2025-09-06 21:10:55 on Machine #1
2025-11-04 00:13:15 - TransactionHeaderGenerator - INFO - ✓ Created transaction #90: 2025-08-31 15:17:06 on Machine #5
2025-11-04 00:13:15 - TransactionHeaderGenerator - INFO - ✓ Created transaction #91: 2025-10-23 13:34:31 on Machine #2
2025-11-04 00:13:15 - TransactionHeaderGenerator - INFO - ✓ Created transaction #92: 2025-09-01 14:37:22 on Machine #4
2025-11-04 00:13:15 - TransactionHeaderGenerator - INFO - ✓ Created transaction #93: 2025-08-24 21:34:04 on Machine #5
2025-11-04 00:13:15 - TransactionHeaderGenerator - INFO - ✓ Created transaction #94: 2025-09-15 22:21:54 on Machine #3
2025-11-04 00:13:15 - TransactionHeaderGenerator - INFO - ✓ Created transaction #95: 2025-09-21 17:24:20 on Machine #1
2025-11-04 00:13:15 - TransactionHeaderGenerator - INFO - ✓ Created transaction #96: 2025-09-17 14:10:59 on Machine #1
2025-11-04 00:13:15 - TransactionHeaderGenerator - INFO - ✓ Created transaction #97: 2025-09-17 12:53:08 on Machine #2
2025-11-04 00:13:15 - TransactionHeaderGenerator - INFO - ✓ Created transaction #98: 2025-10-15 16:22:08 on Machine #4
2025-11-04 00:13:15 - TransactionHeaderGenerator - INFO - ✓ Created transaction #99: 2025-10-28 17:30:10 on Machine #5
2025-11-04 00:13:15 - TransactionHeaderGenerator - INFO - ✓ Created transaction #100: 2025-10-23 14:30:05 on Machine #3 [Staff Purchase]
2025-11-04 00:13:15 - TransactionHeaderGenerator - INFO - ============================================================
2025-11-04 00:13:15 - TransactionHeaderGenerator - INFO - Generation Summary for TRANSACTION_HEADER
2025-11-04 00:13:15 - TransactionHeaderGenerator - INFO - Batch Size: 20
2025-11-04 00:13:15 - TransactionHeaderGenerator - INFO - Successfully Generated: 20
2025-11-04 00:13:15 - TransactionHeaderGenerator - INFO - Failed: 0
2025-11-04 00:13:15 - TransactionHeaderGenerator - INFO - Success Rate: 100.0%
2025-11-04 00:13:15 - TransactionHeaderGenerator - INFO - ============================================================
2025-11-04 00:13:15 - TransactionHeaderGenerator - INFO - Total transaction headers in database: 100
2025-11-04 00:13:15 - TransactionHeaderGenerator - INFO - TRANSACTION HEADER GENERATOR FINISHED
2025-11-04 00:13:15 - TransactionHeaderGenerator - INFO - ============================================================
2025-11-04 00:13:15 - TransactionLineGenerator - INFO - ============================================================
2025-11-04 00:13:15 - TransactionLineGenerator - INFO - TRANSACTION LINE GENERATOR STARTED
2025-11-04 00:13:15 - TransactionLineGenerator - INFO - Timestamp: 2025-11-04 00:13:15.630769
2025-11-04 00:13:15 - TransactionLineGenerator - INFO - ============================================================
2025-11-04 00:13:15 - TransactionLineGenerator - INFO - Starting transaction line generation - Batch size: 50
2025-11-04 00:13:15 - TransactionLineGenerator - INFO - ✓ Created line #201: Transaction #96, PLU 10905, Qty 1, $19.49
2025-11-04 00:13:15 - TransactionLineGenerator - INFO - ✓ Created line #202: Transaction #19, PLU 77271, Qty 3, $118.47
2025-11-04 00:13:15 - TransactionLineGenerator - INFO - ✓ Created line #203: Transaction #86, PLU 119053, Qty 3, $92.07
2025-11-04 00:13:15 - TransactionLineGenerator - INFO - ✓ Created line #204: Transaction #45, PLU 6742, Qty 4, $190.76
2025-11-04 00:13:15 - TransactionLineGenerator - INFO - ✓ Created line #205: Transaction #79, PLU 2873, Qty 10, $98.90
2025-11-04 00:13:15 - TransactionLineGenerator - INFO - ✓ Created line #206: Transaction #1, PLU 36439, Qty 1, $43.79
2025-11-04 00:13:15 - TransactionLineGenerator - INFO - ✓ Created line #207: Transaction #22, PLU 77271, Qty 1, $32.99
2025-11-04 00:13:15 - TransactionLineGenerator - INFO - ✓ Created line #208: Transaction #16, PLU 74951, Qty 3, $119.37
2025-11-04 00:13:15 - TransactionLineGenerator - INFO - ✓ Created line #209: Transaction #30, PLU 7977, Qty 1, $31.49
2025-11-04 00:13:15 - TransactionLineGenerator - INFO - ✓ Created line #210: Transaction #26, PLU 77271, Qty 6, $251.70
2025-11-04 00:13:15 - TransactionLineGenerator - INFO - ✓ Created line #211: Transaction #77, PLU 45942, Qty 1, $146.99
2025-11-04 00:13:15 - TransactionLineGenerator - INFO - ✓ Created line #212: Transaction #37, PLU 431, Qty 4, $135.16
2025-11-04 00:13:15 - TransactionLineGenerator - INFO - ✓ Created line #213: Transaction #59, PLU 5433, Qty 1, $110.89
2025-11-04 00:13:15 - TransactionLineGenerator - INFO - ✓ Created line #214: Transaction #46, PLU 6065, Qty 1, $4.49
2025-11-04 00:13:15 - TransactionLineGenerator - INFO - ✓ Created line #215: Transaction #40, PLU 37388, Qty 1, $40.49
2025-11-04 00:13:15 - TransactionLineGenerator - INFO - ✓ Created line #216: Transaction #90, PLU 43158, Qty 1, $74.99
2025-11-04 00:13:15 - TransactionLineGenerator - INFO - ✓ Created line #217: Transaction #7, PLU 10905, Qty 1, $22.49
2025-11-04 00:13:15 - TransactionLineGenerator - INFO - ✓ Created line #218: Transaction #4, PLU 75553, Qty 1, $12.89
2025-11-04 00:13:15 - TransactionLineGenerator - INFO - ✓ Created line #219: Transaction #10, PLU 21925, Qty 1, $30.39 (20.0% off)
2025-11-04 00:13:15 - TransactionLineGenerator - INFO - ✓ Created line #220: Transaction #48, PLU 6065, Qty 1, $3.79
2025-11-04 00:13:15 - TransactionLineGenerator - INFO - ✓ Created line #221: Transaction #58, PLU 76658, Qty 1, $34.95
2025-11-04 00:13:15 - TransactionLineGenerator - INFO - ✓ Created line #222: Transaction #58, PLU 45942, Qty 1, $86.69
2025-11-04 00:13:15 - TransactionLineGenerator - INFO - ✓ Created line #223: Transaction #11, PLU 2873, Qty 1, $17.89
2025-11-04 00:13:15 - TransactionLineGenerator - INFO - ✓ Created line #224: Transaction #90, PLU 57416, Qty 10, $87.90
2025-11-04 00:13:15 - TransactionLineGenerator - INFO - ✓ Created line #225: Transaction #19, PLU 6742, Qty 1, $34.95
2025-11-04 00:13:15 - TransactionLineGenerator - INFO - ✓ Created line #226: Transaction #38, PLU 67741, Qty 1, $19.89
2025-11-04 00:13:15 - TransactionLineGenerator - INFO - ✓ Created line #227: Transaction #26, PLU 815898, Qty 1, $14.89
2025-11-04 00:13:15 - TransactionLineGenerator - INFO - ✓ Created line #228: Transaction #25, PLU 21925, Qty 1, $53.49
2025-11-04 00:13:15 - TransactionLineGenerator - INFO - ✓ Created line #229: Transaction #56, PLU 41616, Qty 1, $28.89
2025-11-04 00:13:15 - TransactionLineGenerator - INFO - ✓ Created line #230: Transaction #77, PLU 59092, Qty 4, $15.80
2025-11-04 00:13:15 - TransactionLineGenerator - INFO - ✓ Created line #231: Transaction #58, PLU 36439, Qty 1, $25.69
2025-11-04 00:13:15 - TransactionLineGenerator - INFO - ✓ Created line #232: Transaction #61, PLU 1830, Qty 1, $9.79
2025-11-04 00:13:15 - TransactionLineGenerator - INFO - ✓ Created line #233: Transaction #87, PLU 21925, Qty 3, $194.85
2025-11-04 00:13:15 - TransactionLineGenerator - INFO - ✓ Created line #234: Transaction #48, PLU 181, Qty 1, $83.99
2025-11-04 00:13:15 - TransactionLineGenerator - INFO - ✓ Created line #235: Transaction #51, PLU 67741, Qty 1, $30.49
2025-11-04 00:13:15 - TransactionLineGenerator - INFO - ✓ Created line #236: Transaction #49, PLU 98020, Qty 1, $50.79
2025-11-04 00:13:15 - TransactionLineGenerator - INFO - ✓ Created line #237: Transaction #63, PLU 579777, Qty 1, $39.79
2025-11-04 00:13:15 - TransactionLineGenerator - INFO - ✓ Created line #238: Transaction #56, PLU 67741, Qty 1, $16.49
2025-11-04 00:13:15 - TransactionLineGenerator - INFO - ✓ Created line #239: Transaction #83, PLU 431, Qty 4, $140.77 (20.0% off)
2025-11-04 00:13:15 - TransactionLineGenerator - INFO - ✓ Created line #240: Transaction #97, PLU 37388, Qty 1, $42.95
2025-11-04 00:13:15 - TransactionLineGenerator - INFO - ✓ Created line #241: Transaction #53, PLU 99334, Qty 1, $196.89
2025-11-04 00:13:15 - TransactionLineGenerator - INFO - ✓ Created line #242: Transaction #70, PLU 753255, Qty 1, $93.99
2025-11-04 00:13:15 - TransactionLineGenerator - INFO - ✓ Created line #243: Transaction #53, PLU 45942, Qty 1, $89.95
2025-11-04 00:13:15 - TransactionLineGenerator - INFO - ✓ Created line #244: Transaction #3, PLU 5665, Qty 1, $116.49
2025-11-04 00:13:15 - TransactionLineGenerator - INFO - ✓ Created line #245: Transaction #65, PLU 849, Qty 1, $37.95
2025-11-04 00:13:15 - TransactionLineGenerator - INFO - ✓ Created line #246: Transaction #78, PLU 1132, Qty 1, $112.69
2025-11-04 00:13:15 - TransactionLineGenerator - INFO - ✓ Created line #247: Transaction #20, PLU 179, Qty 1, $47.17 (15.0% off)
2025-11-04 00:13:15 - TransactionLineGenerator - INFO - ✓ Created line #248: Transaction #51, PLU 67741, Qty 1, $14.89
2025-11-04 00:13:15 - TransactionLineGenerator - INFO - ✓ Created line #249: Transaction #31, PLU 99334, Qty 1, $179.99
2025-11-04 00:13:15 - TransactionLineGenerator - INFO - ✓ Created line #250: Transaction #55, PLU 45942, Qty 1, $130.69
2025-11-04 00:13:15 - TransactionLineGenerator - INFO - ============================================================
2025-11-04 00:13:15 - TransactionLineGenerator - INFO - Generation Summary for TRANSACTION_LINE
2025-11-04 00:13:15 - TransactionLineGenerator - INFO - Batch Size: 50
2025-11-04 00:13:15 - TransactionLineGenerator - INFO - Successfully Generated: 50
2025-11-04 00:13:15 - TransactionLineGenerator - INFO - Failed: 0
2025-11-04 00:13:15 - TransactionLineGenerator - INFO - Success Rate: 100.0%
2025-11-04 00:13:15 - TransactionLineGenerator - INFO - ============================================================
2025-11-04 00:13:15 - TransactionLineGenerator - INFO - Total transaction lines in database: 250
2025-11-04 00:13:15 - TransactionLineGenerator - INFO - Transactions with line items: 76/100
2025-11-04 00:13:15 - TransactionLineGenerator - INFO - TRANSACTION LINE GENERATOR FINISHED
2025-11-04 00:13:15 - TransactionLineGenerator - INFO - ============================================================
2025-11-04 12:44:06 - CategoryGenerator - INFO - ============================================================
2025-11-04 12:44:06 - CategoryGenerator - INFO - CATEGORY GENERATOR STARTED
2025-11-04 12:44:06 - CategoryGenerator - INFO - Timestamp: 2025-11-04 12:44:06.498050
2025-11-04 12:44:06 - CategoryGenerator - INFO - ============================================================
2025-11-04 12:44:06 - CategoryGenerator - INFO - Starting category generation - Batch size: 2
2025-11-04 12:44:06 - CategoryGenerator - INFO - ✓ Created category #15: SkinCare
2025-11-04 12:44:06 - CategoryGenerator - INFO - ✓ Created category #16: SkinCare Care
2025-11-04 12:44:06 - CategoryGenerator - INFO - ============================================================
2025-11-04 12:44:06 - CategoryGenerator - INFO - Generation Summary for CATEGORY
2025-11-04 12:44:06 - CategoryGenerator - INFO - Batch Size: 2
2025-11-04 12:44:06 - CategoryGenerator - INFO - Successfully Generated: 2
2025-11-04 12:44:06 - CategoryGenerator - INFO - Failed: 0
2025-11-04 12:44:06 - CategoryGenerator - INFO - Success Rate: 100.0%
2025-11-04 12:44:06 - CategoryGenerator - INFO - ============================================================
2025-11-04 12:44:06 - CategoryGenerator - INFO - Total categories in database: 16
2025-11-04 12:44:06 - CategoryGenerator - INFO - CATEGORY GENERATOR FINISHED
2025-11-04 12:44:06 - CategoryGenerator - INFO - ============================================================
2025-11-04 12:44:06 - SupplierGenerator - INFO - ============================================================
2025-11-04 12:44:06 - SupplierGenerator - INFO - SUPPLIER GENERATOR STARTED
2025-11-04 12:44:06 - SupplierGenerator - INFO - Timestamp: 2025-11-04 12:44:06.550643
2025-11-04 12:44:06 - SupplierGenerator - INFO - ============================================================
2025-11-04 12:44:06 - SupplierGenerator - INFO - Starting supplier generation - Batch size: 3
2025-11-04 12:44:06 - SupplierGenerator - INFO - ✓ Created supplier #16: Pacific Nutrition Pty Ltd
2025-11-04 12:44:06 - SupplierGenerator - INFO - ✓ Created supplier #17: Pacific Cosmetics Pty Ltd
2025-11-04 12:44:06 - SupplierGenerator - INFO - ✓ Created supplier #18: Premier Beauty Pty Ltd
2025-11-04 12:44:06 - SupplierGenerator - INFO - ============================================================
2025-11-04 12:44:06 - SupplierGenerator - INFO - Generation Summary for SUPPLIER
2025-11-04 12:44:06 - SupplierGenerator - INFO - Batch Size: 3
2025-11-04 12:44:06 - SupplierGenerator - INFO - Successfully Generated: 3
2025-11-04 12:44:06 - SupplierGenerator - INFO - Failed: 0
2025-11-04 12:44:06 - SupplierGenerator - INFO - Success Rate: 100.0%
2025-11-04 12:44:06 - SupplierGenerator - INFO - ============================================================
2025-11-04 12:44:06 - SupplierGenerator - INFO - Total suppliers in database: 18
2025-11-04 12:44:06 - SupplierGenerator - INFO - SUPPLIER GENERATOR FINISHED
2025-11-04 12:44:06 - SupplierGenerator - INFO - ============================================================
2025-11-04 12:44:06 - StaffGenerator - INFO - ============================================================
2025-11-04 12:44:06 - StaffGenerator - INFO - STAFF GENERATOR STARTED
2025-11-04 12:44:06 - StaffGenerator - INFO - Timestamp: 2025-11-04 12:44:06.618238
2025-11-04 12:44:06 - StaffGenerator - INFO - ============================================================
2025-11-04 12:44:06 - StaffGenerator - INFO - Starting staff generation - Batch size: 2
2025-11-04 12:44:06 - StaffGenerator - INFO - ✓ Created staff #11: Lucas D 412258 (Customer Service)
2025-11-04 12:44:06 - StaffGenerator - INFO - ✓ Created staff #12: Ethan H 75753 (Pharmacist)
2025-11-04 12:44:06 - StaffGenerator - INFO - ============================================================
2025-11-04 12:44:06 - StaffGenerator - INFO - Generation Summary for STAFF
2025-11-04 12:44:06 - StaffGenerator - INFO - Batch Size: 2
2025-11-04 12:44:06 - StaffGenerator - INFO - Successfully Generated: 2
2025-11-04 12:44:06 - StaffGenerator - INFO - Failed: 0
2025-11-04 12:44:06 - StaffGenerator - INFO - Success Rate: 100.0%
2025-11-04 12:44:06 - StaffGenerator - INFO - ============================================================
2025-11-04 12:44:06 - StaffGenerator - INFO - Total staff in database: 12
2025-11-04 12:44:06 - StaffGenerator - INFO - STAFF GENERATOR FINISHED
2025-11-04 12:44:06 - StaffGenerator - INFO - ============================================================
2025-11-04 12:44:06 - MachineGenerator - INFO - ============================================================
2025-11-04 12:44:06 - MachineGenerator - INFO - MACHINE GENERATOR STARTED
2025-11-04 12:44:06 - MachineGenerator - INFO - Timestamp: 2025-11-04 12:44:06.670001
2025-11-04 12:44:06 - MachineGenerator - INFO - ============================================================
2025-11-04 12:44:06 - MachineGenerator - INFO - Starting machine generation - Batch size: 1
2025-11-04 12:44:06 - MachineGenerator - INFO - ✓ Created machine #6: TILL05 at Mobile Unit
2025-11-04 12:44:06 - MachineGenerator - INFO - ============================================================
2025-11-04 12:44:06 - MachineGenerator - INFO - Generation Summary for MACHINE
2025-11-04 12:44:06 - MachineGenerator - INFO - Batch Size: 1
2025-11-04 12:44:06 - MachineGenerator - INFO - Successfully Generated: 1
2025-11-04 12:44:06 - MachineGenerator - INFO - Failed: 0
2025-11-04 12:44:06 - MachineGenerator - INFO - Success Rate: 100.0%
2025-11-04 12:44:06 - MachineGenerator - INFO - ============================================================
2025-11-04 12:44:06 - MachineGenerator - INFO - Total machines in database: 6
2025-11-04 12:44:06 - MachineGenerator - INFO - MACHINE GENERATOR FINISHED
2025-11-04 12:44:06 - MachineGenerator - INFO - ============================================================
2025-11-04 12:44:06 - PaymentMethodGenerator - INFO - ============================================================
2025-11-04 12:44:06 - PaymentMethodGenerator - INFO - PAYMENT METHOD GENERATOR STARTED
2025-11-04 12:44:06 - PaymentMethodGenerator - INFO - Timestamp: 2025-11-04 12:44:06.714985
2025-11-04 12:44:06 - PaymentMethodGenerator - INFO - ============================================================
2025-11-04 12:44:06 - PaymentMethodGenerator - INFO - Starting payment method generation - Batch size: 1
2025-11-04 12:44:06 - PaymentMethodGenerator - INFO - ✓ Created payment method #6: VISA (1.6% fee)
2025-11-04 12:44:06 - PaymentMethodGenerator - INFO - ============================================================
2025-11-04 12:44:06 - PaymentMethodGenerator - INFO - Generation Summary for PAYMENT_METHOD
2025-11-04 12:44:06 - PaymentMethodGenerator - INFO - Batch Size: 1
2025-11-04 12:44:06 - PaymentMethodGenerator - INFO - Successfully Generated: 1
2025-11-04 12:44:06 - PaymentMethodGenerator - INFO - Failed: 0
2025-11-04 12:44:06 - PaymentMethodGenerator - INFO - Success Rate: 100.0%
2025-11-04 12:44:06 - PaymentMethodGenerator - INFO - ============================================================
2025-11-04 12:44:06 - PaymentMethodGenerator - INFO - Total payment methods in database: 6
2025-11-04 12:44:06 - PaymentMethodGenerator - INFO - PAYMENT METHOD GENERATOR FINISHED
2025-11-04 12:44:06 - PaymentMethodGenerator - INFO - ============================================================
2025-11-04 12:44:06 - TransactionTypeGenerator - INFO - ============================================================
2025-11-04 12:44:06 - TransactionTypeGenerator - INFO - TRANSACTION TYPE GENERATOR STARTED
2025-11-04 12:44:06 - TransactionTypeGenerator - INFO - Timestamp: 2025-11-04 12:44:06.759823
2025-11-04 12:44:06 - TransactionTypeGenerator - INFO - ============================================================
2025-11-04 12:44:06 - TransactionTypeGenerator - INFO - Starting transaction type generation - Batch size: 1
2025-11-04 12:44:06 - TransactionTypeGenerator - INFO - ✓ Created transaction type #6: Return Item [Inv:✓ Rev:✓]
2025-11-04 12:44:06 - TransactionTypeGenerator - INFO - ============================================================
2025-11-04 12:44:06 - TransactionTypeGenerator - INFO - Generation Summary for TRANSACTION_TYPE
2025-11-04 12:44:06 - TransactionTypeGenerator - INFO - Batch Size: 1
2025-11-04 12:44:06 - TransactionTypeGenerator - INFO - Successfully Generated: 1
2025-11-04 12:44:06 - TransactionTypeGenerator - INFO - Failed: 0
2025-11-04 12:44:06 - TransactionTypeGenerator - INFO - Success Rate: 100.0%
2025-11-04 12:44:06 - TransactionTypeGenerator - INFO - ============================================================
2025-11-04 12:44:06 - TransactionTypeGenerator - INFO - Total transaction types in database: 6
2025-11-04 12:44:06 - TransactionTypeGenerator - INFO - TRANSACTION TYPE GENERATOR FINISHED
2025-11-04 12:44:06 - TransactionTypeGenerator - INFO - ============================================================
2025-11-04 12:44:06 - ProductGroupGenerator - INFO - ============================================================
2025-11-04 12:44:06 - ProductGroupGenerator - INFO - PRODUCT GROUP GENERATOR STARTED
2025-11-04 12:44:06 - ProductGroupGenerator - INFO - Timestamp: 2025-11-04 12:44:06.806988
2025-11-04 12:44:06 - ProductGroupGenerator - INFO - ============================================================
2025-11-04 12:44:06 - ProductGroupGenerator - INFO - Starting product group generation - Batch size: 3
2025-11-04 12:44:06 - ProductGroupGenerator - INFO - ✓ Created product group #16: Baby Products Essentials (Category: 8)
2025-11-04 12:44:06 - ProductGroupGenerator - INFO - ✓ Created product group #17: Eaoron (Category: 1)
2025-11-04 12:44:06 - ProductGroupGenerator - INFO - ✓ Created product group #18: Tapes/Strapping (Category: 3)
2025-11-04 12:44:06 - ProductGroupGenerator - INFO - ============================================================
2025-11-04 12:44:06 - ProductGroupGenerator - INFO - Generation Summary for PRODUCT_GROUP
2025-11-04 12:44:06 - ProductGroupGenerator - INFO - Batch Size: 3
2025-11-04 12:44:06 - ProductGroupGenerator - INFO - Successfully Generated: 3
2025-11-04 12:44:06 - ProductGroupGenerator - INFO - Failed: 0
2025-11-04 12:44:06 - ProductGroupGenerator - INFO - Success Rate: 100.0%
2025-11-04 12:44:06 - ProductGroupGenerator - INFO - ============================================================
2025-11-04 12:44:06 - ProductGroupGenerator - INFO - Total product groups in database: 18
2025-11-04 12:44:06 - ProductGroupGenerator - INFO - PRODUCT GROUP GENERATOR FINISHED
2025-11-04 12:44:06 - ProductGroupGenerator - INFO - ============================================================
2025-11-04 12:44:06 - ProductGenerator - INFO - ============================================================
2025-11-04 12:44:06 - ProductGenerator - INFO - PRODUCT GENERATOR STARTED
2025-11-04 12:44:06 - ProductGenerator - INFO - Timestamp: 2025-11-04 12:44:06.871369
2025-11-04 12:44:06 - ProductGenerator - INFO - ============================================================
2025-11-04 12:44:06 - ProductGenerator - INFO - Starting product generation - Batch size: 10
2025-11-04 12:44:06 - ProductGenerator - INFO - ✓ Created product PLU 527924: Curash Premium Lotion 30 Pack... (SOH: 64, Cost: $18.74)
2025-11-04 12:44:06 - ProductGenerator - INFO - ✓ Created product PLU 56916: Panadol Wash Powder 15g... (SOH: 65, Cost: $27.53)
2025-11-04 12:44:06 - ProductGenerator - INFO - ✓ Created product PLU 950153: Capsules 150ml... (SOH: 29, Cost: $10.29)
2025-11-04 12:44:06 - ProductGenerator - INFO - ✓ Created product PLU 77397: Bandaid Conditioner 100g... (SOH: 22, Cost: $36.25)
2025-11-04 12:44:06 - ProductGenerator - INFO - ✓ Created product PLU 7648: Ego Intensive Powder 120 Tablets... (SOH: 22, Cost: $30.25)
2025-11-04 12:44:06 - ProductGenerator - INFO - ✓ Created product PLU 3549: Berocca Therapeutic Protection 30 Tablets... (SOH: 46, Cost: $6.33)
2025-11-04 12:44:06 - ProductGenerator - INFO - ✓ Created product PLU 953926: Nurofen Shampoo 150g... (SOH: 39, Cost: $10.72)
2025-11-04 12:44:06 - ProductGenerator - INFO - ✓ Created product PLU 15130: Berocca Clinical Gel 200ml... (SOH: 30, Cost: $11.10)
2025-11-04 12:44:06 - ProductGenerator - INFO - ✓ Created product PLU 30537: Support 50ml... (SOH: 40, Cost: $13.40)
2025-11-04 12:44:06 - ProductGenerator - INFO - ✓ Created product PLU 326: Bosisto's Super Spray 20 Pack... (SOH: 74, Cost: $16.55)
2025-11-04 12:44:06 - ProductGenerator - INFO - ============================================================
2025-11-04 12:44:06 - ProductGenerator - INFO - Generation Summary for PRODUCT
2025-11-04 12:44:06 - ProductGenerator - INFO - Batch Size: 10
2025-11-04 12:44:06 - ProductGenerator - INFO - Successfully Generated: 10
2025-11-04 12:44:06 - ProductGenerator - INFO - Failed: 0
2025-11-04 12:44:06 - ProductGenerator - INFO - Success Rate: 100.0%
2025-11-04 12:44:06 - ProductGenerator - INFO - ============================================================
2025-11-04 12:44:06 - ProductGenerator - INFO - Total products in database: 60
2025-11-04 12:44:06 - ProductGenerator - INFO - PRODUCT GENERATOR FINISHED
2025-11-04 12:44:06 - ProductGenerator - INFO - ============================================================
2025-11-04 12:44:06 - TransactionHeaderGenerator - INFO - ============================================================
2025-11-04 12:44:06 - TransactionHeaderGenerator - INFO - TRANSACTION HEADER GENERATOR STARTED
2025-11-04 12:44:06 - TransactionHeaderGenerator - INFO - Timestamp: 2025-11-04 12:44:06.946858
2025-11-04 12:44:06 - TransactionHeaderGenerator - INFO - ============================================================
2025-11-04 12:44:06 - TransactionHeaderGenerator - INFO - Starting transaction header generation - Batch size: 20
2025-11-04 12:44:06 - TransactionHeaderGenerator - INFO - ✓ Created transaction #101: 2025-08-16 18:02:52 on Machine #6 [Staff Purchase]
2025-11-04 12:44:06 - TransactionHeaderGenerator - INFO - ✓ Created transaction #102: 2025-09-03 14:04:47 on Machine #1
2025-11-04 12:44:06 - TransactionHeaderGenerator - INFO - ✓ Created transaction #103: 2025-10-24 16:06:23 on Machine #1
2025-11-04 12:44:06 - TransactionHeaderGenerator - INFO - ✓ Created transaction #104: 2025-09-20 15:01:03 on Machine #5
2025-11-04 12:44:06 - TransactionHeaderGenerator - INFO - ✓ Created transaction #105: 2025-10-05 11:26:02 on Machine #4
2025-11-04 12:44:06 - TransactionHeaderGenerator - INFO - ✓ Created transaction #106: 2025-10-31 20:58:05 on Machine #5
2025-11-04 12:44:06 - TransactionHeaderGenerator - INFO - ✓ Created transaction #107: 2025-11-01 09:01:41 on Machine #2
2025-11-04 12:44:06 - TransactionHeaderGenerator - INFO - ✓ Created transaction #108: 2025-09-22 16:39:36 on Machine #1
2025-11-04 12:44:06 - TransactionHeaderGenerator - INFO - ✓ Created transaction #109: 2025-09-24 19:18:04 on Machine #1
2025-11-04 12:44:06 - TransactionHeaderGenerator - INFO - ✓ Created transaction #110: 2025-08-31 14:52:01 on Machine #3
2025-11-04 12:44:06 - TransactionHeaderGenerator - INFO - ✓ Created transaction #111: 2025-09-21 14:57:10 on Machine #2
2025-11-04 12:44:06 - TransactionHeaderGenerator - INFO - ✓ Created transaction #112: 2025-08-14 16:30:49 on Machine #4
2025-11-04 12:44:06 - TransactionHeaderGenerator - INFO - ✓ Created transaction #113: 2025-09-07 18:55:52 on Machine #6
2025-11-04 12:44:06 - TransactionHeaderGenerator - INFO - ✓ Created transaction #114: 2025-10-16 13:11:21 on Machine #5
2025-11-04 12:44:06 - TransactionHeaderGenerator - INFO - ✓ Created transaction #115: 2025-09-14 16:50:07 on Machine #3
2025-11-04 12:44:06 - TransactionHeaderGenerator - INFO - ✓ Created transaction #116: 2025-10-01 17:42:30 on Machine #3
2025-11-04 12:44:07 - TransactionHeaderGenerator - INFO - ✓ Created transaction #117: 2025-08-06 14:54:34 on Machine #6
2025-11-04 12:44:07 - TransactionHeaderGenerator - INFO - ✓ Created transaction #118: 2025-08-16 13:43:05 on Machine #4
2025-11-04 12:44:07 - TransactionHeaderGenerator - INFO - ✓ Created transaction #119: 2025-10-30 09:39:34 on Machine #5
2025-11-04 12:44:07 - TransactionHeaderGenerator - INFO - ✓ Created transaction #120: 2025-08-06 17:26:34 on Machine #6 [Staff Purchase]
2025-11-04 12:44:07 - TransactionHeaderGenerator - INFO - ============================================================
2025-11-04 12:44:07 - TransactionHeaderGenerator - INFO - Generation Summary for TRANSACTION_HEADER
2025-11-04 12:44:07 - TransactionHeaderGenerator - INFO - Batch Size: 20
2025-11-04 12:44:07 - TransactionHeaderGenerator - INFO - Successfully Generated: 20
2025-11-04 12:44:07 - TransactionHeaderGenerator - INFO - Failed: 0
2025-11-04 12:44:07 - TransactionHeaderGenerator - INFO - Success Rate: 100.0%
2025-11-04 12:44:07 - TransactionHeaderGenerator - INFO - ============================================================
2025-11-04 12:44:07 - TransactionHeaderGenerator - INFO - Total transaction headers in database: 120
2025-11-04 12:44:07 - TransactionHeaderGenerator - INFO - TRANSACTION HEADER GENERATOR FINISHED
2025-11-04 12:44:07 - TransactionHeaderGenerator - INFO - ============================================================
2025-11-04 12:44:07 - TransactionLineGenerator - INFO - ============================================================
2025-11-04 12:44:07 - TransactionLineGenerator - INFO - TRANSACTION LINE GENERATOR STARTED
2025-11-04 12:44:07 - TransactionLineGenerator - INFO - Timestamp: 2025-11-04 12:44:07.054257
2025-11-04 12:44:07 - TransactionLineGenerator - INFO - ============================================================
2025-11-04 12:44:07 - TransactionLineGenerator - INFO - Starting transaction line generation - Batch size: 50
2025-11-04 12:44:07 - TransactionLineGenerator - INFO - ✓ Created line #251: Transaction #89, PLU 94957, Qty 1, $41.79
2025-11-04 12:44:07 - TransactionLineGenerator - INFO - ✓ Created line #252: Transaction #20, PLU 2894, Qty 5, $754.45
2025-11-04 12:44:07 - TransactionLineGenerator - INFO - ✓ Created line #253: Transaction #23, PLU 30537, Qty 1, $37.79
2025-11-04 12:44:07 - TransactionLineGenerator - INFO - ✓ Created line #254: Transaction #101, PLU 8707, Qty 4, $223.80
2025-11-04 12:44:07 - TransactionLineGenerator - INFO - ✓ Created line #255: Transaction #25, PLU 74951, Qty 1, $39.95
2025-11-04 12:44:07 - TransactionLineGenerator - INFO - ✓ Created line #256: Transaction #50, PLU 527924, Qty 1, $21.92 (15.0% off)
2025-11-04 12:44:07 - TransactionLineGenerator - INFO - ✓ Created line #257: Transaction #84, PLU 92618, Qty 1, $32.95
2025-11-04 12:44:07 - TransactionLineGenerator - INFO - ✓ Created line #258: Transaction #74, PLU 8093, Qty 1, $58.99
2025-11-04 12:44:07 - TransactionLineGenerator - INFO - ✓ Created line #259: Transaction #32, PLU 75553, Qty 1, $17.49
2025-11-04 12:44:07 - TransactionLineGenerator - INFO - ✓ Created line #260: Transaction #104, PLU 77271, Qty 1, $40.89
2025-11-04 12:44:07 - TransactionLineGenerator - INFO - ✓ Created line #261: Transaction #54, PLU 98020, Qty 1, $69.99
2025-11-04 12:44:07 - TransactionLineGenerator - INFO - ✓ Created line #262: Transaction #38, PLU 8707, Qty 1, $38.95
2025-11-04 12:44:07 - TransactionLineGenerator - INFO - ✓ Created line #263: Transaction #76, PLU 74951, Qty 1, $40.69
2025-11-04 12:44:07 - TransactionLineGenerator - INFO - ✓ Created line #264: Transaction #43, PLU 75553, Qty 1, $26.79
2025-11-04 12:44:07 - TransactionLineGenerator - INFO - ✓ Created line #265: Transaction #75, PLU 30537, Qty 1, $24.79
2025-11-04 12:44:07 - TransactionLineGenerator - INFO - ✓ Created line #266: Transaction #14, PLU 7648, Qty 5, $208.45
2025-11-04 12:44:07 - TransactionLineGenerator - INFO - ✓ Created line #267: Transaction #93, PLU 2873, Qty 1, $17.85 (5.0% off)
2025-11-04 12:44:07 - TransactionLineGenerator - INFO - ✓ Created line #268: Transaction #29, PLU 59092, Qty 1, $2.89
2025-11-04 12:44:07 - TransactionLineGenerator - INFO - ✓ Created line #269: Transaction #113, PLU 36439, Qty 7, $188.23
2025-11-04 12:44:07 - TransactionLineGenerator - INFO - ✓ Created line #270: Transaction #84, PLU 15130, Qty 1, $27.49
2025-11-04 12:44:07 - TransactionLineGenerator - INFO - ✓ Created line #271: Transaction #68, PLU 2873, Qty 1, $12.89
2025-11-04 12:44:07 - TransactionLineGenerator - INFO - ✓ Created line #272: Transaction #4, PLU 953926, Qty 4, $123.80
2025-11-04 12:44:07 - TransactionLineGenerator - INFO - ✓ Created line #273: Transaction #97, PLU 99334, Qty 9, $1700.91
2025-11-04 12:44:07 - TransactionLineGenerator - INFO - ✓ Created line #274: Transaction #22, PLU 1830, Qty 1, $15.69
2025-11-04 12:44:07 - TransactionLineGenerator - INFO - ✓ Created line #275: Transaction #119, PLU 43158, Qty 3, $254.37
2025-11-04 12:44:07 - TransactionLineGenerator - INFO - ✓ Created line #276: Transaction #64, PLU 527924, Qty 1, $44.49
2025-11-04 12:44:07 - TransactionLineGenerator - INFO - ✓ Created line #277: Transaction #113, PLU 43158, Qty 1, $84.49
2025-11-04 12:44:07 - TransactionLineGenerator - INFO - ✓ Created line #278: Transaction #92, PLU 710, Qty 1, $97.49
2025-11-04 12:44:07 - TransactionLineGenerator - INFO - ✓ Created line #279: Transaction #83, PLU 8093, Qty 1, $52.49
2025-11-04 12:44:07 - TransactionLineGenerator - INFO - ✓ Created line #280: Transaction #62, PLU 5458, Qty 9, $386.01
2025-11-04 12:44:07 - TransactionLineGenerator - INFO - ✓ Created line #281: Transaction #70, PLU 579777, Qty 1, $63.69
2025-11-04 12:44:07 - TransactionLineGenerator - INFO - ✓ Created line #282: Transaction #34, PLU 5433, Qty 3, $281.85
2025-11-04 12:44:07 - TransactionLineGenerator - INFO - ✓ Created line #283: Transaction #10, PLU 67741, Qty 1, $30.69
2025-11-04 12:44:07 - TransactionLineGenerator - INFO - ✓ Created line #284: Transaction #29, PLU 527924, Qty 4, $207.56
2025-11-04 12:44:07 - TransactionLineGenerator - INFO - ✓ Created line #285: Transaction #35, PLU 431, Qty 5, $154.95
2025-11-04 12:44:07 - TransactionLineGenerator - INFO - ✓ Created line #286: Transaction #53, PLU 7648, Qty 1, $81.99
2025-11-04 12:44:07 - TransactionLineGenerator - INFO - ✓ Created line #287: Transaction #43, PLU 30537, Qty 2, $45.90
2025-11-04 12:44:07 - TransactionLineGenerator - INFO - ✓ Created line #288: Transaction #94, PLU 326, Qty 1, $45.89
2025-11-04 12:44:07 - TransactionLineGenerator - INFO - ✓ Created line #289: Transaction #29, PLU 710, Qty 1, $79.69
2025-11-04 12:44:07 - TransactionLineGenerator - INFO - ✓ Created line #290: Transaction #61, PLU 5433, Qty 9, $906.21
2025-11-04 12:44:07 - TransactionLineGenerator - INFO - ✓ Created line #291: Transaction #74, PLU 326, Qty 1, $33.49
2025-11-04 12:44:07 - TransactionLineGenerator - INFO - ✓ Created line #292: Transaction #63, PLU 99334, Qty 1, $176.99
2025-11-04 12:44:07 - TransactionLineGenerator - INFO - ✓ Created line #293: Transaction #103, PLU 5665, Qty 1, $183.69
2025-11-04 12:44:07 - TransactionLineGenerator - INFO - ✓ Created line #294: Transaction #34, PLU 3549, Qty 1, $10.79
2025-11-04 12:44:07 - TransactionLineGenerator - INFO - ✓ Created line #295: Transaction #7, PLU 2873, Qty 5, $99.95
2025-11-04 12:44:07 - TransactionLineGenerator - INFO - ✓ Created line #296: Transaction #105, PLU 99334, Qty 1, $209.89
2025-11-04 12:44:07 - TransactionLineGenerator - INFO - ✓ Created line #297: Transaction #44, PLU 56916, Qty 5, $207.45
2025-11-04 12:44:07 - TransactionLineGenerator - INFO - ✓ Created line #298: Transaction #31, PLU 950153, Qty 1, $26.69
2025-11-04 12:44:07 - TransactionLineGenerator - INFO - ✓ Created line #299: Transaction #85, PLU 98020, Qty 1, $72.79
2025-11-04 12:44:07 - TransactionLineGenerator - INFO - ✓ Created line #300: Transaction #60, PLU 9180, Qty 1, $7.91 (20.0% off)
2025-11-04 12:44:07 - TransactionLineGenerator - INFO - ============================================================
2025-11-04 12:44:07 - TransactionLineGenerator - INFO - Generation Summary for TRANSACTION_LINE
2025-11-04 12:44:07 - TransactionLineGenerator - INFO - Batch Size: 50
2025-11-04 12:44:07 - TransactionLineGenerator - INFO - Successfully Generated: 50
2025-11-04 12:44:07 - TransactionLineGenerator - INFO - Failed: 0
2025-11-04 12:44:07 - TransactionLineGenerator - INFO - Success Rate: 100.0%
2025-11-04 12:44:07 - TransactionLineGenerator - INFO - ============================================================
2025-11-04 12:44:07 - TransactionLineGenerator - INFO - Total transaction lines in database: 300
2025-11-04 12:44:07 - TransactionLineGenerator - INFO - Transactions with line items: 92/120
2025-11-04 12:44:07 - TransactionLineGenerator - INFO - TRANSACTION LINE GENERATOR FINISHED
2025-11-04 12:44:07 - TransactionLineGenerator - INFO - ============================================================
