2025-11-11 01:01:39 - MasterRunner - INFO - ============================================================
2025-11-11 01:01:39 - MasterRunner - INFO - MASTER RUNNER STARTED
2025-11-11 01:01:39 - MasterRunner - INFO - Timestamp: 2025-11-11 01:01:39.057833
2025-11-11 01:01:39 - MasterRunner - INFO - Total scripts to run: 10
2025-11-11 01:01:39 - MasterRunner - INFO - ============================================================
2025-11-11 01:01:39 - MasterRunner - INFO - ============================================================
2025-11-11 01:01:39 - MasterRunner - INFO - Running: Categories (01_generate_categories.py)
2025-11-11 01:01:39 - MasterRunner - INFO - ============================================================
2025-11-11 01:01:39 - CategoryGenerator - INFO - ============================================================
2025-11-11 01:01:39 - CategoryGenerator - INFO - CATEGORY GENERATOR STARTED
2025-11-11 01:01:39 - CategoryGenerator - INFO - Timestamp: 2025-11-11 01:01:39.086528
2025-11-11 01:01:39 - CategoryGenerator - INFO - ============================================================
2025-11-11 01:01:39 - CategoryGenerator - INFO - Starting category generation - Batch size: 2
2025-11-11 01:01:39 - CategoryGenerator - INFO - ✓ Created category #71: Dermatological Wellness
2025-11-11 01:01:39 - CategoryGenerator - INFO - ✓ Created category #72: Analgesics Products
2025-11-11 01:01:39 - CategoryGenerator - INFO - ============================================================
2025-11-11 01:01:39 - CategoryGenerator - INFO - Generation Summary for CATEGORY
2025-11-11 01:01:39 - CategoryGenerator - INFO - Batch Size: 2
2025-11-11 01:01:39 - CategoryGenerator - INFO - Successfully Generated: 2
2025-11-11 01:01:39 - CategoryGenerator - INFO - Failed: 0
2025-11-11 01:01:39 - CategoryGenerator - INFO - Success Rate: 100.0%
2025-11-11 01:01:39 - CategoryGenerator - INFO - ============================================================
2025-11-11 01:01:39 - CategoryGenerator - INFO - Total categories in database: 72
2025-11-11 01:01:39 - CategoryGenerator - INFO - CATEGORY GENERATOR FINISHED
2025-11-11 01:01:39 - CategoryGenerator - INFO - ============================================================
2025-11-11 01:01:39 - MasterRunner - INFO - ✓ Categories completed successfully
2025-11-11 01:01:39 - MasterRunner - INFO - ============================================================
2025-11-11 01:01:39 - MasterRunner - INFO - Running: Suppliers (02_generate_suppliers.py)
2025-11-11 01:01:39 - MasterRunner - INFO - ============================================================
2025-11-11 01:01:39 - SupplierGenerator - INFO - ============================================================
2025-11-11 01:01:39 - SupplierGenerator - INFO - SUPPLIER GENERATOR STARTED
2025-11-11 01:01:39 - SupplierGenerator - INFO - Timestamp: 2025-11-11 01:01:39.125368
2025-11-11 01:01:39 - SupplierGenerator - INFO - ============================================================
2025-11-11 01:01:39 - SupplierGenerator - INFO - Starting supplier generation - Batch size: 3
2025-11-11 01:01:39 - SupplierGenerator - INFO - ✓ Created supplier #100: Direct Labs (TOTN)
2025-11-11 01:01:39 - SupplierGenerator - INFO - ✓ Created supplier #101: Global Beauty Pty Ltd
2025-11-11 01:01:39 - SupplierGenerator - INFO - ✓ Created supplier #102: Australian Labs (VE)
2025-11-11 01:01:39 - SupplierGenerator - INFO - ============================================================
2025-11-11 01:01:39 - SupplierGenerator - INFO - Generation Summary for SUPPLIER
2025-11-11 01:01:39 - SupplierGenerator - INFO - Batch Size: 3
2025-11-11 01:01:39 - SupplierGenerator - INFO - Successfully Generated: 3
2025-11-11 01:01:39 - SupplierGenerator - INFO - Failed: 0
2025-11-11 01:01:39 - SupplierGenerator - INFO - Success Rate: 100.0%
2025-11-11 01:01:39 - SupplierGenerator - INFO - ============================================================
2025-11-11 01:01:39 - SupplierGenerator - INFO - Total suppliers in database: 102
2025-11-11 01:01:39 - SupplierGenerator - INFO - SUPPLIER GENERATOR FINISHED
2025-11-11 01:01:39 - SupplierGenerator - INFO - ============================================================
2025-11-11 01:01:39 - MasterRunner - INFO - ✓ Suppliers completed successfully
2025-11-11 01:01:39 - MasterRunner - INFO - ============================================================
2025-11-11 01:01:39 - MasterRunner - INFO - Running: Staff (03_generate_staff.py)
2025-11-11 01:01:39 - MasterRunner - INFO - ============================================================
2025-11-11 01:01:39 - StaffGenerator - INFO - ============================================================
2025-11-11 01:01:39 - StaffGenerator - INFO - STAFF GENERATOR STARTED
2025-11-11 01:01:39 - StaffGenerator - INFO - Timestamp: 2025-11-11 01:01:39.161698
2025-11-11 01:01:39 - StaffGenerator - INFO - ============================================================
2025-11-11 01:01:39 - StaffGenerator - INFO - Starting staff generation - Batch size: 2
2025-11-11 01:01:39 - StaffGenerator - INFO - ✓ Created staff #67: Joshua O 892715 (Pharmacy Technician)
2025-11-11 01:01:39 - StaffGenerator - INFO - ✓ Created staff #68: Andy M 929686 (Trainee)
2025-11-11 01:01:39 - StaffGenerator - INFO - ============================================================
2025-11-11 01:01:39 - StaffGenerator - INFO - Generation Summary for STAFF
2025-11-11 01:01:39 - StaffGenerator - INFO - Batch Size: 2
2025-11-11 01:01:39 - StaffGenerator - INFO - Successfully Generated: 2
2025-11-11 01:01:39 - StaffGenerator - INFO - Failed: 0
2025-11-11 01:01:39 - StaffGenerator - INFO - Success Rate: 100.0%
2025-11-11 01:01:39 - StaffGenerator - INFO - ============================================================
2025-11-11 01:01:39 - StaffGenerator - INFO - Total staff in database: 68
2025-11-11 01:01:39 - StaffGenerator - INFO - STAFF GENERATOR FINISHED
2025-11-11 01:01:39 - StaffGenerator - INFO - ============================================================
2025-11-11 01:01:39 - MasterRunner - INFO - ✓ Staff completed successfully
2025-11-11 01:01:39 - MasterRunner - INFO - ============================================================
2025-11-11 01:01:39 - MasterRunner - INFO - Running: Machines (04_generate_machines.py)
2025-11-11 01:01:39 - MasterRunner - INFO - ============================================================
2025-11-11 01:01:39 - MachineGenerator - INFO - ============================================================
2025-11-11 01:01:39 - MachineGenerator - INFO - MACHINE GENERATOR STARTED
2025-11-11 01:01:39 - MachineGenerator - INFO - Timestamp: 2025-11-11 01:01:39.196197
2025-11-11 01:01:39 - MachineGenerator - INFO - ============================================================
2025-11-11 01:01:39 - MachineGenerator - INFO - Starting machine generation - Batch size: 1
2025-11-11 01:01:39 - MachineGenerator - WARNING - Could not generate unique machine name after max retries
2025-11-11 01:01:39 - MachineGenerator - INFO - ============================================================
2025-11-11 01:01:39 - MachineGenerator - INFO - Generation Summary for MACHINE
2025-11-11 01:01:39 - MachineGenerator - INFO - Batch Size: 1
2025-11-11 01:01:39 - MachineGenerator - INFO - Successfully Generated: 0
2025-11-11 01:01:39 - MachineGenerator - INFO - Failed: 1
2025-11-11 01:01:39 - MachineGenerator - INFO - Success Rate: 0.0%
2025-11-11 01:01:39 - MachineGenerator - INFO - ============================================================
2025-11-11 01:01:39 - MachineGenerator - INFO - Total machines in database: 15
2025-11-11 01:01:39 - MachineGenerator - INFO - MACHINE GENERATOR FINISHED
2025-11-11 01:01:39 - MachineGenerator - INFO - ============================================================
2025-11-11 01:01:39 - MasterRunner - ERROR - Script failed with exit code 1
2025-11-11 01:01:39 - MasterRunner - ERROR - Error output: 2025-11-11 01:01:39 - MachineGenerator - INFO - ============================================================
2025-11-11 01:01:39 - MachineGenerator - INFO - MACHINE GENERATOR STARTED
2025-11-11 01:01:39 - MachineGenerator - INFO - Timestamp: 2025-11-11 01:01:39.196197
2025-11-11 01:01:39 - MachineGenerator - INFO - ============================================================
2025-11-11 01:01:39 - MachineGenerator - INFO - Starting machine generation - Batch size: 1
2025-11-11 01:01:39 - MachineGenerator - WARNING - Could not generate unique machine name after max retries
2025-11-11 01:01:39 - MachineGenerator - INFO - ============================================================
2025-11-11 01:01:39 - MachineGenerator - INFO - Generation Summary for MACHINE
2025-11-11 01:01:39 - MachineGenerator - INFO - Batch Size: 1
2025-11-11 01:01:39 - MachineGenerator - INFO - Successfully Generated: 0
2025-11-11 01:01:39 - MachineGenerator - INFO - Failed: 1
2025-11-11 01:01:39 - MachineGenerator - INFO - Success Rate: 0.0%
2025-11-11 01:01:39 - MachineGenerator - INFO - ============================================================
2025-11-11 01:01:39 - MachineGenerator - INFO - Total machines in database: 15
2025-11-11 01:01:39 - MachineGenerator - INFO - MACHINE GENERATOR FINISHED
2025-11-11 01:01:39 - MachineGenerator - INFO - ============================================================

2025-11-11 01:01:39 - MasterRunner - WARNING - Script Machines failed. Continuing to next script...
2025-11-11 01:01:39 - MasterRunner - INFO - ============================================================
2025-11-11 01:01:39 - MasterRunner - INFO - Running: Payment Methods (05_generate_payment_methods.py)
2025-11-11 01:01:39 - MasterRunner - INFO - ============================================================
2025-11-11 01:01:39 - PaymentMethodGenerator - INFO - ============================================================
2025-11-11 01:01:39 - PaymentMethodGenerator - INFO - PAYMENT METHOD GENERATOR STARTED
2025-11-11 01:01:39 - PaymentMethodGenerator - INFO - Timestamp: 2025-11-11 01:01:39.239772
2025-11-11 01:01:39 - PaymentMethodGenerator - INFO - ============================================================
2025-11-11 01:01:39 - PaymentMethodGenerator - INFO - Starting payment method generation - Batch size: 1
2025-11-11 01:01:39 - PaymentMethodGenerator - WARNING - Could not generate unique payment method name after max retries
2025-11-11 01:01:39 - PaymentMethodGenerator - INFO - ============================================================
2025-11-11 01:01:39 - PaymentMethodGenerator - INFO - Generation Summary for PAYMENT_METHOD
2025-11-11 01:01:39 - PaymentMethodGenerator - INFO - Batch Size: 1
2025-11-11 01:01:39 - PaymentMethodGenerator - INFO - Successfully Generated: 0
2025-11-11 01:01:39 - PaymentMethodGenerator - INFO - Failed: 1
2025-11-11 01:01:39 - PaymentMethodGenerator - INFO - Success Rate: 0.0%
2025-11-11 01:01:39 - PaymentMethodGenerator - INFO - ============================================================
2025-11-11 01:01:39 - PaymentMethodGenerator - INFO - Total payment methods in database: 18
2025-11-11 01:01:39 - PaymentMethodGenerator - INFO - PAYMENT METHOD GENERATOR FINISHED
2025-11-11 01:01:39 - PaymentMethodGenerator - INFO - ============================================================
2025-11-11 01:01:39 - MasterRunner - ERROR - Script failed with exit code 1
2025-11-11 01:01:39 - MasterRunner - ERROR - Error output: 2025-11-11 01:01:39 - PaymentMethodGenerator - INFO - ============================================================
2025-11-11 01:01:39 - PaymentMethodGenerator - INFO - PAYMENT METHOD GENERATOR STARTED
2025-11-11 01:01:39 - PaymentMethodGenerator - INFO - Timestamp: 2025-11-11 01:01:39.239772
2025-11-11 01:01:39 - PaymentMethodGenerator - INFO - ============================================================
2025-11-11 01:01:39 - PaymentMethodGenerator - INFO - Starting payment method generation - Batch size: 1
2025-11-11 01:01:39 - PaymentMethodGenerator - WARNING - Could not generate unique payment method name after max retries
2025-11-11 01:01:39 - PaymentMethodGenerator - INFO - ============================================================
2025-11-11 01:01:39 - PaymentMethodGenerator - INFO - Generation Summary for PAYMENT_METHOD
2025-11-11 01:01:39 - PaymentMethodGenerator - INFO - Batch Size: 1
2025-11-11 01:01:39 - PaymentMethodGenerator - INFO - Successfully Generated: 0
2025-11-11 01:01:39 - PaymentMethodGenerator - INFO - Failed: 1
2025-11-11 01:01:39 - PaymentMethodGenerator - INFO - Success Rate: 0.0%
2025-11-11 01:01:39 - PaymentMethodGenerator - INFO - ============================================================
2025-11-11 01:01:39 - PaymentMethodGenerator - INFO - Total payment methods in database: 18
2025-11-11 01:01:39 - PaymentMethodGenerator - INFO - PAYMENT METHOD GENERATOR FINISHED
2025-11-11 01:01:39 - PaymentMethodGenerator - INFO - ============================================================

2025-11-11 01:01:39 - MasterRunner - WARNING - Script Payment Methods failed. Continuing to next script...
2025-11-11 01:01:39 - MasterRunner - INFO - ============================================================
2025-11-11 01:01:39 - MasterRunner - INFO - Running: Transaction Types (06_generate_transaction_types.py)
2025-11-11 01:01:39 - MasterRunner - INFO - ============================================================
2025-11-11 01:01:39 - TransactionTypeGenerator - INFO - ============================================================
2025-11-11 01:01:39 - TransactionTypeGenerator - INFO - TRANSACTION TYPE GENERATOR STARTED
2025-11-11 01:01:39 - TransactionTypeGenerator - INFO - Timestamp: 2025-11-11 01:01:39.283223
2025-11-11 01:01:39 - TransactionTypeGenerator - INFO - ============================================================
2025-11-11 01:01:39 - TransactionTypeGenerator - INFO - Starting transaction type generation - Batch size: 1
2025-11-11 01:01:39 - TransactionTypeGenerator - WARNING - Could not generate unique transaction type name after max retries
2025-11-11 01:01:39 - TransactionTypeGenerator - INFO - ============================================================
2025-11-11 01:01:39 - TransactionTypeGenerator - INFO - Generation Summary for TRANSACTION_TYPE
2025-11-11 01:01:39 - TransactionTypeGenerator - INFO - Batch Size: 1
2025-11-11 01:01:39 - TransactionTypeGenerator - INFO - Successfully Generated: 0
2025-11-11 01:01:39 - TransactionTypeGenerator - INFO - Failed: 1
2025-11-11 01:01:39 - TransactionTypeGenerator - INFO - Success Rate: 0.0%
2025-11-11 01:01:39 - TransactionTypeGenerator - INFO - ============================================================
2025-11-11 01:01:39 - TransactionTypeGenerator - INFO - Total transaction types in database: 12
2025-11-11 01:01:39 - TransactionTypeGenerator - INFO - TRANSACTION TYPE GENERATOR FINISHED
2025-11-11 01:01:39 - TransactionTypeGenerator - INFO - ============================================================
2025-11-11 01:01:39 - MasterRunner - ERROR - Script failed with exit code 1
2025-11-11 01:01:39 - MasterRunner - ERROR - Error output: 2025-11-11 01:01:39 - TransactionTypeGenerator - INFO - ============================================================
2025-11-11 01:01:39 - TransactionTypeGenerator - INFO - TRANSACTION TYPE GENERATOR STARTED
2025-11-11 01:01:39 - TransactionTypeGenerator - INFO - Timestamp: 2025-11-11 01:01:39.283223
2025-11-11 01:01:39 - TransactionTypeGenerator - INFO - ============================================================
2025-11-11 01:01:39 - TransactionTypeGenerator - INFO - Starting transaction type generation - Batch size: 1
2025-11-11 01:01:39 - TransactionTypeGenerator - WARNING - Could not generate unique transaction type name after max retries
2025-11-11 01:01:39 - TransactionTypeGenerator - INFO - ============================================================
2025-11-11 01:01:39 - TransactionTypeGenerator - INFO - Generation Summary for TRANSACTION_TYPE
2025-11-11 01:01:39 - TransactionTypeGenerator - INFO - Batch Size: 1
2025-11-11 01:01:39 - TransactionTypeGenerator - INFO - Successfully Generated: 0
2025-11-11 01:01:39 - TransactionTypeGenerator - INFO - Failed: 1
2025-11-11 01:01:39 - TransactionTypeGenerator - INFO - Success Rate: 0.0%
2025-11-11 01:01:39 - TransactionTypeGenerator - INFO - ============================================================
2025-11-11 01:01:39 - TransactionTypeGenerator - INFO - Total transaction types in database: 12
2025-11-11 01:01:39 - TransactionTypeGenerator - INFO - TRANSACTION TYPE GENERATOR FINISHED
2025-11-11 01:01:39 - TransactionTypeGenerator - INFO - ============================================================

2025-11-11 01:01:39 - MasterRunner - WARNING - Script Transaction Types failed. Continuing to next script...
2025-11-11 01:01:39 - MasterRunner - INFO - ============================================================
2025-11-11 01:01:39 - MasterRunner - INFO - Running: Product Groups (07_generate_product_groups.py)
2025-11-11 01:01:39 - MasterRunner - INFO - ============================================================
2025-11-11 01:01:39 - ProductGroupGenerator - INFO - ============================================================
2025-11-11 01:01:39 - ProductGroupGenerator - INFO - PRODUCT GROUP GENERATOR STARTED
2025-11-11 01:01:39 - ProductGroupGenerator - INFO - Timestamp: 2025-11-11 01:01:39.321871
2025-11-11 01:01:39 - ProductGroupGenerator - INFO - ============================================================
2025-11-11 01:01:39 - ProductGroupGenerator - INFO - Starting product group generation - Batch size: 3
2025-11-11 01:01:39 - ProductGroupGenerator - INFO - ✓ Created product group #100: Bandages & Dressings (Category: 16)
2025-11-11 01:01:39 - ProductGroupGenerator - INFO - ✓ Created product group #101: Premium Vaporisers & Oils (Category: 39)
2025-11-11 01:01:39 - ProductGroupGenerator - INFO - ✓ Created product group #102: Budget L'Oreal Cosmetics (Category: 19)
2025-11-11 01:01:39 - ProductGroupGenerator - INFO - ============================================================
2025-11-11 01:01:39 - ProductGroupGenerator - INFO - Generation Summary for PRODUCT_GROUP
2025-11-11 01:01:39 - ProductGroupGenerator - INFO - Batch Size: 3
2025-11-11 01:01:39 - ProductGroupGenerator - INFO - Successfully Generated: 3
2025-11-11 01:01:39 - ProductGroupGenerator - INFO - Failed: 0
2025-11-11 01:01:39 - ProductGroupGenerator - INFO - Success Rate: 100.0%
2025-11-11 01:01:39 - ProductGroupGenerator - INFO - ============================================================
2025-11-11 01:01:39 - ProductGroupGenerator - INFO - Total product groups in database: 102
2025-11-11 01:01:39 - ProductGroupGenerator - INFO - PRODUCT GROUP GENERATOR FINISHED
2025-11-11 01:01:39 - ProductGroupGenerator - INFO - ============================================================
2025-11-11 01:01:39 - MasterRunner - INFO - ✓ Product Groups completed successfully
2025-11-11 01:01:39 - MasterRunner - INFO - ============================================================
2025-11-11 01:01:39 - MasterRunner - INFO - Running: Products (08_generate_products.py)
2025-11-11 01:01:39 - MasterRunner - INFO - ============================================================
2025-11-11 01:01:39 - ProductGenerator - INFO - ============================================================
2025-11-11 01:01:39 - ProductGenerator - INFO - PRODUCT GENERATOR STARTED
2025-11-11 01:01:39 - ProductGenerator - INFO - Timestamp: 2025-11-11 01:01:39.362171
2025-11-11 01:01:39 - ProductGenerator - INFO - ============================================================
2025-11-11 01:01:39 - ProductGenerator - INFO - Starting product generation - Batch size: 10
2025-11-11 01:01:39 - ProductGenerator - INFO - ✓ Created product PLU 393740: Nurofen Total Lotion 24 Tablets... (SOH: 61, Cost: $31.79)
2025-11-11 01:01:39 - ProductGenerator - INFO - ✓ Created product PLU 62367: Powder 30 Tablets... (SOH: 8, Cost: $7.28)
2025-11-11 01:01:39 - ProductGenerator - INFO - ✓ Created product PLU 8259: Liquid 125ml... (SOH: 65, Cost: $10.79)
2025-11-11 01:01:39 - ProductGenerator - INFO - ✓ Created product PLU 7211: Tablets 125ml... (SOH: 19, Cost: $5.96)
2025-11-11 01:01:39 - ProductGenerator - INFO - ✓ Created product PLU 960: Nivea Treatment 50g... (SOH: 51, Cost: $1.89)
2025-11-11 01:01:39 - ProductGenerator - INFO - ✓ Created product PLU 584935: QV Intensive Treatment 100ml... (SOH: 32, Cost: $3.25)
2025-11-11 01:01:39 - ProductGenerator - INFO - ✓ Created product PLU 12590: Formula 200ml... (SOH: 42, Cost: $18.32)
2025-11-11 01:01:39 - ProductGenerator - INFO - ✓ Created product PLU 5796: Libra Serum Oil 250g... (SOH: 14, Cost: $2.05)
2025-11-11 01:01:39 - ProductGenerator - INFO - ✓ Created product PLU 67543: Panadol Formula 50g... (SOH: 16, Cost: $9.85)
2025-11-11 01:01:39 - ProductGenerator - INFO - ✓ Created product PLU 3453: Protection 15g... (SOH: 22, Cost: $4.52)
2025-11-11 01:01:39 - ProductGenerator - INFO - ============================================================
2025-11-11 01:01:39 - ProductGenerator - INFO - Generation Summary for PRODUCT
2025-11-11 01:01:39 - ProductGenerator - INFO - Batch Size: 10
2025-11-11 01:01:39 - ProductGenerator - INFO - Successfully Generated: 10
2025-11-11 01:01:39 - ProductGenerator - INFO - Failed: 0
2025-11-11 01:01:39 - ProductGenerator - INFO - Success Rate: 100.0%
2025-11-11 01:01:39 - ProductGenerator - INFO - ============================================================
2025-11-11 01:01:39 - ProductGenerator - INFO - Total products in database: 340
2025-11-11 01:01:39 - ProductGenerator - INFO - PRODUCT GENERATOR FINISHED
2025-11-11 01:01:39 - ProductGenerator - INFO - ============================================================
2025-11-11 01:01:39 - MasterRunner - INFO - ✓ Products completed successfully
2025-11-11 01:01:39 - MasterRunner - INFO - ============================================================
2025-11-11 01:01:39 - MasterRunner - INFO - Running: Transaction Headers (09_generate_transaction_headers.py)
2025-11-11 01:01:39 - MasterRunner - INFO - ============================================================
2025-11-11 01:01:39 - TransactionHeaderGenerator - INFO - ============================================================
2025-11-11 01:01:39 - TransactionHeaderGenerator - INFO - TRANSACTION HEADER GENERATOR STARTED
2025-11-11 01:01:39 - TransactionHeaderGenerator - INFO - Timestamp: 2025-11-11 01:01:39.419386
2025-11-11 01:01:39 - TransactionHeaderGenerator - INFO - ============================================================
2025-11-11 01:01:39 - TransactionHeaderGenerator - INFO - Starting transaction header generation - Batch size: 20
2025-11-11 01:01:39 - TransactionHeaderGenerator - INFO - ✓ Created transaction #661: 2025-09-02 08:11:31 on Machine #4
2025-11-11 01:01:39 - TransactionHeaderGenerator - INFO - ✓ Created transaction #662: 2025-08-26 08:53:20 on Machine #2 [Staff Purchase]
2025-11-11 01:01:39 - TransactionHeaderGenerator - INFO - ✓ Created transaction #663: 2025-09-21 08:46:49 on Machine #11
2025-11-11 01:01:39 - TransactionHeaderGenerator - INFO - ✓ Created transaction #664: 2025-08-21 21:14:54 on Machine #12
2025-11-11 01:01:39 - TransactionHeaderGenerator - INFO - ✓ Created transaction #665: 2025-08-16 14:19:52 on Machine #11 [Staff Purchase]
2025-11-11 01:01:39 - TransactionHeaderGenerator - INFO - ✓ Created transaction #666: 2025-10-06 17:43:06 on Machine #8
2025-11-11 01:01:39 - TransactionHeaderGenerator - INFO - ✓ Created transaction #667: 2025-09-30 13:45:19 on Machine #3
2025-11-11 01:01:39 - TransactionHeaderGenerator - INFO - ✓ Created transaction #668: 2025-09-08 10:20:00 on Machine #15
2025-11-11 01:01:39 - TransactionHeaderGenerator - INFO - ✓ Created transaction #669: 2025-09-09 13:01:31 on Machine #9
2025-11-11 01:01:39 - TransactionHeaderGenerator - INFO - ✓ Created transaction #670: 2025-10-10 16:58:24 on Machine #11
2025-11-11 01:01:39 - TransactionHeaderGenerator - INFO - ✓ Created transaction #671: 2025-09-02 13:43:56 on Machine #1
2025-11-11 01:01:39 - TransactionHeaderGenerator - INFO - ✓ Created transaction #672: 2025-11-11 22:17:00 on Machine #9
2025-11-11 01:01:39 - TransactionHeaderGenerator - INFO - ✓ Created transaction #673: 2025-11-10 14:53:11 on Machine #2
2025-11-11 01:01:39 - TransactionHeaderGenerator - INFO - ✓ Created transaction #674: 2025-10-01 17:53:20 on Machine #3 [Staff Purchase]
2025-11-11 01:01:39 - TransactionHeaderGenerator - INFO - ✓ Created transaction #675: 2025-10-22 08:50:43 on Machine #7
2025-11-11 01:01:39 - TransactionHeaderGenerator - INFO - ✓ Created transaction #676: 2025-10-26 08:00:09 on Machine #8
2025-11-11 01:01:39 - TransactionHeaderGenerator - INFO - ✓ Created transaction #677: 2025-09-08 18:10:47 on Machine #5
2025-11-11 01:01:39 - TransactionHeaderGenerator - INFO - ✓ Created transaction #678: 2025-08-24 19:12:48 on Machine #11
2025-11-11 01:01:39 - TransactionHeaderGenerator - INFO - ✓ Created transaction #679: 2025-09-22 13:06:55 on Machine #10
2025-11-11 01:01:39 - TransactionHeaderGenerator - INFO - ✓ Created transaction #680: 2025-09-22 15:01:16 on Machine #15
2025-11-11 01:01:39 - TransactionHeaderGenerator - INFO - ============================================================
2025-11-11 01:01:39 - TransactionHeaderGenerator - INFO - Generation Summary for TRANSACTION_HEADER
2025-11-11 01:01:39 - TransactionHeaderGenerator - INFO - Batch Size: 20
2025-11-11 01:01:39 - TransactionHeaderGenerator - INFO - Successfully Generated: 20
2025-11-11 01:01:39 - TransactionHeaderGenerator - INFO - Failed: 0
2025-11-11 01:01:39 - TransactionHeaderGenerator - INFO - Success Rate: 100.0%
2025-11-11 01:01:39 - TransactionHeaderGenerator - INFO - ============================================================
2025-11-11 01:01:39 - TransactionHeaderGenerator - INFO - Total transaction headers in database: 680
2025-11-11 01:01:39 - TransactionHeaderGenerator - INFO - TRANSACTION HEADER GENERATOR FINISHED
2025-11-11 01:01:39 - TransactionHeaderGenerator - INFO - ============================================================
2025-11-11 01:01:39 - MasterRunner - INFO - ✓ Transaction Headers completed successfully
2025-11-11 01:01:39 - MasterRunner - INFO - ============================================================
2025-11-11 01:01:39 - MasterRunner - INFO - Running: Transaction Lines (10_generate_transaction_lines.py)
2025-11-11 01:01:39 - MasterRunner - INFO - ============================================================
2025-11-11 01:01:39 - TransactionLineGenerator - INFO - ============================================================
2025-11-11 01:01:39 - TransactionLineGenerator - INFO - TRANSACTION LINE GENERATOR STARTED
2025-11-11 01:01:39 - TransactionLineGenerator - INFO - Timestamp: 2025-11-11 01:01:39.535085
2025-11-11 01:01:39 - TransactionLineGenerator - INFO - ============================================================
2025-11-11 01:01:39 - TransactionLineGenerator - INFO - Starting transaction line generation - Batch size: 50
2025-11-11 01:01:39 - TransactionLineGenerator - INFO - ✓ Created line #1651: Transaction #228, PLU 709803, Qty 1, $63.89
2025-11-11 01:01:39 - TransactionLineGenerator - INFO - ✓ Created line #1652: Transaction #263, PLU 6065, Qty 4, $15.80
2025-11-11 01:01:39 - TransactionLineGenerator - INFO - ✓ Created line #1653: Transaction #197, PLU 786595, Qty 1, $37.69
2025-11-11 01:01:39 - TransactionLineGenerator - INFO - ✓ Created line #1654: Transaction #356, PLU 459550, Qty 8, $115.92
2025-11-11 01:01:39 - TransactionLineGenerator - INFO - ✓ Created line #1655: Transaction #415, PLU 685, Qty 7, $111.65
2025-11-11 01:01:39 - TransactionLineGenerator - INFO - ✓ Created line #1656: Transaction #479, PLU 4696, Qty 1, $43.69
2025-11-11 01:01:39 - TransactionLineGenerator - INFO - ✓ Created line #1657: Transaction #649, PLU 31802, Qty 1, $19.79
2025-11-11 01:01:39 - TransactionLineGenerator - INFO - ✓ Created line #1658: Transaction #639, PLU 8777, Qty 7, $34.93
2025-11-11 01:01:39 - TransactionLineGenerator - INFO - ✓ Created line #1659: Transaction #315, PLU 85458, Qty 3, $248.97
2025-11-11 01:01:39 - TransactionLineGenerator - INFO - ✓ Created line #1660: Transaction #57, PLU 2894, Qty 1, $128.99
2025-11-11 01:01:39 - TransactionLineGenerator - INFO - ✓ Created line #1661: Transaction #301, PLU 953926, Qty 1, $16.99
2025-11-11 01:01:39 - TransactionLineGenerator - INFO - ✓ Created line #1662: Transaction #298, PLU 81595, Qty 2, $33.58
2025-11-11 01:01:39 - TransactionLineGenerator - INFO - ✓ Created line #1663: Transaction #272, PLU 6982, Qty 1, $5.95
2025-11-11 01:01:39 - TransactionLineGenerator - INFO - ✓ Created line #1664: Transaction #396, PLU 58037, Qty 1, $12.89
2025-11-11 01:01:39 - TransactionLineGenerator - INFO - ✓ Created line #1665: Transaction #158, PLU 552585, Qty 1, $28.79
2025-11-11 01:01:39 - TransactionLineGenerator - INFO - ✓ Created line #1666: Transaction #399, PLU 32261, Qty 1, $50.95
2025-11-11 01:01:39 - TransactionLineGenerator - INFO - ✓ Created line #1667: Transaction #313, PLU 62268, Qty 4, $47.80
2025-11-11 01:01:39 - TransactionLineGenerator - INFO - ✓ Created line #1668: Transaction #153, PLU 81595, Qty 1, $11.99
2025-11-11 01:01:39 - TransactionLineGenerator - INFO - ✓ Created line #1669: Transaction #46, PLU 7923, Qty 1, $48.95
2025-11-11 01:01:39 - TransactionLineGenerator - INFO - ✓ Created line #1670: Transaction #579, PLU 486475, Qty 3, $284.97
2025-11-11 01:01:39 - TransactionLineGenerator - INFO - ✓ Created line #1671: Transaction #440, PLU 187, Qty 1, $11.89
2025-11-11 01:01:39 - TransactionLineGenerator - INFO - ✓ Created line #1672: Transaction #673, PLU 31068, Qty 1, $47.95
2025-11-11 01:01:39 - TransactionLineGenerator - INFO - ✓ Created line #1673: Transaction #57, PLU 97206, Qty 1, $35.99
2025-11-11 01:01:39 - TransactionLineGenerator - INFO - ✓ Created line #1674: Transaction #572, PLU 91173, Qty 1, $15.89
2025-11-11 01:01:39 - TransactionLineGenerator - INFO - ✓ Created line #1675: Transaction #66, PLU 2229, Qty 1, $25.79
2025-11-11 01:01:39 - TransactionLineGenerator - INFO - ✓ Created line #1676: Transaction #599, PLU 25303, Qty 4, $237.96
2025-11-11 01:01:39 - TransactionLineGenerator - INFO - ✓ Created line #1677: Transaction #258, PLU 759748, Qty 1, $34.79
2025-11-11 01:01:39 - TransactionLineGenerator - INFO - ✓ Created line #1678: Transaction #622, PLU 753255, Qty 1, $63.69
2025-11-11 01:01:39 - TransactionLineGenerator - INFO - ✓ Created line #1679: Transaction #243, PLU 75988, Qty 1, $18.99
2025-11-11 01:01:39 - TransactionLineGenerator - INFO - ✓ Created line #1680: Transaction #471, PLU 102440, Qty 1, $53.69
2025-11-11 01:01:39 - TransactionLineGenerator - INFO - ✓ Created line #1681: Transaction #368, PLU 972, Qty 1, $52.79
2025-11-11 01:01:39 - TransactionLineGenerator - INFO - ✓ Created line #1682: Transaction #232, PLU 5937, Qty 2, $113.38
2025-11-11 01:01:39 - TransactionLineGenerator - INFO - ✓ Created line #1683: Transaction #394, PLU 393740, Qty 1, $46.49
2025-11-11 01:01:39 - TransactionLineGenerator - INFO - ✓ Created line #1684: Transaction #595, PLU 19066, Qty 6, $328.74
2025-11-11 01:01:39 - TransactionLineGenerator - INFO - ✓ Created line #1685: Transaction #516, PLU 76658, Qty 10, $449.90
2025-11-11 01:01:39 - TransactionLineGenerator - INFO - ✓ Created line #1686: Transaction #312, PLU 8681, Qty 1, $43.99
2025-11-11 01:01:39 - TransactionLineGenerator - INFO - ✓ Created line #1687: Transaction #646, PLU 7130, Qty 2, $99.38
2025-11-11 01:01:39 - TransactionLineGenerator - INFO - ✓ Created line #1688: Transaction #437, PLU 445238, Qty 1, $16.69
2025-11-11 01:01:39 - TransactionLineGenerator - INFO - ✓ Created line #1689: Transaction #252, PLU 527924, Qty 1, $33.79
2025-11-11 01:01:39 - TransactionLineGenerator - INFO - ✓ Created line #1690: Transaction #453, PLU 7217, Qty 1, $112.69
2025-11-11 01:01:39 - TransactionLineGenerator - INFO - ✓ Created line #1691: Transaction #268, PLU 23637, Qty 4, $271.80
2025-11-11 01:01:39 - TransactionLineGenerator - INFO - ✓ Created line #1692: Transaction #140, PLU 45616, Qty 9, $1448.55
2025-11-11 01:01:39 - TransactionLineGenerator - INFO - ✓ Created line #1693: Transaction #514, PLU 7130, Qty 1, $62.79
2025-11-11 01:01:39 - TransactionLineGenerator - INFO - ✓ Created line #1694: Transaction #278, PLU 612671, Qty 1, $23.49
2025-11-11 01:01:39 - TransactionLineGenerator - INFO - ✓ Created line #1695: Transaction #568, PLU 7737, Qty 1, $152.89
2025-11-11 01:01:39 - TransactionLineGenerator - INFO - ✓ Created line #1696: Transaction #402, PLU 4140, Qty 1, $26.49
2025-11-11 01:01:39 - TransactionLineGenerator - INFO - ✓ Created line #1697: Transaction #83, PLU 393740, Qty 1, $44.95
2025-11-11 01:01:39 - TransactionLineGenerator - INFO - ✓ Created line #1698: Transaction #274, PLU 8278, Qty 3, $98.67
2025-11-11 01:01:39 - TransactionLineGenerator - INFO - ✓ Created line #1699: Transaction #459, PLU 685, Qty 1, $20.49
2025-11-11 01:01:39 - TransactionLineGenerator - INFO - ✓ Created line #1700: Transaction #460, PLU 15345, Qty 1, $25.32 (15.0% off)
2025-11-11 01:01:39 - TransactionLineGenerator - INFO - ============================================================
2025-11-11 01:01:39 - TransactionLineGenerator - INFO - Generation Summary for TRANSACTION_LINE
2025-11-11 01:01:39 - TransactionLineGenerator - INFO - Batch Size: 50
2025-11-11 01:01:39 - TransactionLineGenerator - INFO - Successfully Generated: 50
2025-11-11 01:01:39 - TransactionLineGenerator - INFO - Failed: 0
2025-11-11 01:01:39 - TransactionLineGenerator - INFO - Success Rate: 100.0%
2025-11-11 01:01:39 - TransactionLineGenerator - INFO - ============================================================
2025-11-11 01:01:39 - TransactionLineGenerator - INFO - Total transaction lines in database: 1700
2025-11-11 01:01:39 - TransactionLineGenerator - INFO - Transactions with line items: 477/680
2025-11-11 01:01:39 - TransactionLineGenerator - INFO - TRANSACTION LINE GENERATOR FINISHED
2025-11-11 01:01:39 - TransactionLineGenerator - INFO - ============================================================
2025-11-11 01:01:39 - MasterRunner - INFO - ✓ Transaction Lines completed successfully
2025-11-11 01:01:39 - MasterRunner - INFO - ============================================================
2025-11-11 01:01:39 - MasterRunner - INFO - MASTER RUNNER SUMMARY
2025-11-11 01:01:39 - MasterRunner - INFO - ============================================================
2025-11-11 01:01:39 - MasterRunner - INFO - Total Scripts: 10
2025-11-11 01:01:39 - MasterRunner - INFO - Successful: 7
2025-11-11 01:01:39 - MasterRunner - INFO - Failed: 3
2025-11-11 01:01:39 - MasterRunner - WARNING - Failed scripts:
2025-11-11 01:01:39 - MasterRunner - WARNING -   - Machines
2025-11-11 01:01:39 - MasterRunner - WARNING -   - Payment Methods
2025-11-11 01:01:39 - MasterRunner - WARNING -   - Transaction Types
2025-11-11 01:01:39 - MasterRunner - INFO - ============================================================
